
*** Running vivado
    with args -log u96v2_sbc_base_proc_sys_reset_4_0.vds -m64 -product Vivado -mode batch -messageDb vivado.pb -notrace -source u96v2_sbc_base_proc_sys_reset_4_0.tcl


****** Vivado v2020.2.2 (64-bit)
  **** SW Build 3118627 on Tue Feb  9 05:13:49 MST 2021
  **** IP Build 3115676 on Tue Feb  9 10:48:11 MST 2021
    ** Copyright 1986-2021 Xilinx, Inc. All Rights Reserved.

Sourcing tcl script '/tools/Xilinx/Vivado/2020.2/scripts/Vivado_init.tcl'
4 Beta devices matching pattern found, 0 enabled.
Set Board Part RepoPath: /home/training/git/avnet/bdf /home/training/Documents/KV260/vivado_humboldt_som_ea2_release_2020.2.2/som_ea_drop
source u96v2_sbc_base_proc_sys_reset_4_0.tcl -notrace
INFO: [IP_Flow 19-234] Refreshing IP repositories
INFO: [IP_Flow 19-1700] Loaded user IP repository '/home/training/Projects/bsp_build_tests/test_tag/u96v2_sbc_base/hdl/ip'.
INFO: [IP_Flow 19-2313] Loaded Vivado IP repository '/tools/Xilinx/Vivado/2020.2/data/ip'.
update_ip_catalog: Time (s): cpu = 00:00:03 ; elapsed = 00:00:05 . Memory (MB): peak = 2329.121 ; gain = 0.000 ; free physical = 6067 ; free virtual = 10981
Command: synth_design -top u96v2_sbc_base_proc_sys_reset_4_0 -part xczu3eg-sbva484-1-i -mode out_of_context
Starting synth_design
Attempting to get a license for feature 'Synthesis' and/or device 'xczu3eg'
INFO: [Common 17-349] Got license for feature 'Synthesis' and/or device 'xczu3eg'
INFO: [Device 21-403] Loading part xczu3eg-sbva484-1-i
INFO: [Synth 8-7079] Multithreading enabled for synth_design using a maximum of 4 processes.
INFO: [Synth 8-7078] Launching helper process for spawning children vivado processes
INFO: [Synth 8-7075] Helper process launched with PID 26050
---------------------------------------------------------------------------------
Starting RTL Elaboration : Time (s): cpu = 00:00:06 ; elapsed = 00:00:09 . Memory (MB): peak = 2578.418 ; gain = 31.902 ; free physical = 2887 ; free virtual = 7810
---------------------------------------------------------------------------------
INFO: [Synth 8-638] synthesizing module 'u96v2_sbc_base_proc_sys_reset_4_0' [/home/training/Projects/bsp_build_tests/test_tag/u96v2_sbc_base/hdl/projects/u96v2_sbc_base_2020_2/u96v2_sbc_base.gen/sources_1/bd/u96v2_sbc_base/ip/u96v2_sbc_base_proc_sys_reset_4_0/synth/u96v2_sbc_base_proc_sys_reset_4_0.vhd:74]
	Parameter C_FAMILY bound to: zynquplus - type: string 
	Parameter C_EXT_RST_WIDTH bound to: 4 - type: integer 
	Parameter C_AUX_RST_WIDTH bound to: 4 - type: integer 
	Parameter C_EXT_RESET_HIGH bound to: 1'b0 
	Parameter C_AUX_RESET_HIGH bound to: 1'b0 
	Parameter C_NUM_BUS_RST bound to: 1 - type: integer 
	Parameter C_NUM_PERP_RST bound to: 1 - type: integer 
	Parameter C_NUM_INTERCONNECT_ARESETN bound to: 1 - type: integer 
	Parameter C_NUM_PERP_ARESETN bound to: 1 - type: integer 
INFO: [Synth 8-3491] module 'proc_sys_reset' declared at '/home/training/Projects/bsp_build_tests/test_tag/u96v2_sbc_base/hdl/projects/u96v2_sbc_base_2020_2/u96v2_sbc_base.gen/sources_1/bd/u96v2_sbc_base/ipshared/8842/hdl/proc_sys_reset_v5_0_vh_rfs.vhd:1264' bound to instance 'U0' of component 'proc_sys_reset' [/home/training/Projects/bsp_build_tests/test_tag/u96v2_sbc_base/hdl/projects/u96v2_sbc_base_2020_2/u96v2_sbc_base.gen/sources_1/bd/u96v2_sbc_base/ip/u96v2_sbc_base_proc_sys_reset_4_0/synth/u96v2_sbc_base_proc_sys_reset_4_0.vhd:129]
INFO: [Synth 8-638] synthesizing module 'proc_sys_reset' [/home/training/Projects/bsp_build_tests/test_tag/u96v2_sbc_base/hdl/projects/u96v2_sbc_base_2020_2/u96v2_sbc_base.gen/sources_1/bd/u96v2_sbc_base/ipshared/8842/hdl/proc_sys_reset_v5_0_vh_rfs.vhd:1323]
	Parameter C_FAMILY bound to: zynquplus - type: string 
	Parameter C_EXT_RST_WIDTH bound to: 4 - type: integer 
	Parameter C_AUX_RST_WIDTH bound to: 4 - type: integer 
	Parameter C_EXT_RESET_HIGH bound to: 1'b0 
	Parameter C_AUX_RESET_HIGH bound to: 1'b0 
	Parameter C_NUM_BUS_RST bound to: 1 - type: integer 
	Parameter C_NUM_PERP_RST bound to: 1 - type: integer 
	Parameter C_NUM_INTERCONNECT_ARESETN bound to: 1 - type: integer 
	Parameter C_NUM_PERP_ARESETN bound to: 1 - type: integer 
	Parameter INIT bound to: 1'b1 
	Parameter IS_C_INVERTED bound to: 1'b0 
	Parameter IS_D_INVERTED bound to: 1'b0 
	Parameter IS_R_INVERTED bound to: 1'b0 
INFO: [Synth 8-113] binding component instance 'FDRE_inst' to cell 'FDRE' [/home/training/Projects/bsp_build_tests/test_tag/u96v2_sbc_base/hdl/projects/u96v2_sbc_base_2020_2/u96v2_sbc_base.gen/sources_1/bd/u96v2_sbc_base/ipshared/8842/hdl/proc_sys_reset_v5_0_vh_rfs.vhd:1392]
	Parameter INIT bound to: 1'b1 
	Parameter IS_C_INVERTED bound to: 1'b0 
	Parameter IS_D_INVERTED bound to: 1'b0 
	Parameter IS_R_INVERTED bound to: 1'b0 
INFO: [Synth 8-113] binding component instance 'FDRE_BSR' to cell 'FDRE' [/home/training/Projects/bsp_build_tests/test_tag/u96v2_sbc_base/hdl/projects/u96v2_sbc_base_2020_2/u96v2_sbc_base.gen/sources_1/bd/u96v2_sbc_base/ipshared/8842/hdl/proc_sys_reset_v5_0_vh_rfs.vhd:1408]
	Parameter INIT bound to: 1'b0 
	Parameter IS_C_INVERTED bound to: 1'b0 
	Parameter IS_D_INVERTED bound to: 1'b0 
	Parameter IS_R_INVERTED bound to: 1'b0 
INFO: [Synth 8-113] binding component instance 'FDRE_BSR_N' to cell 'FDRE' [/home/training/Projects/bsp_build_tests/test_tag/u96v2_sbc_base/hdl/projects/u96v2_sbc_base_2020_2/u96v2_sbc_base.gen/sources_1/bd/u96v2_sbc_base/ipshared/8842/hdl/proc_sys_reset_v5_0_vh_rfs.vhd:1434]
	Parameter INIT bound to: 1'b1 
	Parameter IS_C_INVERTED bound to: 1'b0 
	Parameter IS_D_INVERTED bound to: 1'b0 
	Parameter IS_R_INVERTED bound to: 1'b0 
INFO: [Synth 8-113] binding component instance 'FDRE_PER' to cell 'FDRE' [/home/training/Projects/bsp_build_tests/test_tag/u96v2_sbc_base/hdl/projects/u96v2_sbc_base_2020_2/u96v2_sbc_base.gen/sources_1/bd/u96v2_sbc_base/ipshared/8842/hdl/proc_sys_reset_v5_0_vh_rfs.vhd:1457]
	Parameter INIT bound to: 1'b0 
	Parameter IS_C_INVERTED bound to: 1'b0 
	Parameter IS_D_INVERTED bound to: 1'b0 
	Parameter IS_R_INVERTED bound to: 1'b0 
INFO: [Synth 8-113] binding component instance 'FDRE_PER_N' to cell 'FDRE' [/home/training/Projects/bsp_build_tests/test_tag/u96v2_sbc_base/hdl/projects/u96v2_sbc_base_2020_2/u96v2_sbc_base.gen/sources_1/bd/u96v2_sbc_base/ipshared/8842/hdl/proc_sys_reset_v5_0_vh_rfs.vhd:1481]
INFO: [Synth 8-638] synthesizing module 'lpf' [/home/training/Projects/bsp_build_tests/test_tag/u96v2_sbc_base/hdl/projects/u96v2_sbc_base_2020_2/u96v2_sbc_base.gen/sources_1/bd/u96v2_sbc_base/ipshared/8842/hdl/proc_sys_reset_v5_0_vh_rfs.vhd:816]
	Parameter C_EXT_RST_WIDTH bound to: 4 - type: integer 
	Parameter C_AUX_RST_WIDTH bound to: 4 - type: integer 
	Parameter C_EXT_RESET_HIGH bound to: 1'b0 
	Parameter C_AUX_RESET_HIGH bound to: 1'b0 
INFO: [Synth 8-3491] module 'SRL16' declared at '/tools/Xilinx/Vivado/2020.2/scripts/rt/data/unisim_comp.v:101202' bound to instance 'POR_SRL_I' of component 'SRL16' [/home/training/Projects/bsp_build_tests/test_tag/u96v2_sbc_base/hdl/projects/u96v2_sbc_base_2020_2/u96v2_sbc_base.gen/sources_1/bd/u96v2_sbc_base/ipshared/8842/hdl/proc_sys_reset_v5_0_vh_rfs.vhd:868]
INFO: [Synth 8-6157] synthesizing module 'SRL16' [/tools/Xilinx/Vivado/2020.2/scripts/rt/data/unisim_comp.v:101202]
	Parameter INIT bound to: 16'b0000000000000000 
INFO: [Synth 8-6155] done synthesizing module 'SRL16' (1#1) [/tools/Xilinx/Vivado/2020.2/scripts/rt/data/unisim_comp.v:101202]
INFO: [Synth 8-638] synthesizing module 'cdc_sync' [/home/training/Projects/bsp_build_tests/test_tag/u96v2_sbc_base/hdl/projects/u96v2_sbc_base_2020_2/u96v2_sbc_base.gen/sources_1/bd/u96v2_sbc_base/ipshared/ef1e/hdl/lib_cdc_v1_0_rfs.vhd:106]
	Parameter C_CDC_TYPE bound to: 1 - type: integer 
	Parameter C_RESET_STATE bound to: 0 - type: integer 
	Parameter C_SINGLE_BIT bound to: 1 - type: integer 
	Parameter C_FLOP_INPUT bound to: 0 - type: integer 
	Parameter C_VECTOR_WIDTH bound to: 2 - type: integer 
	Parameter C_MTBF_STAGES bound to: 4 - type: integer 
	Parameter INIT bound to: 1'b0 
INFO: [Synth 8-113] binding component instance 'CROSS_PLEVEL_IN2SCNDRY_IN_cdc_to' to cell 'FDR' [/home/training/Projects/bsp_build_tests/test_tag/u96v2_sbc_base/hdl/projects/u96v2_sbc_base_2020_2/u96v2_sbc_base.gen/sources_1/bd/u96v2_sbc_base/ipshared/ef1e/hdl/lib_cdc_v1_0_rfs.vhd:514]
	Parameter INIT bound to: 1'b0 
INFO: [Synth 8-113] binding component instance 'CROSS_PLEVEL_IN2SCNDRY_s_level_out_d2' to cell 'FDR' [/home/training/Projects/bsp_build_tests/test_tag/u96v2_sbc_base/hdl/projects/u96v2_sbc_base_2020_2/u96v2_sbc_base.gen/sources_1/bd/u96v2_sbc_base/ipshared/ef1e/hdl/lib_cdc_v1_0_rfs.vhd:545]
	Parameter INIT bound to: 1'b0 
INFO: [Synth 8-113] binding component instance 'CROSS_PLEVEL_IN2SCNDRY_s_level_out_d3' to cell 'FDR' [/home/training/Projects/bsp_build_tests/test_tag/u96v2_sbc_base/hdl/projects/u96v2_sbc_base_2020_2/u96v2_sbc_base.gen/sources_1/bd/u96v2_sbc_base/ipshared/ef1e/hdl/lib_cdc_v1_0_rfs.vhd:554]
	Parameter INIT bound to: 1'b0 
INFO: [Synth 8-113] binding component instance 'CROSS_PLEVEL_IN2SCNDRY_s_level_out_d4' to cell 'FDR' [/home/training/Projects/bsp_build_tests/test_tag/u96v2_sbc_base/hdl/projects/u96v2_sbc_base_2020_2/u96v2_sbc_base.gen/sources_1/bd/u96v2_sbc_base/ipshared/ef1e/hdl/lib_cdc_v1_0_rfs.vhd:564]
	Parameter INIT bound to: 1'b0 
INFO: [Synth 8-113] binding component instance 'CROSS_PLEVEL_IN2SCNDRY_s_level_out_d5' to cell 'FDR' [/home/training/Projects/bsp_build_tests/test_tag/u96v2_sbc_base/hdl/projects/u96v2_sbc_base_2020_2/u96v2_sbc_base.gen/sources_1/bd/u96v2_sbc_base/ipshared/ef1e/hdl/lib_cdc_v1_0_rfs.vhd:574]
	Parameter INIT bound to: 1'b0 
INFO: [Synth 8-113] binding component instance 'CROSS_PLEVEL_IN2SCNDRY_s_level_out_d6' to cell 'FDR' [/home/training/Projects/bsp_build_tests/test_tag/u96v2_sbc_base/hdl/projects/u96v2_sbc_base_2020_2/u96v2_sbc_base.gen/sources_1/bd/u96v2_sbc_base/ipshared/ef1e/hdl/lib_cdc_v1_0_rfs.vhd:584]
INFO: [Synth 8-256] done synthesizing module 'cdc_sync' (2#1) [/home/training/Projects/bsp_build_tests/test_tag/u96v2_sbc_base/hdl/projects/u96v2_sbc_base_2020_2/u96v2_sbc_base.gen/sources_1/bd/u96v2_sbc_base/ipshared/ef1e/hdl/lib_cdc_v1_0_rfs.vhd:106]
INFO: [Synth 8-256] done synthesizing module 'lpf' (3#1) [/home/training/Projects/bsp_build_tests/test_tag/u96v2_sbc_base/hdl/projects/u96v2_sbc_base_2020_2/u96v2_sbc_base.gen/sources_1/bd/u96v2_sbc_base/ipshared/8842/hdl/proc_sys_reset_v5_0_vh_rfs.vhd:816]
INFO: [Synth 8-638] synthesizing module 'sequence_psr' [/home/training/Projects/bsp_build_tests/test_tag/u96v2_sbc_base/hdl/projects/u96v2_sbc_base_2020_2/u96v2_sbc_base.gen/sources_1/bd/u96v2_sbc_base/ipshared/8842/hdl/proc_sys_reset_v5_0_vh_rfs.vhd:301]
INFO: [Synth 8-638] synthesizing module 'upcnt_n' [/home/training/Projects/bsp_build_tests/test_tag/u96v2_sbc_base/hdl/projects/u96v2_sbc_base_2020_2/u96v2_sbc_base.gen/sources_1/bd/u96v2_sbc_base/ipshared/8842/hdl/proc_sys_reset_v5_0_vh_rfs.vhd:125]
	Parameter C_SIZE bound to: 6 - type: integer 
INFO: [Synth 8-256] done synthesizing module 'upcnt_n' (4#1) [/home/training/Projects/bsp_build_tests/test_tag/u96v2_sbc_base/hdl/projects/u96v2_sbc_base_2020_2/u96v2_sbc_base.gen/sources_1/bd/u96v2_sbc_base/ipshared/8842/hdl/proc_sys_reset_v5_0_vh_rfs.vhd:125]
INFO: [Synth 8-256] done synthesizing module 'sequence_psr' (5#1) [/home/training/Projects/bsp_build_tests/test_tag/u96v2_sbc_base/hdl/projects/u96v2_sbc_base_2020_2/u96v2_sbc_base.gen/sources_1/bd/u96v2_sbc_base/ipshared/8842/hdl/proc_sys_reset_v5_0_vh_rfs.vhd:301]
INFO: [Synth 8-256] done synthesizing module 'proc_sys_reset' (6#1) [/home/training/Projects/bsp_build_tests/test_tag/u96v2_sbc_base/hdl/projects/u96v2_sbc_base_2020_2/u96v2_sbc_base.gen/sources_1/bd/u96v2_sbc_base/ipshared/8842/hdl/proc_sys_reset_v5_0_vh_rfs.vhd:1323]
INFO: [Synth 8-256] done synthesizing module 'u96v2_sbc_base_proc_sys_reset_4_0' (7#1) [/home/training/Projects/bsp_build_tests/test_tag/u96v2_sbc_base/hdl/projects/u96v2_sbc_base_2020_2/u96v2_sbc_base.gen/sources_1/bd/u96v2_sbc_base/ip/u96v2_sbc_base_proc_sys_reset_4_0/synth/u96v2_sbc_base_proc_sys_reset_4_0.vhd:74]
---------------------------------------------------------------------------------
Finished RTL Elaboration : Time (s): cpu = 00:00:08 ; elapsed = 00:00:11 . Memory (MB): peak = 2622.355 ; gain = 75.840 ; free physical = 3551 ; free virtual = 8475
---------------------------------------------------------------------------------
---------------------------------------------------------------------------------
Start Handling Custom Attributes
---------------------------------------------------------------------------------
---------------------------------------------------------------------------------
Finished Handling Custom Attributes : Time (s): cpu = 00:00:09 ; elapsed = 00:00:12 . Memory (MB): peak = 2640.168 ; gain = 93.652 ; free physical = 3504 ; free virtual = 8428
---------------------------------------------------------------------------------
---------------------------------------------------------------------------------
Finished RTL Optimization Phase 1 : Time (s): cpu = 00:00:09 ; elapsed = 00:00:12 . Memory (MB): peak = 2640.168 ; gain = 93.652 ; free physical = 3504 ; free virtual = 8428
---------------------------------------------------------------------------------
Netlist sorting complete. Time (s): cpu = 00:00:00 ; elapsed = 00:00:00 . Memory (MB): peak = 2650.074 ; gain = 0.000 ; free physical = 3471 ; free virtual = 8395
INFO: [Netlist 29-17] Analyzing 13 Unisim elements for replacement
INFO: [Netlist 29-28] Unisim Transformation completed in 0 CPU seconds
INFO: [Project 1-570] Preparing netlist for logic optimization

Processing XDC Constraints
Initializing timing engine
Parsing XDC File [/home/training/Projects/bsp_build_tests/test_tag/u96v2_sbc_base/hdl/projects/u96v2_sbc_base_2020_2/u96v2_sbc_base.gen/sources_1/bd/u96v2_sbc_base/ip/u96v2_sbc_base_proc_sys_reset_4_0/u96v2_sbc_base_proc_sys_reset_4_0_ooc.xdc] for cell 'U0'
create_clock: Time (s): cpu = 00:00:08 ; elapsed = 00:00:08 . Memory (MB): peak = 2792.910 ; gain = 0.000 ; free physical = 3137 ; free virtual = 8066
Finished Parsing XDC File [/home/training/Projects/bsp_build_tests/test_tag/u96v2_sbc_base/hdl/projects/u96v2_sbc_base_2020_2/u96v2_sbc_base.gen/sources_1/bd/u96v2_sbc_base/ip/u96v2_sbc_base_proc_sys_reset_4_0/u96v2_sbc_base_proc_sys_reset_4_0_ooc.xdc] for cell 'U0'
Parsing XDC File [/home/training/Projects/bsp_build_tests/test_tag/u96v2_sbc_base/hdl/projects/u96v2_sbc_base_2020_2/u96v2_sbc_base.gen/sources_1/bd/u96v2_sbc_base/ip/u96v2_sbc_base_proc_sys_reset_4_0/u96v2_sbc_base_proc_sys_reset_4_0_board.xdc] for cell 'U0'
Finished Parsing XDC File [/home/training/Projects/bsp_build_tests/test_tag/u96v2_sbc_base/hdl/projects/u96v2_sbc_base_2020_2/u96v2_sbc_base.gen/sources_1/bd/u96v2_sbc_base/ip/u96v2_sbc_base_proc_sys_reset_4_0/u96v2_sbc_base_proc_sys_reset_4_0_board.xdc] for cell 'U0'
Parsing XDC File [/home/training/Projects/bsp_build_tests/test_tag/u96v2_sbc_base/hdl/projects/u96v2_sbc_base_2020_2/u96v2_sbc_base.gen/sources_1/bd/u96v2_sbc_base/ip/u96v2_sbc_base_proc_sys_reset_4_0/u96v2_sbc_base_proc_sys_reset_4_0.xdc] for cell 'U0'
Finished Parsing XDC File [/home/training/Projects/bsp_build_tests/test_tag/u96v2_sbc_base/hdl/projects/u96v2_sbc_base_2020_2/u96v2_sbc_base.gen/sources_1/bd/u96v2_sbc_base/ip/u96v2_sbc_base_proc_sys_reset_4_0/u96v2_sbc_base_proc_sys_reset_4_0.xdc] for cell 'U0'
Parsing XDC File [/home/training/Projects/bsp_build_tests/test_tag/u96v2_sbc_base/hdl/projects/u96v2_sbc_base_2020_2/u96v2_sbc_base.runs/u96v2_sbc_base_proc_sys_reset_4_0_synth_1/dont_touch.xdc]
Finished Parsing XDC File [/home/training/Projects/bsp_build_tests/test_tag/u96v2_sbc_base/hdl/projects/u96v2_sbc_base_2020_2/u96v2_sbc_base.runs/u96v2_sbc_base_proc_sys_reset_4_0_synth_1/dont_touch.xdc]
Completed Processing XDC Constraints

Netlist sorting complete. Time (s): cpu = 00:00:00 ; elapsed = 00:00:00 . Memory (MB): peak = 2792.910 ; gain = 0.000 ; free physical = 3136 ; free virtual = 8065
INFO: [Project 1-111] Unisim Transformation Summary:
  A total of 13 instances were transformed.
  FDR => FDRE: 12 instances
  SRL16 => SRL16E: 1 instance 

Constraint Validation Runtime : Time (s): cpu = 00:00:00.01 ; elapsed = 00:00:00.03 . Memory (MB): peak = 2792.910 ; gain = 0.000 ; free physical = 3136 ; free virtual = 8064
---------------------------------------------------------------------------------
Finished Constraint Validation : Time (s): cpu = 00:00:27 ; elapsed = 00:00:33 . Memory (MB): peak = 2792.910 ; gain = 246.395 ; free physical = 3207 ; free virtual = 8134
---------------------------------------------------------------------------------
---------------------------------------------------------------------------------
Start Loading Part and Timing Information
---------------------------------------------------------------------------------
Loading part: xczu3eg-sbva484-1-i
INFO: [Synth 8-6742] Reading net delay rules and data
---------------------------------------------------------------------------------
Finished Loading Part and Timing Information : Time (s): cpu = 00:00:27 ; elapsed = 00:00:33 . Memory (MB): peak = 2792.910 ; gain = 246.395 ; free physical = 3207 ; free virtual = 8134
---------------------------------------------------------------------------------
---------------------------------------------------------------------------------
Start Applying 'set_property' XDC Constraints
---------------------------------------------------------------------------------
Applied set_property KEEP_HIERARCHY = SOFT for U0. (constraint file  /home/training/Projects/bsp_build_tests/test_tag/u96v2_sbc_base/hdl/projects/u96v2_sbc_base_2020_2/u96v2_sbc_base.runs/u96v2_sbc_base_proc_sys_reset_4_0_synth_1/dont_touch.xdc, line 9).
---------------------------------------------------------------------------------
Finished applying 'set_property' XDC Constraints : Time (s): cpu = 00:00:27 ; elapsed = 00:00:33 . Memory (MB): peak = 2792.910 ; gain = 246.395 ; free physical = 3205 ; free virtual = 8132
---------------------------------------------------------------------------------
---------------------------------------------------------------------------------
Finished RTL Optimization Phase 2 : Time (s): cpu = 00:00:27 ; elapsed = 00:00:33 . Memory (MB): peak = 2792.910 ; gain = 246.395 ; free physical = 3191 ; free virtual = 8118
---------------------------------------------------------------------------------
---------------------------------------------------------------------------------
Start RTL Component Statistics 
---------------------------------------------------------------------------------
Detailed RTL Component Info : 
+---Adders : 
	   2 Input    6 Bit       Adders := 1     
+---Registers : 
	                6 Bit    Registers := 1     
	                3 Bit    Registers := 3     
	                1 Bit    Registers := 8     
+---Muxes : 
	   2 Input    6 Bit        Muxes := 1     
	   2 Input    1 Bit        Muxes := 1     
---------------------------------------------------------------------------------
Finished RTL Component Statistics 
---------------------------------------------------------------------------------
---------------------------------------------------------------------------------
Start Part Resource Summary
---------------------------------------------------------------------------------
Part Resources:
DSPs: 360 (col length:72)
BRAMs: 432 (col length: RAMB18 72 RAMB36 36)
---------------------------------------------------------------------------------
Finished Part Resource Summary
---------------------------------------------------------------------------------
---------------------------------------------------------------------------------
Start Cross Boundary and Area Optimization
---------------------------------------------------------------------------------
---------------------------------------------------------------------------------
Finished Cross Boundary and Area Optimization : Time (s): cpu = 00:00:29 ; elapsed = 00:00:35 . Memory (MB): peak = 2792.910 ; gain = 246.395 ; free physical = 3340 ; free virtual = 8271
---------------------------------------------------------------------------------
---------------------------------------------------------------------------------
Start Applying XDC Timing Constraints
---------------------------------------------------------------------------------
---------------------------------------------------------------------------------
Finished Applying XDC Timing Constraints : Time (s): cpu = 00:00:56 ; elapsed = 00:01:22 . Memory (MB): peak = 3177.918 ; gain = 631.402 ; free physical = 5481 ; free virtual = 10416
---------------------------------------------------------------------------------
---------------------------------------------------------------------------------
Start Timing Optimization
---------------------------------------------------------------------------------
---------------------------------------------------------------------------------
Finished Timing Optimization : Time (s): cpu = 00:00:56 ; elapsed = 00:01:22 . Memory (MB): peak = 3177.918 ; gain = 631.402 ; free physical = 5448 ; free virtual = 10383
---------------------------------------------------------------------------------
---------------------------------------------------------------------------------
Start Technology Mapping
---------------------------------------------------------------------------------
---------------------------------------------------------------------------------
Finished Technology Mapping : Time (s): cpu = 00:00:56 ; elapsed = 00:01:22 . Memory (MB): peak = 3205.965 ; gain = 659.449 ; free physical = 5394 ; free virtual = 10329
---------------------------------------------------------------------------------
---------------------------------------------------------------------------------
Start IO Insertion
---------------------------------------------------------------------------------
---------------------------------------------------------------------------------
Start Flattening Before IO Insertion
---------------------------------------------------------------------------------
---------------------------------------------------------------------------------
Finished Flattening Before IO Insertion
---------------------------------------------------------------------------------
---------------------------------------------------------------------------------
Start Final Netlist Cleanup
---------------------------------------------------------------------------------
---------------------------------------------------------------------------------
Finished Final Netlist Cleanup
---------------------------------------------------------------------------------
---------------------------------------------------------------------------------
Finished IO Insertion : Time (s): cpu = 00:01:01 ; elapsed = 00:01:27 . Memory (MB): peak = 3205.965 ; gain = 659.449 ; free physical = 5507 ; free virtual = 10442
---------------------------------------------------------------------------------
---------------------------------------------------------------------------------
Start Renaming Generated Instances
---------------------------------------------------------------------------------
---------------------------------------------------------------------------------
Finished Renaming Generated Instances : Time (s): cpu = 00:01:01 ; elapsed = 00:01:27 . Memory (MB): peak = 3205.965 ; gain = 659.449 ; free physical = 5507 ; free virtual = 10442
---------------------------------------------------------------------------------
---------------------------------------------------------------------------------
Start Rebuilding User Hierarchy
---------------------------------------------------------------------------------
---------------------------------------------------------------------------------
Finished Rebuilding User Hierarchy : Time (s): cpu = 00:01:01 ; elapsed = 00:01:27 . Memory (MB): peak = 3205.965 ; gain = 659.449 ; free physical = 5505 ; free virtual = 10440
---------------------------------------------------------------------------------
---------------------------------------------------------------------------------
Start Renaming Generated Ports
---------------------------------------------------------------------------------
---------------------------------------------------------------------------------
Finished Renaming Generated Ports : Time (s): cpu = 00:01:01 ; elapsed = 00:01:27 . Memory (MB): peak = 3205.965 ; gain = 659.449 ; free physical = 5505 ; free virtual = 10440
---------------------------------------------------------------------------------
---------------------------------------------------------------------------------
Start Handling Custom Attributes
---------------------------------------------------------------------------------
---------------------------------------------------------------------------------
Finished Handling Custom Attributes : Time (s): cpu = 00:01:01 ; elapsed = 00:01:27 . Memory (MB): peak = 3205.965 ; gain = 659.449 ; free physical = 5500 ; free virtual = 10435
---------------------------------------------------------------------------------
---------------------------------------------------------------------------------
Start Renaming Generated Nets
---------------------------------------------------------------------------------
---------------------------------------------------------------------------------
Finished Renaming Generated Nets : Time (s): cpu = 00:01:01 ; elapsed = 00:01:27 . Memory (MB): peak = 3205.965 ; gain = 659.449 ; free physical = 5500 ; free virtual = 10435
---------------------------------------------------------------------------------
---------------------------------------------------------------------------------
Start Writing Synthesis Report
---------------------------------------------------------------------------------

Report BlackBoxes: 
+-+--------------+----------+
| |BlackBox name |Instances |
+-+--------------+----------+
+-+--------------+----------+

Report Cell Usage: 
+------+------+------+
|      |Cell  |Count |
+------+------+------+
|1     |LUT1  |     5|
|2     |LUT2  |     9|
|3     |LUT3  |     1|
|4     |LUT4  |     6|
|5     |LUT5  |     3|
|6     |LUT6  |     1|
|7     |SRL16 |     1|
|8     |FDR   |     8|
|9     |FDRE  |    28|
|10    |FDSE  |     4|
+------+------+------+
---------------------------------------------------------------------------------
Finished Writing Synthesis Report : Time (s): cpu = 00:01:01 ; elapsed = 00:01:27 . Memory (MB): peak = 3205.965 ; gain = 659.449 ; free physical = 5500 ; free virtual = 10435
---------------------------------------------------------------------------------
Synthesis finished with 0 errors, 0 critical warnings and 0 warnings.
Synthesis Optimization Runtime : Time (s): cpu = 00:00:49 ; elapsed = 00:01:14 . Memory (MB): peak = 3205.965 ; gain = 506.707 ; free physical = 5516 ; free virtual = 10451
Synthesis Optimization Complete : Time (s): cpu = 00:01:01 ; elapsed = 00:01:28 . Memory (MB): peak = 3205.973 ; gain = 659.449 ; free physical = 5516 ; free virtual = 10451
INFO: [Project 1-571] Translating synthesized netlist
Netlist sorting complete. Time (s): cpu = 00:00:00 ; elapsed = 00:00:00 . Memory (MB): peak = 3205.973 ; gain = 0.000 ; free physical = 5509 ; free virtual = 10444
INFO: [Netlist 29-17] Analyzing 9 Unisim elements for replacement
INFO: [Netlist 29-28] Unisim Transformation completed in 0 CPU seconds
INFO: [Project 1-570] Preparing netlist for logic optimization
INFO: [Opt 31-138] Pushed 0 inverter(s) to 0 load pin(s).
Netlist sorting complete. Time (s): cpu = 00:00:00 ; elapsed = 00:00:00 . Memory (MB): peak = 3244.754 ; gain = 0.000 ; free physical = 5426 ; free virtual = 10361
INFO: [Project 1-111] Unisim Transformation Summary:
  A total of 9 instances were transformed.
  FDR => FDRE: 8 instances
  SRL16 => SRL16E: 1 instance 

INFO: [Common 17-83] Releasing license: Synthesis
47 Infos, 0 Warnings, 0 Critical Warnings and 0 Errors encountered.
synth_design completed successfully
synth_design: Time (s): cpu = 00:01:21 ; elapsed = 00:01:50 . Memory (MB): peak = 3244.754 ; gain = 915.633 ; free physical = 5560 ; free virtual = 10495
INFO: [Common 17-1381] The checkpoint '/home/training/Projects/bsp_build_tests/test_tag/u96v2_sbc_base/hdl/projects/u96v2_sbc_base_2020_2/u96v2_sbc_base.runs/u96v2_sbc_base_proc_sys_reset_4_0_synth_1/u96v2_sbc_base_proc_sys_reset_4_0.dcp' has been generated.
WARNING: [Common 17-576] 'use_project_ipc' is deprecated. This option is deprecated and no longer used.
INFO: [Coretcl 2-1648] Added synthesis output to IP cache for IP u96v2_sbc_base_proc_sys_reset_4_0, cache-ID = abe83c8c66f8f44f
INFO: [Coretcl 2-1174] Renamed 6 cell refs.
INFO: [Common 17-1381] The checkpoint '/home/training/Projects/bsp_build_tests/test_tag/u96v2_sbc_base/hdl/projects/u96v2_sbc_base_2020_2/u96v2_sbc_base.runs/u96v2_sbc_base_proc_sys_reset_4_0_synth_1/u96v2_sbc_base_proc_sys_reset_4_0.dcp' has been generated.
INFO: [runtcl-4] Executing : report_utilization -file u96v2_sbc_base_proc_sys_reset_4_0_utilization_synth.rpt -pb u96v2_sbc_base_proc_sys_reset_4_0_utilization_synth.pb
INFO: [Common 17-206] Exiting Vivado at Tue Apr 27 11:00:21 2021...
