
*** Running vivado
    with args -log u96v2_sbc_base_system_management_wiz_0_0.vds -m64 -product Vivado -mode batch -messageDb vivado.pb -notrace -source u96v2_sbc_base_system_management_wiz_0_0.tcl


****** Vivado v2020.2.2 (64-bit)
  **** SW Build 3118627 on Tue Feb  9 05:13:49 MST 2021
  **** IP Build 3115676 on Tue Feb  9 10:48:11 MST 2021
    ** Copyright 1986-2021 Xilinx, Inc. All Rights Reserved.

Sourcing tcl script '/tools/Xilinx/Vivado/2020.2/scripts/Vivado_init.tcl'
4 Beta devices matching pattern found, 0 enabled.
Set Board Part RepoPath: /home/training/git/avnet/bdf /home/training/Documents/KV260/vivado_humboldt_som_ea2_release_2020.2.2/som_ea_drop
source u96v2_sbc_base_system_management_wiz_0_0.tcl -notrace
INFO: [IP_Flow 19-234] Refreshing IP repositories
INFO: [IP_Flow 19-1700] Loaded user IP repository '/home/training/Projects/bsp_build_tests/test_tag/u96v2_sbc_base/hdl/ip'.
INFO: [IP_Flow 19-2313] Loaded Vivado IP repository '/tools/Xilinx/Vivado/2020.2/data/ip'.
Command: synth_design -top u96v2_sbc_base_system_management_wiz_0_0 -part xczu3eg-sbva484-1-i -mode out_of_context
Starting synth_design
Attempting to get a license for feature 'Synthesis' and/or device 'xczu3eg'
INFO: [Common 17-349] Got license for feature 'Synthesis' and/or device 'xczu3eg'
INFO: [Device 21-403] Loading part xczu3eg-sbva484-1-i
INFO: [Synth 8-7079] Multithreading enabled for synth_design using a maximum of 4 processes.
INFO: [Synth 8-7078] Launching helper process for spawning children vivado processes
INFO: [Synth 8-7075] Helper process launched with PID 23927
---------------------------------------------------------------------------------
Starting RTL Elaboration : Time (s): cpu = 00:00:05 ; elapsed = 00:00:08 . Memory (MB): peak = 2580.355 ; gain = 30.902 ; free physical = 2904 ; free virtual = 7762
---------------------------------------------------------------------------------
INFO: [Synth 8-638] synthesizing module 'u96v2_sbc_base_system_management_wiz_0_0' [/home/training/Projects/bsp_build_tests/test_tag/u96v2_sbc_base/hdl/projects/u96v2_sbc_base_2020_2/u96v2_sbc_base.gen/sources_1/bd/u96v2_sbc_base/ip/u96v2_sbc_base_system_management_wiz_0_0/u96v2_sbc_base_system_management_wiz_0_0.vhd:93]
	Parameter C_INSTANCE bound to: u96v2_sbc_base_system_management_wiz_0_0_axi_xadc - type: string 
	Parameter C_FAMILY bound to: kintexu - type: string 
	Parameter C_S_AXI_ADDR_WIDTH bound to: 13 - type: integer 
	Parameter C_S_AXI_DATA_WIDTH bound to: 32 - type: integer 
	Parameter C_INCLUDE_INTR bound to: 1 - type: integer 
	Parameter C_SIM_MONITOR_FILE bound to: design.txt - type: string 
INFO: [Synth 8-3491] module 'u96v2_sbc_base_system_management_wiz_0_0_axi_xadc' declared at '/home/training/Projects/bsp_build_tests/test_tag/u96v2_sbc_base/hdl/projects/u96v2_sbc_base_2020_2/u96v2_sbc_base.gen/sources_1/bd/u96v2_sbc_base/ip/u96v2_sbc_base_system_management_wiz_0_0/u96v2_sbc_base_system_management_wiz_0_0_axi_xadc.vhd:142' bound to instance 'U0' of component 'u96v2_sbc_base_system_management_wiz_0_0_axi_xadc' [/home/training/Projects/bsp_build_tests/test_tag/u96v2_sbc_base/hdl/projects/u96v2_sbc_base_2020_2/u96v2_sbc_base.gen/sources_1/bd/u96v2_sbc_base/ip/u96v2_sbc_base_system_management_wiz_0_0/u96v2_sbc_base_system_management_wiz_0_0.vhd:166]
INFO: [Synth 8-638] synthesizing module 'u96v2_sbc_base_system_management_wiz_0_0_axi_xadc' [/home/training/Projects/bsp_build_tests/test_tag/u96v2_sbc_base/hdl/projects/u96v2_sbc_base_2020_2/u96v2_sbc_base.gen/sources_1/bd/u96v2_sbc_base/ip/u96v2_sbc_base_system_management_wiz_0_0/u96v2_sbc_base_system_management_wiz_0_0_axi_xadc.vhd:236]
	Parameter C_INSTANCE bound to: u96v2_sbc_base_system_management_wiz_0_0_axi_xadc - type: string 
	Parameter C_FAMILY bound to: kintexu - type: string 
	Parameter C_S_AXI_ADDR_WIDTH bound to: 13 - type: integer 
	Parameter C_S_AXI_DATA_WIDTH bound to: 32 - type: integer 
	Parameter C_INCLUDE_INTR bound to: 1 - type: integer 
	Parameter C_SIM_MONITOR_FILE bound to: design.txt - type: string 
INFO: [Synth 8-638] synthesizing module 'u96v2_sbc_base_system_management_wiz_0_0_axi_lite_ipif' [/home/training/Projects/bsp_build_tests/test_tag/u96v2_sbc_base/hdl/projects/u96v2_sbc_base_2020_2/u96v2_sbc_base.gen/sources_1/bd/u96v2_sbc_base/ip/u96v2_sbc_base_system_management_wiz_0_0/axi_lite_ipif_v1_31_a/hdl/src/vhdl/u96v2_sbc_base_system_management_wiz_0_0_axi_lite_ipif.vhd:241]
	Parameter C_S_AXI_DATA_WIDTH bound to: 32 - type: integer 
	Parameter C_S_AXI_ADDR_WIDTH bound to: 13 - type: integer 
	Parameter C_S_AXI_MIN_SIZE bound to: 32'b00000000000000000000011111111111 
	Parameter C_USE_WSTRB bound to: 1 - type: integer 
	Parameter C_DPHASE_TIMEOUT bound to: 64 - type: integer 
	Parameter C_ARD_ADDR_RANGE_ARRAY bound to: 384'b000000000000000000000000000000000000000000000000000000000000000000000000000000000000000000000000000000000000000000000000000111110000000000000000000000000000000000000000000000000000000001000000000000000000000000000000000000000000000000000000000000000111111100000000000000000000000000000000000000000000000000000100000000000000000000000000000000000000000000000000000000000001111111111111 
	Parameter C_ARD_NUM_CE_ARRAY bound to: 96'b000000000000000000000000000010000000000000000000000000000001000000000000000000000000000000000001 
	Parameter C_FAMILY bound to: kintexu - type: string 
INFO: [Synth 8-638] synthesizing module 'u96v2_sbc_base_system_management_wiz_0_0_slave_attachment' [/home/training/Projects/bsp_build_tests/test_tag/u96v2_sbc_base/hdl/projects/u96v2_sbc_base_2020_2/u96v2_sbc_base.gen/sources_1/bd/u96v2_sbc_base/ip/u96v2_sbc_base_system_management_wiz_0_0/axi_lite_ipif_v1_31_a/hdl/src/vhdl/u96v2_sbc_base_system_management_wiz_0_0_slave_attachment.vhd:227]
	Parameter C_ARD_ADDR_RANGE_ARRAY bound to: 384'b000000000000000000000000000000000000000000000000000000000000000000000000000000000000000000000000000000000000000000000000000111110000000000000000000000000000000000000000000000000000000001000000000000000000000000000000000000000000000000000000000000000111111100000000000000000000000000000000000000000000000000000100000000000000000000000000000000000000000000000000000000000001111111111111 
	Parameter C_ARD_NUM_CE_ARRAY bound to: 96'b000000000000000000000000000010000000000000000000000000000001000000000000000000000000000000000001 
	Parameter C_IPIF_ABUS_WIDTH bound to: 13 - type: integer 
	Parameter C_IPIF_DBUS_WIDTH bound to: 32 - type: integer 
	Parameter C_S_AXI_MIN_SIZE bound to: 2047 - type: integer 
	Parameter C_USE_WSTRB bound to: 1 - type: integer 
	Parameter C_DPHASE_TIMEOUT bound to: 64 - type: integer 
	Parameter C_FAMILY bound to: kintexu - type: string 
INFO: [Synth 8-638] synthesizing module 'u96v2_sbc_base_system_management_wiz_0_0_address_decoder' [/home/training/Projects/bsp_build_tests/test_tag/u96v2_sbc_base/hdl/projects/u96v2_sbc_base_2020_2/u96v2_sbc_base.gen/sources_1/bd/u96v2_sbc_base/ip/u96v2_sbc_base_system_management_wiz_0_0/axi_lite_ipif_v1_31_a/hdl/src/vhdl/u96v2_sbc_base_system_management_wiz_0_0_address_decoder.vhd:176]
	Parameter C_BUS_AWIDTH bound to: 11 - type: integer 
	Parameter C_S_AXI_MIN_SIZE bound to: 2047 - type: integer 
	Parameter C_ARD_ADDR_RANGE_ARRAY bound to: 384'b000000000000000000000000000000000000000000000000000000000000000000000000000000000000000000000000000000000000000000000000000111110000000000000000000000000000000000000000000000000000000001000000000000000000000000000000000000000000000000000000000000000111111100000000000000000000000000000000000000000000000000000100000000000000000000000000000000000000000000000000000000000001111111111111 
	Parameter C_ARD_NUM_CE_ARRAY bound to: 96'b000000000000000000000000000010000000000000000000000000000001000000000000000000000000000000000001 
	Parameter C_FAMILY bound to: nofamily - type: string 
INFO: [Synth 8-638] synthesizing module 'u96v2_sbc_base_system_management_wiz_0_0_pselect_f' [/home/training/Projects/bsp_build_tests/test_tag/u96v2_sbc_base/hdl/projects/u96v2_sbc_base_2020_2/u96v2_sbc_base.gen/sources_1/bd/u96v2_sbc_base/ip/u96v2_sbc_base_system_management_wiz_0_0/proc_common_v3_00_a/hdl/src/vhdl/u96v2_sbc_base_system_management_wiz_0_0_pselect_f.vhd:167]
	Parameter C_AB bound to: 6 - type: integer 
	Parameter C_AW bound to: 11 - type: integer 
	Parameter C_BAR bound to: 11'b00000000000 
	Parameter C_FAMILY bound to: nofamily - type: string 
INFO: [Synth 8-256] done synthesizing module 'u96v2_sbc_base_system_management_wiz_0_0_pselect_f' (1#1) [/home/training/Projects/bsp_build_tests/test_tag/u96v2_sbc_base/hdl/projects/u96v2_sbc_base_2020_2/u96v2_sbc_base.gen/sources_1/bd/u96v2_sbc_base/ip/u96v2_sbc_base_system_management_wiz_0_0/proc_common_v3_00_a/hdl/src/vhdl/u96v2_sbc_base_system_management_wiz_0_0_pselect_f.vhd:167]
INFO: [Synth 8-638] synthesizing module 'u96v2_sbc_base_system_management_wiz_0_0_pselect_f__parameterized0' [/home/training/Projects/bsp_build_tests/test_tag/u96v2_sbc_base/hdl/projects/u96v2_sbc_base_2020_2/u96v2_sbc_base.gen/sources_1/bd/u96v2_sbc_base/ip/u96v2_sbc_base_system_management_wiz_0_0/proc_common_v3_00_a/hdl/src/vhdl/u96v2_sbc_base_system_management_wiz_0_0_pselect_f.vhd:167]
	Parameter C_AB bound to: 3 - type: integer 
	Parameter C_AW bound to: 3 - type: integer 
	Parameter C_BAR bound to: 3'b000 
	Parameter C_FAMILY bound to: nofamily - type: string 
INFO: [Synth 8-256] done synthesizing module 'u96v2_sbc_base_system_management_wiz_0_0_pselect_f__parameterized0' (1#1) [/home/training/Projects/bsp_build_tests/test_tag/u96v2_sbc_base/hdl/projects/u96v2_sbc_base_2020_2/u96v2_sbc_base.gen/sources_1/bd/u96v2_sbc_base/ip/u96v2_sbc_base_system_management_wiz_0_0/proc_common_v3_00_a/hdl/src/vhdl/u96v2_sbc_base_system_management_wiz_0_0_pselect_f.vhd:167]
INFO: [Synth 8-638] synthesizing module 'u96v2_sbc_base_system_management_wiz_0_0_pselect_f__parameterized1' [/home/training/Projects/bsp_build_tests/test_tag/u96v2_sbc_base/hdl/projects/u96v2_sbc_base_2020_2/u96v2_sbc_base.gen/sources_1/bd/u96v2_sbc_base/ip/u96v2_sbc_base_system_management_wiz_0_0/proc_common_v3_00_a/hdl/src/vhdl/u96v2_sbc_base_system_management_wiz_0_0_pselect_f.vhd:167]
	Parameter C_AB bound to: 3 - type: integer 
	Parameter C_AW bound to: 3 - type: integer 
	Parameter C_BAR bound to: 3'b001 
	Parameter C_FAMILY bound to: nofamily - type: string 
INFO: [Synth 8-256] done synthesizing module 'u96v2_sbc_base_system_management_wiz_0_0_pselect_f__parameterized1' (1#1) [/home/training/Projects/bsp_build_tests/test_tag/u96v2_sbc_base/hdl/projects/u96v2_sbc_base_2020_2/u96v2_sbc_base.gen/sources_1/bd/u96v2_sbc_base/ip/u96v2_sbc_base_system_management_wiz_0_0/proc_common_v3_00_a/hdl/src/vhdl/u96v2_sbc_base_system_management_wiz_0_0_pselect_f.vhd:167]
INFO: [Synth 8-638] synthesizing module 'u96v2_sbc_base_system_management_wiz_0_0_pselect_f__parameterized2' [/home/training/Projects/bsp_build_tests/test_tag/u96v2_sbc_base/hdl/projects/u96v2_sbc_base_2020_2/u96v2_sbc_base.gen/sources_1/bd/u96v2_sbc_base/ip/u96v2_sbc_base_system_management_wiz_0_0/proc_common_v3_00_a/hdl/src/vhdl/u96v2_sbc_base_system_management_wiz_0_0_pselect_f.vhd:167]
	Parameter C_AB bound to: 3 - type: integer 
	Parameter C_AW bound to: 3 - type: integer 
	Parameter C_BAR bound to: 3'b010 
	Parameter C_FAMILY bound to: nofamily - type: string 
INFO: [Synth 8-256] done synthesizing module 'u96v2_sbc_base_system_management_wiz_0_0_pselect_f__parameterized2' (1#1) [/home/training/Projects/bsp_build_tests/test_tag/u96v2_sbc_base/hdl/projects/u96v2_sbc_base_2020_2/u96v2_sbc_base.gen/sources_1/bd/u96v2_sbc_base/ip/u96v2_sbc_base_system_management_wiz_0_0/proc_common_v3_00_a/hdl/src/vhdl/u96v2_sbc_base_system_management_wiz_0_0_pselect_f.vhd:167]
INFO: [Synth 8-638] synthesizing module 'u96v2_sbc_base_system_management_wiz_0_0_pselect_f__parameterized3' [/home/training/Projects/bsp_build_tests/test_tag/u96v2_sbc_base/hdl/projects/u96v2_sbc_base_2020_2/u96v2_sbc_base.gen/sources_1/bd/u96v2_sbc_base/ip/u96v2_sbc_base_system_management_wiz_0_0/proc_common_v3_00_a/hdl/src/vhdl/u96v2_sbc_base_system_management_wiz_0_0_pselect_f.vhd:167]
	Parameter C_AB bound to: 3 - type: integer 
	Parameter C_AW bound to: 3 - type: integer 
	Parameter C_BAR bound to: 3'b011 
	Parameter C_FAMILY bound to: nofamily - type: string 
INFO: [Synth 8-256] done synthesizing module 'u96v2_sbc_base_system_management_wiz_0_0_pselect_f__parameterized3' (1#1) [/home/training/Projects/bsp_build_tests/test_tag/u96v2_sbc_base/hdl/projects/u96v2_sbc_base_2020_2/u96v2_sbc_base.gen/sources_1/bd/u96v2_sbc_base/ip/u96v2_sbc_base_system_management_wiz_0_0/proc_common_v3_00_a/hdl/src/vhdl/u96v2_sbc_base_system_management_wiz_0_0_pselect_f.vhd:167]
INFO: [Synth 8-638] synthesizing module 'u96v2_sbc_base_system_management_wiz_0_0_pselect_f__parameterized4' [/home/training/Projects/bsp_build_tests/test_tag/u96v2_sbc_base/hdl/projects/u96v2_sbc_base_2020_2/u96v2_sbc_base.gen/sources_1/bd/u96v2_sbc_base/ip/u96v2_sbc_base_system_management_wiz_0_0/proc_common_v3_00_a/hdl/src/vhdl/u96v2_sbc_base_system_management_wiz_0_0_pselect_f.vhd:167]
	Parameter C_AB bound to: 3 - type: integer 
	Parameter C_AW bound to: 3 - type: integer 
	Parameter C_BAR bound to: 3'b100 
	Parameter C_FAMILY bound to: nofamily - type: string 
INFO: [Synth 8-256] done synthesizing module 'u96v2_sbc_base_system_management_wiz_0_0_pselect_f__parameterized4' (1#1) [/home/training/Projects/bsp_build_tests/test_tag/u96v2_sbc_base/hdl/projects/u96v2_sbc_base_2020_2/u96v2_sbc_base.gen/sources_1/bd/u96v2_sbc_base/ip/u96v2_sbc_base_system_management_wiz_0_0/proc_common_v3_00_a/hdl/src/vhdl/u96v2_sbc_base_system_management_wiz_0_0_pselect_f.vhd:167]
INFO: [Synth 8-638] synthesizing module 'u96v2_sbc_base_system_management_wiz_0_0_pselect_f__parameterized5' [/home/training/Projects/bsp_build_tests/test_tag/u96v2_sbc_base/hdl/projects/u96v2_sbc_base_2020_2/u96v2_sbc_base.gen/sources_1/bd/u96v2_sbc_base/ip/u96v2_sbc_base_system_management_wiz_0_0/proc_common_v3_00_a/hdl/src/vhdl/u96v2_sbc_base_system_management_wiz_0_0_pselect_f.vhd:167]
	Parameter C_AB bound to: 3 - type: integer 
	Parameter C_AW bound to: 3 - type: integer 
	Parameter C_BAR bound to: 3'b101 
	Parameter C_FAMILY bound to: nofamily - type: string 
INFO: [Synth 8-256] done synthesizing module 'u96v2_sbc_base_system_management_wiz_0_0_pselect_f__parameterized5' (1#1) [/home/training/Projects/bsp_build_tests/test_tag/u96v2_sbc_base/hdl/projects/u96v2_sbc_base_2020_2/u96v2_sbc_base.gen/sources_1/bd/u96v2_sbc_base/ip/u96v2_sbc_base_system_management_wiz_0_0/proc_common_v3_00_a/hdl/src/vhdl/u96v2_sbc_base_system_management_wiz_0_0_pselect_f.vhd:167]
INFO: [Synth 8-638] synthesizing module 'u96v2_sbc_base_system_management_wiz_0_0_pselect_f__parameterized6' [/home/training/Projects/bsp_build_tests/test_tag/u96v2_sbc_base/hdl/projects/u96v2_sbc_base_2020_2/u96v2_sbc_base.gen/sources_1/bd/u96v2_sbc_base/ip/u96v2_sbc_base_system_management_wiz_0_0/proc_common_v3_00_a/hdl/src/vhdl/u96v2_sbc_base_system_management_wiz_0_0_pselect_f.vhd:167]
	Parameter C_AB bound to: 3 - type: integer 
	Parameter C_AW bound to: 3 - type: integer 
	Parameter C_BAR bound to: 3'b110 
	Parameter C_FAMILY bound to: nofamily - type: string 
INFO: [Synth 8-256] done synthesizing module 'u96v2_sbc_base_system_management_wiz_0_0_pselect_f__parameterized6' (1#1) [/home/training/Projects/bsp_build_tests/test_tag/u96v2_sbc_base/hdl/projects/u96v2_sbc_base_2020_2/u96v2_sbc_base.gen/sources_1/bd/u96v2_sbc_base/ip/u96v2_sbc_base_system_management_wiz_0_0/proc_common_v3_00_a/hdl/src/vhdl/u96v2_sbc_base_system_management_wiz_0_0_pselect_f.vhd:167]
INFO: [Synth 8-638] synthesizing module 'u96v2_sbc_base_system_management_wiz_0_0_pselect_f__parameterized7' [/home/training/Projects/bsp_build_tests/test_tag/u96v2_sbc_base/hdl/projects/u96v2_sbc_base_2020_2/u96v2_sbc_base.gen/sources_1/bd/u96v2_sbc_base/ip/u96v2_sbc_base_system_management_wiz_0_0/proc_common_v3_00_a/hdl/src/vhdl/u96v2_sbc_base_system_management_wiz_0_0_pselect_f.vhd:167]
	Parameter C_AB bound to: 3 - type: integer 
	Parameter C_AW bound to: 3 - type: integer 
	Parameter C_BAR bound to: 3'b111 
	Parameter C_FAMILY bound to: nofamily - type: string 
INFO: [Synth 8-256] done synthesizing module 'u96v2_sbc_base_system_management_wiz_0_0_pselect_f__parameterized7' (1#1) [/home/training/Projects/bsp_build_tests/test_tag/u96v2_sbc_base/hdl/projects/u96v2_sbc_base_2020_2/u96v2_sbc_base.gen/sources_1/bd/u96v2_sbc_base/ip/u96v2_sbc_base_system_management_wiz_0_0/proc_common_v3_00_a/hdl/src/vhdl/u96v2_sbc_base_system_management_wiz_0_0_pselect_f.vhd:167]
INFO: [Synth 8-638] synthesizing module 'u96v2_sbc_base_system_management_wiz_0_0_pselect_f__parameterized8' [/home/training/Projects/bsp_build_tests/test_tag/u96v2_sbc_base/hdl/projects/u96v2_sbc_base_2020_2/u96v2_sbc_base.gen/sources_1/bd/u96v2_sbc_base/ip/u96v2_sbc_base_system_management_wiz_0_0/proc_common_v3_00_a/hdl/src/vhdl/u96v2_sbc_base_system_management_wiz_0_0_pselect_f.vhd:167]
	Parameter C_AB bound to: 5 - type: integer 
	Parameter C_AW bound to: 11 - type: integer 
	Parameter C_BAR bound to: 11'b00001000000 
	Parameter C_FAMILY bound to: nofamily - type: string 
INFO: [Synth 8-256] done synthesizing module 'u96v2_sbc_base_system_management_wiz_0_0_pselect_f__parameterized8' (1#1) [/home/training/Projects/bsp_build_tests/test_tag/u96v2_sbc_base/hdl/projects/u96v2_sbc_base_2020_2/u96v2_sbc_base.gen/sources_1/bd/u96v2_sbc_base/ip/u96v2_sbc_base_system_management_wiz_0_0/proc_common_v3_00_a/hdl/src/vhdl/u96v2_sbc_base_system_management_wiz_0_0_pselect_f.vhd:167]
INFO: [Synth 8-638] synthesizing module 'u96v2_sbc_base_system_management_wiz_0_0_pselect_f__parameterized9' [/home/training/Projects/bsp_build_tests/test_tag/u96v2_sbc_base/hdl/projects/u96v2_sbc_base_2020_2/u96v2_sbc_base.gen/sources_1/bd/u96v2_sbc_base/ip/u96v2_sbc_base_system_management_wiz_0_0/proc_common_v3_00_a/hdl/src/vhdl/u96v2_sbc_base_system_management_wiz_0_0_pselect_f.vhd:167]
	Parameter C_AB bound to: 4 - type: integer 
	Parameter C_AW bound to: 4 - type: integer 
	Parameter C_BAR bound to: 4'b0000 
	Parameter C_FAMILY bound to: nofamily - type: string 
INFO: [Synth 8-256] done synthesizing module 'u96v2_sbc_base_system_management_wiz_0_0_pselect_f__parameterized9' (1#1) [/home/training/Projects/bsp_build_tests/test_tag/u96v2_sbc_base/hdl/projects/u96v2_sbc_base_2020_2/u96v2_sbc_base.gen/sources_1/bd/u96v2_sbc_base/ip/u96v2_sbc_base_system_management_wiz_0_0/proc_common_v3_00_a/hdl/src/vhdl/u96v2_sbc_base_system_management_wiz_0_0_pselect_f.vhd:167]
INFO: [Synth 8-638] synthesizing module 'u96v2_sbc_base_system_management_wiz_0_0_pselect_f__parameterized10' [/home/training/Projects/bsp_build_tests/test_tag/u96v2_sbc_base/hdl/projects/u96v2_sbc_base_2020_2/u96v2_sbc_base.gen/sources_1/bd/u96v2_sbc_base/ip/u96v2_sbc_base_system_management_wiz_0_0/proc_common_v3_00_a/hdl/src/vhdl/u96v2_sbc_base_system_management_wiz_0_0_pselect_f.vhd:167]
	Parameter C_AB bound to: 4 - type: integer 
	Parameter C_AW bound to: 4 - type: integer 
	Parameter C_BAR bound to: 4'b0001 
	Parameter C_FAMILY bound to: nofamily - type: string 
INFO: [Synth 8-256] done synthesizing module 'u96v2_sbc_base_system_management_wiz_0_0_pselect_f__parameterized10' (1#1) [/home/training/Projects/bsp_build_tests/test_tag/u96v2_sbc_base/hdl/projects/u96v2_sbc_base_2020_2/u96v2_sbc_base.gen/sources_1/bd/u96v2_sbc_base/ip/u96v2_sbc_base_system_management_wiz_0_0/proc_common_v3_00_a/hdl/src/vhdl/u96v2_sbc_base_system_management_wiz_0_0_pselect_f.vhd:167]
INFO: [Synth 8-638] synthesizing module 'u96v2_sbc_base_system_management_wiz_0_0_pselect_f__parameterized11' [/home/training/Projects/bsp_build_tests/test_tag/u96v2_sbc_base/hdl/projects/u96v2_sbc_base_2020_2/u96v2_sbc_base.gen/sources_1/bd/u96v2_sbc_base/ip/u96v2_sbc_base_system_management_wiz_0_0/proc_common_v3_00_a/hdl/src/vhdl/u96v2_sbc_base_system_management_wiz_0_0_pselect_f.vhd:167]
	Parameter C_AB bound to: 4 - type: integer 
	Parameter C_AW bound to: 4 - type: integer 
	Parameter C_BAR bound to: 4'b0010 
	Parameter C_FAMILY bound to: nofamily - type: string 
INFO: [Synth 8-256] done synthesizing module 'u96v2_sbc_base_system_management_wiz_0_0_pselect_f__parameterized11' (1#1) [/home/training/Projects/bsp_build_tests/test_tag/u96v2_sbc_base/hdl/projects/u96v2_sbc_base_2020_2/u96v2_sbc_base.gen/sources_1/bd/u96v2_sbc_base/ip/u96v2_sbc_base_system_management_wiz_0_0/proc_common_v3_00_a/hdl/src/vhdl/u96v2_sbc_base_system_management_wiz_0_0_pselect_f.vhd:167]
INFO: [Synth 8-638] synthesizing module 'u96v2_sbc_base_system_management_wiz_0_0_pselect_f__parameterized12' [/home/training/Projects/bsp_build_tests/test_tag/u96v2_sbc_base/hdl/projects/u96v2_sbc_base_2020_2/u96v2_sbc_base.gen/sources_1/bd/u96v2_sbc_base/ip/u96v2_sbc_base_system_management_wiz_0_0/proc_common_v3_00_a/hdl/src/vhdl/u96v2_sbc_base_system_management_wiz_0_0_pselect_f.vhd:167]
	Parameter C_AB bound to: 4 - type: integer 
	Parameter C_AW bound to: 4 - type: integer 
	Parameter C_BAR bound to: 4'b0011 
	Parameter C_FAMILY bound to: nofamily - type: string 
INFO: [Synth 8-256] done synthesizing module 'u96v2_sbc_base_system_management_wiz_0_0_pselect_f__parameterized12' (1#1) [/home/training/Projects/bsp_build_tests/test_tag/u96v2_sbc_base/hdl/projects/u96v2_sbc_base_2020_2/u96v2_sbc_base.gen/sources_1/bd/u96v2_sbc_base/ip/u96v2_sbc_base_system_management_wiz_0_0/proc_common_v3_00_a/hdl/src/vhdl/u96v2_sbc_base_system_management_wiz_0_0_pselect_f.vhd:167]
INFO: [Synth 8-638] synthesizing module 'u96v2_sbc_base_system_management_wiz_0_0_pselect_f__parameterized13' [/home/training/Projects/bsp_build_tests/test_tag/u96v2_sbc_base/hdl/projects/u96v2_sbc_base_2020_2/u96v2_sbc_base.gen/sources_1/bd/u96v2_sbc_base/ip/u96v2_sbc_base_system_management_wiz_0_0/proc_common_v3_00_a/hdl/src/vhdl/u96v2_sbc_base_system_management_wiz_0_0_pselect_f.vhd:167]
	Parameter C_AB bound to: 4 - type: integer 
	Parameter C_AW bound to: 4 - type: integer 
	Parameter C_BAR bound to: 4'b0100 
	Parameter C_FAMILY bound to: nofamily - type: string 
INFO: [Synth 8-256] done synthesizing module 'u96v2_sbc_base_system_management_wiz_0_0_pselect_f__parameterized13' (1#1) [/home/training/Projects/bsp_build_tests/test_tag/u96v2_sbc_base/hdl/projects/u96v2_sbc_base_2020_2/u96v2_sbc_base.gen/sources_1/bd/u96v2_sbc_base/ip/u96v2_sbc_base_system_management_wiz_0_0/proc_common_v3_00_a/hdl/src/vhdl/u96v2_sbc_base_system_management_wiz_0_0_pselect_f.vhd:167]
INFO: [Synth 8-638] synthesizing module 'u96v2_sbc_base_system_management_wiz_0_0_pselect_f__parameterized14' [/home/training/Projects/bsp_build_tests/test_tag/u96v2_sbc_base/hdl/projects/u96v2_sbc_base_2020_2/u96v2_sbc_base.gen/sources_1/bd/u96v2_sbc_base/ip/u96v2_sbc_base_system_management_wiz_0_0/proc_common_v3_00_a/hdl/src/vhdl/u96v2_sbc_base_system_management_wiz_0_0_pselect_f.vhd:167]
	Parameter C_AB bound to: 4 - type: integer 
	Parameter C_AW bound to: 4 - type: integer 
	Parameter C_BAR bound to: 4'b0101 
	Parameter C_FAMILY bound to: nofamily - type: string 
INFO: [Synth 8-256] done synthesizing module 'u96v2_sbc_base_system_management_wiz_0_0_pselect_f__parameterized14' (1#1) [/home/training/Projects/bsp_build_tests/test_tag/u96v2_sbc_base/hdl/projects/u96v2_sbc_base_2020_2/u96v2_sbc_base.gen/sources_1/bd/u96v2_sbc_base/ip/u96v2_sbc_base_system_management_wiz_0_0/proc_common_v3_00_a/hdl/src/vhdl/u96v2_sbc_base_system_management_wiz_0_0_pselect_f.vhd:167]
INFO: [Synth 8-638] synthesizing module 'u96v2_sbc_base_system_management_wiz_0_0_pselect_f__parameterized15' [/home/training/Projects/bsp_build_tests/test_tag/u96v2_sbc_base/hdl/projects/u96v2_sbc_base_2020_2/u96v2_sbc_base.gen/sources_1/bd/u96v2_sbc_base/ip/u96v2_sbc_base_system_management_wiz_0_0/proc_common_v3_00_a/hdl/src/vhdl/u96v2_sbc_base_system_management_wiz_0_0_pselect_f.vhd:167]
	Parameter C_AB bound to: 4 - type: integer 
	Parameter C_AW bound to: 4 - type: integer 
	Parameter C_BAR bound to: 4'b0110 
	Parameter C_FAMILY bound to: nofamily - type: string 
INFO: [Synth 8-256] done synthesizing module 'u96v2_sbc_base_system_management_wiz_0_0_pselect_f__parameterized15' (1#1) [/home/training/Projects/bsp_build_tests/test_tag/u96v2_sbc_base/hdl/projects/u96v2_sbc_base_2020_2/u96v2_sbc_base.gen/sources_1/bd/u96v2_sbc_base/ip/u96v2_sbc_base_system_management_wiz_0_0/proc_common_v3_00_a/hdl/src/vhdl/u96v2_sbc_base_system_management_wiz_0_0_pselect_f.vhd:167]
INFO: [Synth 8-638] synthesizing module 'u96v2_sbc_base_system_management_wiz_0_0_pselect_f__parameterized16' [/home/training/Projects/bsp_build_tests/test_tag/u96v2_sbc_base/hdl/projects/u96v2_sbc_base_2020_2/u96v2_sbc_base.gen/sources_1/bd/u96v2_sbc_base/ip/u96v2_sbc_base_system_management_wiz_0_0/proc_common_v3_00_a/hdl/src/vhdl/u96v2_sbc_base_system_management_wiz_0_0_pselect_f.vhd:167]
	Parameter C_AB bound to: 4 - type: integer 
	Parameter C_AW bound to: 4 - type: integer 
	Parameter C_BAR bound to: 4'b0111 
	Parameter C_FAMILY bound to: nofamily - type: string 
INFO: [Synth 8-256] done synthesizing module 'u96v2_sbc_base_system_management_wiz_0_0_pselect_f__parameterized16' (1#1) [/home/training/Projects/bsp_build_tests/test_tag/u96v2_sbc_base/hdl/projects/u96v2_sbc_base_2020_2/u96v2_sbc_base.gen/sources_1/bd/u96v2_sbc_base/ip/u96v2_sbc_base_system_management_wiz_0_0/proc_common_v3_00_a/hdl/src/vhdl/u96v2_sbc_base_system_management_wiz_0_0_pselect_f.vhd:167]
INFO: [Synth 8-638] synthesizing module 'u96v2_sbc_base_system_management_wiz_0_0_pselect_f__parameterized17' [/home/training/Projects/bsp_build_tests/test_tag/u96v2_sbc_base/hdl/projects/u96v2_sbc_base_2020_2/u96v2_sbc_base.gen/sources_1/bd/u96v2_sbc_base/ip/u96v2_sbc_base_system_management_wiz_0_0/proc_common_v3_00_a/hdl/src/vhdl/u96v2_sbc_base_system_management_wiz_0_0_pselect_f.vhd:167]
	Parameter C_AB bound to: 4 - type: integer 
	Parameter C_AW bound to: 4 - type: integer 
	Parameter C_BAR bound to: 4'b1000 
	Parameter C_FAMILY bound to: nofamily - type: string 
INFO: [Synth 8-256] done synthesizing module 'u96v2_sbc_base_system_management_wiz_0_0_pselect_f__parameterized17' (1#1) [/home/training/Projects/bsp_build_tests/test_tag/u96v2_sbc_base/hdl/projects/u96v2_sbc_base_2020_2/u96v2_sbc_base.gen/sources_1/bd/u96v2_sbc_base/ip/u96v2_sbc_base_system_management_wiz_0_0/proc_common_v3_00_a/hdl/src/vhdl/u96v2_sbc_base_system_management_wiz_0_0_pselect_f.vhd:167]
INFO: [Synth 8-638] synthesizing module 'u96v2_sbc_base_system_management_wiz_0_0_pselect_f__parameterized18' [/home/training/Projects/bsp_build_tests/test_tag/u96v2_sbc_base/hdl/projects/u96v2_sbc_base_2020_2/u96v2_sbc_base.gen/sources_1/bd/u96v2_sbc_base/ip/u96v2_sbc_base_system_management_wiz_0_0/proc_common_v3_00_a/hdl/src/vhdl/u96v2_sbc_base_system_management_wiz_0_0_pselect_f.vhd:167]
	Parameter C_AB bound to: 4 - type: integer 
	Parameter C_AW bound to: 4 - type: integer 
	Parameter C_BAR bound to: 4'b1001 
	Parameter C_FAMILY bound to: nofamily - type: string 
INFO: [Synth 8-256] done synthesizing module 'u96v2_sbc_base_system_management_wiz_0_0_pselect_f__parameterized18' (1#1) [/home/training/Projects/bsp_build_tests/test_tag/u96v2_sbc_base/hdl/projects/u96v2_sbc_base_2020_2/u96v2_sbc_base.gen/sources_1/bd/u96v2_sbc_base/ip/u96v2_sbc_base_system_management_wiz_0_0/proc_common_v3_00_a/hdl/src/vhdl/u96v2_sbc_base_system_management_wiz_0_0_pselect_f.vhd:167]
INFO: [Synth 8-638] synthesizing module 'u96v2_sbc_base_system_management_wiz_0_0_pselect_f__parameterized19' [/home/training/Projects/bsp_build_tests/test_tag/u96v2_sbc_base/hdl/projects/u96v2_sbc_base_2020_2/u96v2_sbc_base.gen/sources_1/bd/u96v2_sbc_base/ip/u96v2_sbc_base_system_management_wiz_0_0/proc_common_v3_00_a/hdl/src/vhdl/u96v2_sbc_base_system_management_wiz_0_0_pselect_f.vhd:167]
	Parameter C_AB bound to: 4 - type: integer 
	Parameter C_AW bound to: 4 - type: integer 
	Parameter C_BAR bound to: 4'b1010 
	Parameter C_FAMILY bound to: nofamily - type: string 
INFO: [Synth 8-256] done synthesizing module 'u96v2_sbc_base_system_management_wiz_0_0_pselect_f__parameterized19' (1#1) [/home/training/Projects/bsp_build_tests/test_tag/u96v2_sbc_base/hdl/projects/u96v2_sbc_base_2020_2/u96v2_sbc_base.gen/sources_1/bd/u96v2_sbc_base/ip/u96v2_sbc_base_system_management_wiz_0_0/proc_common_v3_00_a/hdl/src/vhdl/u96v2_sbc_base_system_management_wiz_0_0_pselect_f.vhd:167]
INFO: [Synth 8-638] synthesizing module 'u96v2_sbc_base_system_management_wiz_0_0_pselect_f__parameterized20' [/home/training/Projects/bsp_build_tests/test_tag/u96v2_sbc_base/hdl/projects/u96v2_sbc_base_2020_2/u96v2_sbc_base.gen/sources_1/bd/u96v2_sbc_base/ip/u96v2_sbc_base_system_management_wiz_0_0/proc_common_v3_00_a/hdl/src/vhdl/u96v2_sbc_base_system_management_wiz_0_0_pselect_f.vhd:167]
	Parameter C_AB bound to: 4 - type: integer 
	Parameter C_AW bound to: 4 - type: integer 
	Parameter C_BAR bound to: 4'b1011 
	Parameter C_FAMILY bound to: nofamily - type: string 
INFO: [Synth 8-256] done synthesizing module 'u96v2_sbc_base_system_management_wiz_0_0_pselect_f__parameterized20' (1#1) [/home/training/Projects/bsp_build_tests/test_tag/u96v2_sbc_base/hdl/projects/u96v2_sbc_base_2020_2/u96v2_sbc_base.gen/sources_1/bd/u96v2_sbc_base/ip/u96v2_sbc_base_system_management_wiz_0_0/proc_common_v3_00_a/hdl/src/vhdl/u96v2_sbc_base_system_management_wiz_0_0_pselect_f.vhd:167]
INFO: [Synth 8-638] synthesizing module 'u96v2_sbc_base_system_management_wiz_0_0_pselect_f__parameterized21' [/home/training/Projects/bsp_build_tests/test_tag/u96v2_sbc_base/hdl/projects/u96v2_sbc_base_2020_2/u96v2_sbc_base.gen/sources_1/bd/u96v2_sbc_base/ip/u96v2_sbc_base_system_management_wiz_0_0/proc_common_v3_00_a/hdl/src/vhdl/u96v2_sbc_base_system_management_wiz_0_0_pselect_f.vhd:167]
	Parameter C_AB bound to: 4 - type: integer 
	Parameter C_AW bound to: 4 - type: integer 
	Parameter C_BAR bound to: 4'b1100 
	Parameter C_FAMILY bound to: nofamily - type: string 
INFO: [Synth 8-256] done synthesizing module 'u96v2_sbc_base_system_management_wiz_0_0_pselect_f__parameterized21' (1#1) [/home/training/Projects/bsp_build_tests/test_tag/u96v2_sbc_base/hdl/projects/u96v2_sbc_base_2020_2/u96v2_sbc_base.gen/sources_1/bd/u96v2_sbc_base/ip/u96v2_sbc_base_system_management_wiz_0_0/proc_common_v3_00_a/hdl/src/vhdl/u96v2_sbc_base_system_management_wiz_0_0_pselect_f.vhd:167]
INFO: [Synth 8-638] synthesizing module 'u96v2_sbc_base_system_management_wiz_0_0_pselect_f__parameterized22' [/home/training/Projects/bsp_build_tests/test_tag/u96v2_sbc_base/hdl/projects/u96v2_sbc_base_2020_2/u96v2_sbc_base.gen/sources_1/bd/u96v2_sbc_base/ip/u96v2_sbc_base_system_management_wiz_0_0/proc_common_v3_00_a/hdl/src/vhdl/u96v2_sbc_base_system_management_wiz_0_0_pselect_f.vhd:167]
	Parameter C_AB bound to: 4 - type: integer 
	Parameter C_AW bound to: 4 - type: integer 
	Parameter C_BAR bound to: 4'b1101 
	Parameter C_FAMILY bound to: nofamily - type: string 
INFO: [Synth 8-256] done synthesizing module 'u96v2_sbc_base_system_management_wiz_0_0_pselect_f__parameterized22' (1#1) [/home/training/Projects/bsp_build_tests/test_tag/u96v2_sbc_base/hdl/projects/u96v2_sbc_base_2020_2/u96v2_sbc_base.gen/sources_1/bd/u96v2_sbc_base/ip/u96v2_sbc_base_system_management_wiz_0_0/proc_common_v3_00_a/hdl/src/vhdl/u96v2_sbc_base_system_management_wiz_0_0_pselect_f.vhd:167]
INFO: [Synth 8-638] synthesizing module 'u96v2_sbc_base_system_management_wiz_0_0_pselect_f__parameterized23' [/home/training/Projects/bsp_build_tests/test_tag/u96v2_sbc_base/hdl/projects/u96v2_sbc_base_2020_2/u96v2_sbc_base.gen/sources_1/bd/u96v2_sbc_base/ip/u96v2_sbc_base_system_management_wiz_0_0/proc_common_v3_00_a/hdl/src/vhdl/u96v2_sbc_base_system_management_wiz_0_0_pselect_f.vhd:167]
	Parameter C_AB bound to: 4 - type: integer 
	Parameter C_AW bound to: 4 - type: integer 
	Parameter C_BAR bound to: 4'b1110 
	Parameter C_FAMILY bound to: nofamily - type: string 
INFO: [Synth 8-256] done synthesizing module 'u96v2_sbc_base_system_management_wiz_0_0_pselect_f__parameterized23' (1#1) [/home/training/Projects/bsp_build_tests/test_tag/u96v2_sbc_base/hdl/projects/u96v2_sbc_base_2020_2/u96v2_sbc_base.gen/sources_1/bd/u96v2_sbc_base/ip/u96v2_sbc_base_system_management_wiz_0_0/proc_common_v3_00_a/hdl/src/vhdl/u96v2_sbc_base_system_management_wiz_0_0_pselect_f.vhd:167]
INFO: [Synth 8-638] synthesizing module 'u96v2_sbc_base_system_management_wiz_0_0_pselect_f__parameterized24' [/home/training/Projects/bsp_build_tests/test_tag/u96v2_sbc_base/hdl/projects/u96v2_sbc_base_2020_2/u96v2_sbc_base.gen/sources_1/bd/u96v2_sbc_base/ip/u96v2_sbc_base_system_management_wiz_0_0/proc_common_v3_00_a/hdl/src/vhdl/u96v2_sbc_base_system_management_wiz_0_0_pselect_f.vhd:167]
	Parameter C_AB bound to: 4 - type: integer 
	Parameter C_AW bound to: 4 - type: integer 
	Parameter C_BAR bound to: 4'b1111 
	Parameter C_FAMILY bound to: nofamily - type: string 
INFO: [Synth 8-256] done synthesizing module 'u96v2_sbc_base_system_management_wiz_0_0_pselect_f__parameterized24' (1#1) [/home/training/Projects/bsp_build_tests/test_tag/u96v2_sbc_base/hdl/projects/u96v2_sbc_base_2020_2/u96v2_sbc_base.gen/sources_1/bd/u96v2_sbc_base/ip/u96v2_sbc_base_system_management_wiz_0_0/proc_common_v3_00_a/hdl/src/vhdl/u96v2_sbc_base_system_management_wiz_0_0_pselect_f.vhd:167]
INFO: [Synth 8-638] synthesizing module 'u96v2_sbc_base_system_management_wiz_0_0_pselect_f__parameterized25' [/home/training/Projects/bsp_build_tests/test_tag/u96v2_sbc_base/hdl/projects/u96v2_sbc_base_2020_2/u96v2_sbc_base.gen/sources_1/bd/u96v2_sbc_base/ip/u96v2_sbc_base_system_management_wiz_0_0/proc_common_v3_00_a/hdl/src/vhdl/u96v2_sbc_base_system_management_wiz_0_0_pselect_f.vhd:167]
	Parameter C_AB bound to: 1 - type: integer 
	Parameter C_AW bound to: 11 - type: integer 
	Parameter C_BAR bound to: 11'b10000000000 
	Parameter C_FAMILY bound to: nofamily - type: string 
INFO: [Synth 8-256] done synthesizing module 'u96v2_sbc_base_system_management_wiz_0_0_pselect_f__parameterized25' (1#1) [/home/training/Projects/bsp_build_tests/test_tag/u96v2_sbc_base/hdl/projects/u96v2_sbc_base_2020_2/u96v2_sbc_base.gen/sources_1/bd/u96v2_sbc_base/ip/u96v2_sbc_base_system_management_wiz_0_0/proc_common_v3_00_a/hdl/src/vhdl/u96v2_sbc_base_system_management_wiz_0_0_pselect_f.vhd:167]
INFO: [Synth 8-256] done synthesizing module 'u96v2_sbc_base_system_management_wiz_0_0_address_decoder' (2#1) [/home/training/Projects/bsp_build_tests/test_tag/u96v2_sbc_base/hdl/projects/u96v2_sbc_base_2020_2/u96v2_sbc_base.gen/sources_1/bd/u96v2_sbc_base/ip/u96v2_sbc_base_system_management_wiz_0_0/axi_lite_ipif_v1_31_a/hdl/src/vhdl/u96v2_sbc_base_system_management_wiz_0_0_address_decoder.vhd:176]
INFO: [Synth 8-226] default block is never used [/home/training/Projects/bsp_build_tests/test_tag/u96v2_sbc_base/hdl/projects/u96v2_sbc_base_2020_2/u96v2_sbc_base.gen/sources_1/bd/u96v2_sbc_base/ip/u96v2_sbc_base_system_management_wiz_0_0/axi_lite_ipif_v1_31_a/hdl/src/vhdl/u96v2_sbc_base_system_management_wiz_0_0_slave_attachment.vhd:424]
INFO: [Synth 8-256] done synthesizing module 'u96v2_sbc_base_system_management_wiz_0_0_slave_attachment' (3#1) [/home/training/Projects/bsp_build_tests/test_tag/u96v2_sbc_base/hdl/projects/u96v2_sbc_base_2020_2/u96v2_sbc_base.gen/sources_1/bd/u96v2_sbc_base/ip/u96v2_sbc_base_system_management_wiz_0_0/axi_lite_ipif_v1_31_a/hdl/src/vhdl/u96v2_sbc_base_system_management_wiz_0_0_slave_attachment.vhd:227]
INFO: [Synth 8-256] done synthesizing module 'u96v2_sbc_base_system_management_wiz_0_0_axi_lite_ipif' (4#1) [/home/training/Projects/bsp_build_tests/test_tag/u96v2_sbc_base/hdl/projects/u96v2_sbc_base_2020_2/u96v2_sbc_base.gen/sources_1/bd/u96v2_sbc_base/ip/u96v2_sbc_base_system_management_wiz_0_0/axi_lite_ipif_v1_31_a/hdl/src/vhdl/u96v2_sbc_base_system_management_wiz_0_0_axi_lite_ipif.vhd:241]
	Parameter C_S_AXI_ADDR_WIDTH bound to: 13 - type: integer 
	Parameter C_S_AXI_DATA_WIDTH bound to: 32 - type: integer 
	Parameter C_FAMILY bound to: kintexu - type: string 
	Parameter CE_NUMBERS bound to: 9 - type: integer 
	Parameter IP_INTR_NUM bound to: 18 - type: integer 
	Parameter C_SIM_MONITOR_FILE bound to: design.txt - type: string 
	Parameter MUX_ADDR_NO bound to: 5 - type: integer 
INFO: [Synth 8-3491] module 'u96v2_sbc_base_system_management_wiz_0_0_xadc_core_drp' declared at '/home/training/Projects/bsp_build_tests/test_tag/u96v2_sbc_base/hdl/projects/u96v2_sbc_base_2020_2/u96v2_sbc_base.gen/sources_1/bd/u96v2_sbc_base/ip/u96v2_sbc_base_system_management_wiz_0_0/u96v2_sbc_base_system_management_wiz_0_0_xadc_core_drp.vhd:140' bound to instance 'AXI_SYSMON_CORE_I' of component 'u96v2_sbc_base_system_management_wiz_0_0_xadc_core_drp' [/home/training/Projects/bsp_build_tests/test_tag/u96v2_sbc_base/hdl/projects/u96v2_sbc_base_2020_2/u96v2_sbc_base.gen/sources_1/bd/u96v2_sbc_base/ip/u96v2_sbc_base_system_management_wiz_0_0/u96v2_sbc_base_system_management_wiz_0_0_axi_xadc.vhd:690]
INFO: [Synth 8-638] synthesizing module 'u96v2_sbc_base_system_management_wiz_0_0_xadc_core_drp' [/home/training/Projects/bsp_build_tests/test_tag/u96v2_sbc_base/hdl/projects/u96v2_sbc_base_2020_2/u96v2_sbc_base.gen/sources_1/bd/u96v2_sbc_base/ip/u96v2_sbc_base_system_management_wiz_0_0/u96v2_sbc_base_system_management_wiz_0_0_xadc_core_drp.vhd:184]
	Parameter C_S_AXI_ADDR_WIDTH bound to: 13 - type: integer 
	Parameter C_S_AXI_DATA_WIDTH bound to: 32 - type: integer 
	Parameter C_FAMILY bound to: kintexu - type: string 
	Parameter CE_NUMBERS bound to: 9 - type: integer 
	Parameter IP_INTR_NUM bound to: 18 - type: integer 
	Parameter C_SIM_MONITOR_FILE bound to: design.txt - type: string 
	Parameter MUX_ADDR_NO bound to: 5 - type: integer 
	Parameter COMMON_N_SOURCE bound to: 16'b1111111111111111 
	Parameter INIT_40 bound to: 16'b0000000000000000 
	Parameter INIT_41 bound to: 16'b0010111110011111 
	Parameter INIT_42 bound to: 16'b0001010000000000 
	Parameter INIT_43 bound to: 16'b0010000000001111 
	Parameter INIT_44 bound to: 16'b0000000000000000 
	Parameter INIT_45 bound to: 16'b1010111011001100 
	Parameter INIT_46 bound to: 16'b0000000000000000 
	Parameter INIT_47 bound to: 16'b0000000000000000 
	Parameter INIT_48 bound to: 16'b0100011100000001 
	Parameter INIT_49 bound to: 16'b0000000000000000 
	Parameter INIT_4A bound to: 16'b0000000000000000 
	Parameter INIT_4B bound to: 16'b0000000000000000 
	Parameter INIT_4C bound to: 16'b0000000000000000 
	Parameter INIT_4D bound to: 16'b0000000000000000 
	Parameter INIT_4E bound to: 16'b0000000000000000 
	Parameter INIT_4F bound to: 16'b0000000000000000 
	Parameter INIT_50 bound to: 16'b1011011110010100 
	Parameter INIT_51 bound to: 16'b0100111010000001 
	Parameter INIT_52 bound to: 16'b1010000101000111 
	Parameter INIT_53 bound to: 16'b1100101110100011 
	Parameter INIT_54 bound to: 16'b1010101100000010 
	Parameter INIT_55 bound to: 16'b0100100101100011 
	Parameter INIT_56 bound to: 16'b1001010101010101 
	Parameter INIT_57 bound to: 16'b1011000000001010 
	Parameter INIT_58 bound to: 16'b0100111010000001 
	Parameter INIT_59 bound to: 16'b0100100101100011 
	Parameter INIT_5A bound to: 16'b0100100101100011 
	Parameter INIT_5B bound to: 16'b1001101001110100 
	Parameter INIT_5C bound to: 16'b0100100101100011 
	Parameter INIT_5D bound to: 16'b0100010100011110 
	Parameter INIT_5E bound to: 16'b0100010100011110 
	Parameter INIT_5F bound to: 16'b1001000111101011 
	Parameter INIT_60 bound to: 16'b0100110100111001 
	Parameter INIT_61 bound to: 16'b0100110110100111 
	Parameter INIT_62 bound to: 16'b1001101001110100 
	Parameter INIT_63 bound to: 16'b1001101001110100 
	Parameter INIT_64 bound to: 16'b0000000000000000 
	Parameter INIT_65 bound to: 16'b0000000000000000 
	Parameter INIT_66 bound to: 16'b0000000000000000 
	Parameter INIT_67 bound to: 16'b0000000000000000 
	Parameter INIT_68 bound to: 16'b0100110001011110 
	Parameter INIT_69 bound to: 16'b0100101111110010 
	Parameter INIT_6A bound to: 16'b1001100010111111 
	Parameter INIT_6B bound to: 16'b1001100010111111 
	Parameter INIT_6C bound to: 16'b0000000000000000 
	Parameter INIT_6D bound to: 16'b0000000000000000 
	Parameter INIT_6E bound to: 16'b0000000000000000 
	Parameter INIT_6F bound to: 16'b0000000000000000 
	Parameter INIT_70 bound to: 16'b0000000000000000 
	Parameter INIT_71 bound to: 16'b0000000000000000 
	Parameter INIT_72 bound to: 16'b0000000000000000 
	Parameter INIT_73 bound to: 16'b0000000000000000 
	Parameter INIT_74 bound to: 16'b0000000000000000 
	Parameter INIT_75 bound to: 16'b0000000000000000 
	Parameter INIT_76 bound to: 16'b0000000000000000 
	Parameter INIT_77 bound to: 16'b0000000000000000 
	Parameter INIT_78 bound to: 16'b0000000000000000 
	Parameter INIT_79 bound to: 16'b0000000000000000 
	Parameter INIT_7A bound to: 16'b0000000000000000 
	Parameter INIT_7B bound to: 16'b0000000000000000 
	Parameter INIT_7C bound to: 16'b0000000000000000 
	Parameter INIT_7D bound to: 16'b0000000000000000 
	Parameter INIT_7E bound to: 16'b0000000000000000 
	Parameter INIT_7F bound to: 16'b0000000000000000 
	Parameter IS_CONVSTCLK_INVERTED bound to: 1'b0 
	Parameter IS_DCLK_INVERTED bound to: 1'b0 
	Parameter SIM_DEVICE bound to: ZYNQ_ULTRASCALE - type: string 
	Parameter SIM_MONITOR_FILE bound to: design.dat - type: string 
	Parameter SYSMON_VUSER0_BANK bound to: 0 - type: integer 
	Parameter SYSMON_VUSER0_MONITOR bound to: NONE - type: string 
	Parameter SYSMON_VUSER1_BANK bound to: 0 - type: integer 
	Parameter SYSMON_VUSER1_MONITOR bound to: NONE - type: string 
	Parameter SYSMON_VUSER2_BANK bound to: 0 - type: integer 
	Parameter SYSMON_VUSER2_MONITOR bound to: NONE - type: string 
	Parameter SYSMON_VUSER3_BANK bound to: 0 - type: integer 
	Parameter SYSMON_VUSER3_MONITOR bound to: NONE - type: string 
INFO: [Synth 8-113] binding component instance 'inst_sysmon' to cell 'SYSMONE4' [/home/training/Projects/bsp_build_tests/test_tag/u96v2_sbc_base/hdl/projects/u96v2_sbc_base_2020_2/u96v2_sbc_base.gen/sources_1/bd/u96v2_sbc_base/ip/u96v2_sbc_base_system_management_wiz_0_0/u96v2_sbc_base_system_management_wiz_0_0_xadc_core_drp.vhd:1106]
INFO: [Synth 8-256] done synthesizing module 'u96v2_sbc_base_system_management_wiz_0_0_xadc_core_drp' (5#1) [/home/training/Projects/bsp_build_tests/test_tag/u96v2_sbc_base/hdl/projects/u96v2_sbc_base_2020_2/u96v2_sbc_base.gen/sources_1/bd/u96v2_sbc_base/ip/u96v2_sbc_base_system_management_wiz_0_0/u96v2_sbc_base_system_management_wiz_0_0_xadc_core_drp.vhd:184]
INFO: [Synth 8-638] synthesizing module 'u96v2_sbc_base_system_management_wiz_0_0_soft_reset' [/home/training/Projects/bsp_build_tests/test_tag/u96v2_sbc_base/hdl/projects/u96v2_sbc_base_2020_2/u96v2_sbc_base.gen/sources_1/bd/u96v2_sbc_base/ip/u96v2_sbc_base_system_management_wiz_0_0/proc_common_v3_00_a/hdl/src/vhdl/u96v2_sbc_base_system_management_wiz_0_0_soft_reset.vhd:142]
	Parameter C_SIPIF_DWIDTH bound to: 32 - type: integer 
	Parameter C_RESET_WIDTH bound to: 16 - type: integer 
	Parameter INIT bound to: 1'b0 
	Parameter IS_CE_INVERTED bound to: 1'b0 
	Parameter IS_C_INVERTED bound to: 1'b0 
	Parameter IS_D_INVERTED bound to: 1'b0 
	Parameter IS_R_INVERTED bound to: 1'b0 
	Parameter IS_S_INVERTED bound to: 1'b0 
INFO: [Synth 8-113] binding component instance 'RST_FLOPS' to cell 'FDRSE' [/home/training/Projects/bsp_build_tests/test_tag/u96v2_sbc_base/hdl/projects/u96v2_sbc_base_2020_2/u96v2_sbc_base.gen/sources_1/bd/u96v2_sbc_base/ip/u96v2_sbc_base_system_management_wiz_0_0/proc_common_v3_00_a/hdl/src/vhdl/u96v2_sbc_base_system_management_wiz_0_0_soft_reset.vhd:273]
	Parameter INIT bound to: 1'b0 
	Parameter IS_CE_INVERTED bound to: 1'b0 
	Parameter IS_C_INVERTED bound to: 1'b0 
	Parameter IS_D_INVERTED bound to: 1'b0 
	Parameter IS_R_INVERTED bound to: 1'b0 
	Parameter IS_S_INVERTED bound to: 1'b0 
INFO: [Synth 8-113] binding component instance 'RST_FLOPS' to cell 'FDRSE' [/home/training/Projects/bsp_build_tests/test_tag/u96v2_sbc_base/hdl/projects/u96v2_sbc_base_2020_2/u96v2_sbc_base.gen/sources_1/bd/u96v2_sbc_base/ip/u96v2_sbc_base_system_management_wiz_0_0/proc_common_v3_00_a/hdl/src/vhdl/u96v2_sbc_base_system_management_wiz_0_0_soft_reset.vhd:273]
	Parameter INIT bound to: 1'b0 
	Parameter IS_CE_INVERTED bound to: 1'b0 
	Parameter IS_C_INVERTED bound to: 1'b0 
	Parameter IS_D_INVERTED bound to: 1'b0 
	Parameter IS_R_INVERTED bound to: 1'b0 
	Parameter IS_S_INVERTED bound to: 1'b0 
INFO: [Synth 8-113] binding component instance 'RST_FLOPS' to cell 'FDRSE' [/home/training/Projects/bsp_build_tests/test_tag/u96v2_sbc_base/hdl/projects/u96v2_sbc_base_2020_2/u96v2_sbc_base.gen/sources_1/bd/u96v2_sbc_base/ip/u96v2_sbc_base_system_management_wiz_0_0/proc_common_v3_00_a/hdl/src/vhdl/u96v2_sbc_base_system_management_wiz_0_0_soft_reset.vhd:273]
	Parameter INIT bound to: 1'b0 
	Parameter IS_CE_INVERTED bound to: 1'b0 
	Parameter IS_C_INVERTED bound to: 1'b0 
	Parameter IS_D_INVERTED bound to: 1'b0 
	Parameter IS_R_INVERTED bound to: 1'b0 
	Parameter IS_S_INVERTED bound to: 1'b0 
INFO: [Synth 8-113] binding component instance 'RST_FLOPS' to cell 'FDRSE' [/home/training/Projects/bsp_build_tests/test_tag/u96v2_sbc_base/hdl/projects/u96v2_sbc_base_2020_2/u96v2_sbc_base.gen/sources_1/bd/u96v2_sbc_base/ip/u96v2_sbc_base_system_management_wiz_0_0/proc_common_v3_00_a/hdl/src/vhdl/u96v2_sbc_base_system_management_wiz_0_0_soft_reset.vhd:273]
	Parameter INIT bound to: 1'b0 
	Parameter IS_CE_INVERTED bound to: 1'b0 
	Parameter IS_C_INVERTED bound to: 1'b0 
	Parameter IS_D_INVERTED bound to: 1'b0 
	Parameter IS_R_INVERTED bound to: 1'b0 
	Parameter IS_S_INVERTED bound to: 1'b0 
INFO: [Synth 8-113] binding component instance 'RST_FLOPS' to cell 'FDRSE' [/home/training/Projects/bsp_build_tests/test_tag/u96v2_sbc_base/hdl/projects/u96v2_sbc_base_2020_2/u96v2_sbc_base.gen/sources_1/bd/u96v2_sbc_base/ip/u96v2_sbc_base_system_management_wiz_0_0/proc_common_v3_00_a/hdl/src/vhdl/u96v2_sbc_base_system_management_wiz_0_0_soft_reset.vhd:273]
	Parameter INIT bound to: 1'b0 
	Parameter IS_CE_INVERTED bound to: 1'b0 
	Parameter IS_C_INVERTED bound to: 1'b0 
	Parameter IS_D_INVERTED bound to: 1'b0 
	Parameter IS_R_INVERTED bound to: 1'b0 
	Parameter IS_S_INVERTED bound to: 1'b0 
INFO: [Synth 8-113] binding component instance 'RST_FLOPS' to cell 'FDRSE' [/home/training/Projects/bsp_build_tests/test_tag/u96v2_sbc_base/hdl/projects/u96v2_sbc_base_2020_2/u96v2_sbc_base.gen/sources_1/bd/u96v2_sbc_base/ip/u96v2_sbc_base_system_management_wiz_0_0/proc_common_v3_00_a/hdl/src/vhdl/u96v2_sbc_base_system_management_wiz_0_0_soft_reset.vhd:273]
	Parameter INIT bound to: 1'b0 
	Parameter IS_CE_INVERTED bound to: 1'b0 
	Parameter IS_C_INVERTED bound to: 1'b0 
	Parameter IS_D_INVERTED bound to: 1'b0 
	Parameter IS_R_INVERTED bound to: 1'b0 
	Parameter IS_S_INVERTED bound to: 1'b0 
INFO: [Synth 8-113] binding component instance 'RST_FLOPS' to cell 'FDRSE' [/home/training/Projects/bsp_build_tests/test_tag/u96v2_sbc_base/hdl/projects/u96v2_sbc_base_2020_2/u96v2_sbc_base.gen/sources_1/bd/u96v2_sbc_base/ip/u96v2_sbc_base_system_management_wiz_0_0/proc_common_v3_00_a/hdl/src/vhdl/u96v2_sbc_base_system_management_wiz_0_0_soft_reset.vhd:273]
	Parameter INIT bound to: 1'b0 
	Parameter IS_CE_INVERTED bound to: 1'b0 
	Parameter IS_C_INVERTED bound to: 1'b0 
	Parameter IS_D_INVERTED bound to: 1'b0 
	Parameter IS_R_INVERTED bound to: 1'b0 
	Parameter IS_S_INVERTED bound to: 1'b0 
INFO: [Synth 8-113] binding component instance 'RST_FLOPS' to cell 'FDRSE' [/home/training/Projects/bsp_build_tests/test_tag/u96v2_sbc_base/hdl/projects/u96v2_sbc_base_2020_2/u96v2_sbc_base.gen/sources_1/bd/u96v2_sbc_base/ip/u96v2_sbc_base_system_management_wiz_0_0/proc_common_v3_00_a/hdl/src/vhdl/u96v2_sbc_base_system_management_wiz_0_0_soft_reset.vhd:273]
	Parameter INIT bound to: 1'b0 
	Parameter IS_CE_INVERTED bound to: 1'b0 
	Parameter IS_C_INVERTED bound to: 1'b0 
	Parameter IS_D_INVERTED bound to: 1'b0 
	Parameter IS_R_INVERTED bound to: 1'b0 
	Parameter IS_S_INVERTED bound to: 1'b0 
INFO: [Synth 8-113] binding component instance 'RST_FLOPS' to cell 'FDRSE' [/home/training/Projects/bsp_build_tests/test_tag/u96v2_sbc_base/hdl/projects/u96v2_sbc_base_2020_2/u96v2_sbc_base.gen/sources_1/bd/u96v2_sbc_base/ip/u96v2_sbc_base_system_management_wiz_0_0/proc_common_v3_00_a/hdl/src/vhdl/u96v2_sbc_base_system_management_wiz_0_0_soft_reset.vhd:273]
	Parameter INIT bound to: 1'b0 
	Parameter IS_CE_INVERTED bound to: 1'b0 
	Parameter IS_C_INVERTED bound to: 1'b0 
	Parameter IS_D_INVERTED bound to: 1'b0 
	Parameter IS_R_INVERTED bound to: 1'b0 
	Parameter IS_S_INVERTED bound to: 1'b0 
INFO: [Synth 8-113] binding component instance 'RST_FLOPS' to cell 'FDRSE' [/home/training/Projects/bsp_build_tests/test_tag/u96v2_sbc_base/hdl/projects/u96v2_sbc_base_2020_2/u96v2_sbc_base.gen/sources_1/bd/u96v2_sbc_base/ip/u96v2_sbc_base_system_management_wiz_0_0/proc_common_v3_00_a/hdl/src/vhdl/u96v2_sbc_base_system_management_wiz_0_0_soft_reset.vhd:273]
	Parameter INIT bound to: 1'b0 
	Parameter IS_CE_INVERTED bound to: 1'b0 
	Parameter IS_C_INVERTED bound to: 1'b0 
	Parameter IS_D_INVERTED bound to: 1'b0 
	Parameter IS_R_INVERTED bound to: 1'b0 
	Parameter IS_S_INVERTED bound to: 1'b0 
INFO: [Synth 8-113] binding component instance 'RST_FLOPS' to cell 'FDRSE' [/home/training/Projects/bsp_build_tests/test_tag/u96v2_sbc_base/hdl/projects/u96v2_sbc_base_2020_2/u96v2_sbc_base.gen/sources_1/bd/u96v2_sbc_base/ip/u96v2_sbc_base_system_management_wiz_0_0/proc_common_v3_00_a/hdl/src/vhdl/u96v2_sbc_base_system_management_wiz_0_0_soft_reset.vhd:273]
	Parameter INIT bound to: 1'b0 
	Parameter IS_CE_INVERTED bound to: 1'b0 
	Parameter IS_C_INVERTED bound to: 1'b0 
	Parameter IS_D_INVERTED bound to: 1'b0 
	Parameter IS_R_INVERTED bound to: 1'b0 
	Parameter IS_S_INVERTED bound to: 1'b0 
INFO: [Synth 8-113] binding component instance 'RST_FLOPS' to cell 'FDRSE' [/home/training/Projects/bsp_build_tests/test_tag/u96v2_sbc_base/hdl/projects/u96v2_sbc_base_2020_2/u96v2_sbc_base.gen/sources_1/bd/u96v2_sbc_base/ip/u96v2_sbc_base_system_management_wiz_0_0/proc_common_v3_00_a/hdl/src/vhdl/u96v2_sbc_base_system_management_wiz_0_0_soft_reset.vhd:273]
	Parameter INIT bound to: 1'b0 
	Parameter IS_CE_INVERTED bound to: 1'b0 
	Parameter IS_C_INVERTED bound to: 1'b0 
	Parameter IS_D_INVERTED bound to: 1'b0 
	Parameter IS_R_INVERTED bound to: 1'b0 
	Parameter IS_S_INVERTED bound to: 1'b0 
INFO: [Synth 8-113] binding component instance 'RST_FLOPS' to cell 'FDRSE' [/home/training/Projects/bsp_build_tests/test_tag/u96v2_sbc_base/hdl/projects/u96v2_sbc_base_2020_2/u96v2_sbc_base.gen/sources_1/bd/u96v2_sbc_base/ip/u96v2_sbc_base_system_management_wiz_0_0/proc_common_v3_00_a/hdl/src/vhdl/u96v2_sbc_base_system_management_wiz_0_0_soft_reset.vhd:273]
	Parameter INIT bound to: 1'b0 
	Parameter IS_CE_INVERTED bound to: 1'b0 
	Parameter IS_C_INVERTED bound to: 1'b0 
	Parameter IS_D_INVERTED bound to: 1'b0 
	Parameter IS_R_INVERTED bound to: 1'b0 
	Parameter IS_S_INVERTED bound to: 1'b0 
INFO: [Synth 8-113] binding component instance 'RST_FLOPS' to cell 'FDRSE' [/home/training/Projects/bsp_build_tests/test_tag/u96v2_sbc_base/hdl/projects/u96v2_sbc_base_2020_2/u96v2_sbc_base.gen/sources_1/bd/u96v2_sbc_base/ip/u96v2_sbc_base_system_management_wiz_0_0/proc_common_v3_00_a/hdl/src/vhdl/u96v2_sbc_base_system_management_wiz_0_0_soft_reset.vhd:273]
	Parameter INIT bound to: 1'b0 
	Parameter IS_CE_INVERTED bound to: 1'b0 
	Parameter IS_C_INVERTED bound to: 1'b0 
	Parameter IS_D_INVERTED bound to: 1'b0 
	Parameter IS_R_INVERTED bound to: 1'b0 
	Parameter IS_S_INVERTED bound to: 1'b0 
INFO: [Synth 8-113] binding component instance 'RST_FLOPS' to cell 'FDRSE' [/home/training/Projects/bsp_build_tests/test_tag/u96v2_sbc_base/hdl/projects/u96v2_sbc_base_2020_2/u96v2_sbc_base.gen/sources_1/bd/u96v2_sbc_base/ip/u96v2_sbc_base_system_management_wiz_0_0/proc_common_v3_00_a/hdl/src/vhdl/u96v2_sbc_base_system_management_wiz_0_0_soft_reset.vhd:273]
	Parameter INIT bound to: 1'b0 
	Parameter IS_CE_INVERTED bound to: 1'b0 
	Parameter IS_C_INVERTED bound to: 1'b0 
	Parameter IS_D_INVERTED bound to: 1'b0 
	Parameter IS_R_INVERTED bound to: 1'b0 
	Parameter IS_S_INVERTED bound to: 1'b0 
INFO: [Synth 8-113] binding component instance 'RST_FLOPS' to cell 'FDRSE' [/home/training/Projects/bsp_build_tests/test_tag/u96v2_sbc_base/hdl/projects/u96v2_sbc_base_2020_2/u96v2_sbc_base.gen/sources_1/bd/u96v2_sbc_base/ip/u96v2_sbc_base_system_management_wiz_0_0/proc_common_v3_00_a/hdl/src/vhdl/u96v2_sbc_base_system_management_wiz_0_0_soft_reset.vhd:273]
	Parameter INIT bound to: 1'b0 
	Parameter IS_CE_INVERTED bound to: 1'b0 
	Parameter IS_C_INVERTED bound to: 1'b0 
	Parameter IS_D_INVERTED bound to: 1'b0 
	Parameter IS_R_INVERTED bound to: 1'b0 
	Parameter IS_S_INVERTED bound to: 1'b0 
INFO: [Synth 8-113] binding component instance 'FF_WRACK' to cell 'FDRSE' [/home/training/Projects/bsp_build_tests/test_tag/u96v2_sbc_base/hdl/projects/u96v2_sbc_base_2020_2/u96v2_sbc_base.gen/sources_1/bd/u96v2_sbc_base/ip/u96v2_sbc_base_system_management_wiz_0_0/proc_common_v3_00_a/hdl/src/vhdl/u96v2_sbc_base_system_management_wiz_0_0_soft_reset.vhd:296]
INFO: [Synth 8-256] done synthesizing module 'u96v2_sbc_base_system_management_wiz_0_0_soft_reset' (6#1) [/home/training/Projects/bsp_build_tests/test_tag/u96v2_sbc_base/hdl/projects/u96v2_sbc_base_2020_2/u96v2_sbc_base.gen/sources_1/bd/u96v2_sbc_base/ip/u96v2_sbc_base_system_management_wiz_0_0/proc_common_v3_00_a/hdl/src/vhdl/u96v2_sbc_base_system_management_wiz_0_0_soft_reset.vhd:142]
INFO: [Synth 8-638] synthesizing module 'u96v2_sbc_base_system_management_wiz_0_0_interrupt_control' [/home/training/Projects/bsp_build_tests/test_tag/u96v2_sbc_base/hdl/projects/u96v2_sbc_base_2020_2/u96v2_sbc_base.gen/sources_1/bd/u96v2_sbc_base/ip/u96v2_sbc_base_system_management_wiz_0_0/interrupt_control_v2_01_a/hdl/src/vhdl/u96v2_sbc_base_system_management_wiz_0_0_interrupt_control.vhd:240]
	Parameter C_NUM_CE bound to: 16 - type: integer 
	Parameter C_NUM_IPIF_IRPT_SRC bound to: 1 - type: integer 
	Parameter C_IP_INTR_MODE_ARRAY bound to: 576'b000000000000000000000000000001010000000000000000000000000000010100000000000000000000000000000101000000000000000000000000000001010000000000000000000000000000010100000000000000000000000000000101000000000000000000000000000001010000000000000000000000000000010100000000000000000000000000000101000000000000000000000000000001010000000000000000000000000000010100000000000000000000000000000101000000000000000000000000000001010000000000000000000000000000010100000000000000000000000000000101000000000000000000000000000001010000000000000000000000000000010100000000000000000000000000000101 
	Parameter C_INCLUDE_DEV_PENCODER bound to: 0 - type: bool 
	Parameter C_INCLUDE_DEV_ISC bound to: 0 - type: bool 
	Parameter C_IPIF_DWIDTH bound to: 32 - type: integer 
INFO: [Synth 8-256] done synthesizing module 'u96v2_sbc_base_system_management_wiz_0_0_interrupt_control' (7#1) [/home/training/Projects/bsp_build_tests/test_tag/u96v2_sbc_base/hdl/projects/u96v2_sbc_base_2020_2/u96v2_sbc_base.gen/sources_1/bd/u96v2_sbc_base/ip/u96v2_sbc_base_system_management_wiz_0_0/interrupt_control_v2_01_a/hdl/src/vhdl/u96v2_sbc_base_system_management_wiz_0_0_interrupt_control.vhd:240]
INFO: [Synth 8-256] done synthesizing module 'u96v2_sbc_base_system_management_wiz_0_0_axi_xadc' (8#1) [/home/training/Projects/bsp_build_tests/test_tag/u96v2_sbc_base/hdl/projects/u96v2_sbc_base_2020_2/u96v2_sbc_base.gen/sources_1/bd/u96v2_sbc_base/ip/u96v2_sbc_base_system_management_wiz_0_0/u96v2_sbc_base_system_management_wiz_0_0_axi_xadc.vhd:236]
INFO: [Synth 8-256] done synthesizing module 'u96v2_sbc_base_system_management_wiz_0_0' (9#1) [/home/training/Projects/bsp_build_tests/test_tag/u96v2_sbc_base/hdl/projects/u96v2_sbc_base_2020_2/u96v2_sbc_base.gen/sources_1/bd/u96v2_sbc_base/ip/u96v2_sbc_base_system_management_wiz_0_0/u96v2_sbc_base_system_management_wiz_0_0.vhd:93]
---------------------------------------------------------------------------------
Finished RTL Elaboration : Time (s): cpu = 00:00:08 ; elapsed = 00:00:11 . Memory (MB): peak = 2658.262 ; gain = 108.809 ; free physical = 4423 ; free virtual = 9282
---------------------------------------------------------------------------------
---------------------------------------------------------------------------------
Start Handling Custom Attributes
---------------------------------------------------------------------------------
---------------------------------------------------------------------------------
Finished Handling Custom Attributes : Time (s): cpu = 00:00:09 ; elapsed = 00:00:12 . Memory (MB): peak = 2665.199 ; gain = 115.746 ; free physical = 4411 ; free virtual = 9269
---------------------------------------------------------------------------------
---------------------------------------------------------------------------------
Finished RTL Optimization Phase 1 : Time (s): cpu = 00:00:09 ; elapsed = 00:00:12 . Memory (MB): peak = 2665.199 ; gain = 115.746 ; free physical = 4411 ; free virtual = 9269
---------------------------------------------------------------------------------
Netlist sorting complete. Time (s): cpu = 00:00:00.01 ; elapsed = 00:00:00.01 . Memory (MB): peak = 2684.105 ; gain = 0.000 ; free physical = 4400 ; free virtual = 9259
INFO: [Netlist 29-17] Analyzing 17 Unisim elements for replacement
INFO: [Netlist 29-28] Unisim Transformation completed in 0 CPU seconds
INFO: [Project 1-570] Preparing netlist for logic optimization

Processing XDC Constraints
Initializing timing engine
Parsing XDC File [/home/training/Projects/bsp_build_tests/test_tag/u96v2_sbc_base/hdl/projects/u96v2_sbc_base_2020_2/u96v2_sbc_base.gen/sources_1/bd/u96v2_sbc_base/ip/u96v2_sbc_base_system_management_wiz_0_0/u96v2_sbc_base_system_management_wiz_0_0_ooc.xdc] for cell 'U0'
create_clock: Time (s): cpu = 00:00:07 ; elapsed = 00:00:07 . Memory (MB): peak = 2818.941 ; gain = 0.000 ; free physical = 4424 ; free virtual = 9279
Finished Parsing XDC File [/home/training/Projects/bsp_build_tests/test_tag/u96v2_sbc_base/hdl/projects/u96v2_sbc_base_2020_2/u96v2_sbc_base.gen/sources_1/bd/u96v2_sbc_base/ip/u96v2_sbc_base_system_management_wiz_0_0/u96v2_sbc_base_system_management_wiz_0_0_ooc.xdc] for cell 'U0'
Parsing XDC File [/home/training/Projects/bsp_build_tests/test_tag/u96v2_sbc_base/hdl/projects/u96v2_sbc_base_2020_2/u96v2_sbc_base.gen/sources_1/bd/u96v2_sbc_base/ip/u96v2_sbc_base_system_management_wiz_0_0/u96v2_sbc_base_system_management_wiz_0_0_board.xdc] for cell 'U0'
Finished Parsing XDC File [/home/training/Projects/bsp_build_tests/test_tag/u96v2_sbc_base/hdl/projects/u96v2_sbc_base_2020_2/u96v2_sbc_base.gen/sources_1/bd/u96v2_sbc_base/ip/u96v2_sbc_base_system_management_wiz_0_0/u96v2_sbc_base_system_management_wiz_0_0_board.xdc] for cell 'U0'
Parsing XDC File [/home/training/Projects/bsp_build_tests/test_tag/u96v2_sbc_base/hdl/projects/u96v2_sbc_base_2020_2/u96v2_sbc_base.gen/sources_1/bd/u96v2_sbc_base/ip/u96v2_sbc_base_system_management_wiz_0_0/u96v2_sbc_base_system_management_wiz_0_0.xdc] for cell 'U0'
Finished Parsing XDC File [/home/training/Projects/bsp_build_tests/test_tag/u96v2_sbc_base/hdl/projects/u96v2_sbc_base_2020_2/u96v2_sbc_base.gen/sources_1/bd/u96v2_sbc_base/ip/u96v2_sbc_base_system_management_wiz_0_0/u96v2_sbc_base_system_management_wiz_0_0.xdc] for cell 'U0'
INFO: [Project 1-236] Implementation specific constraints were found while reading constraint file [/home/training/Projects/bsp_build_tests/test_tag/u96v2_sbc_base/hdl/projects/u96v2_sbc_base_2020_2/u96v2_sbc_base.gen/sources_1/bd/u96v2_sbc_base/ip/u96v2_sbc_base_system_management_wiz_0_0/u96v2_sbc_base_system_management_wiz_0_0.xdc]. These constraints will be ignored for synthesis but will be used in implementation. Impacted constraints are listed in the file [.Xil/u96v2_sbc_base_system_management_wiz_0_0_propImpl.xdc].
Resolution: To avoid this warning, move constraints listed in [.Xil/u96v2_sbc_base_system_management_wiz_0_0_propImpl.xdc] to another XDC file and exclude this new file from synthesis with the used_in_synthesis property (File Properties dialog in GUI) and re-run elaboration/synthesis.
Parsing XDC File [/home/training/Projects/bsp_build_tests/test_tag/u96v2_sbc_base/hdl/projects/u96v2_sbc_base_2020_2/u96v2_sbc_base.runs/u96v2_sbc_base_system_management_wiz_0_0_synth_1/dont_touch.xdc]
Finished Parsing XDC File [/home/training/Projects/bsp_build_tests/test_tag/u96v2_sbc_base/hdl/projects/u96v2_sbc_base_2020_2/u96v2_sbc_base.runs/u96v2_sbc_base_system_management_wiz_0_0_synth_1/dont_touch.xdc]
Completed Processing XDC Constraints

Netlist sorting complete. Time (s): cpu = 00:00:00 ; elapsed = 00:00:00 . Memory (MB): peak = 2818.941 ; gain = 0.000 ; free physical = 4423 ; free virtual = 9278
INFO: [Project 1-111] Unisim Transformation Summary:
  A total of 17 instances were transformed.
  FDRSE => FDRSE (FDRE, LUT4, VCC): 17 instances

Constraint Validation Runtime : Time (s): cpu = 00:00:00.02 ; elapsed = 00:00:00.03 . Memory (MB): peak = 2818.941 ; gain = 0.000 ; free physical = 4418 ; free virtual = 9273
---------------------------------------------------------------------------------
Finished Constraint Validation : Time (s): cpu = 00:00:23 ; elapsed = 00:00:30 . Memory (MB): peak = 2818.941 ; gain = 269.488 ; free physical = 7829 ; free virtual = 12687
---------------------------------------------------------------------------------
---------------------------------------------------------------------------------
Start Loading Part and Timing Information
---------------------------------------------------------------------------------
Loading part: xczu3eg-sbva484-1-i
INFO: [Synth 8-6742] Reading net delay rules and data
---------------------------------------------------------------------------------
Finished Loading Part and Timing Information : Time (s): cpu = 00:00:23 ; elapsed = 00:00:30 . Memory (MB): peak = 2818.941 ; gain = 269.488 ; free physical = 7828 ; free virtual = 12686
---------------------------------------------------------------------------------
---------------------------------------------------------------------------------
Start Applying 'set_property' XDC Constraints
---------------------------------------------------------------------------------
Applied set_property KEEP_HIERARCHY = SOFT for U0. (constraint file  /home/training/Projects/bsp_build_tests/test_tag/u96v2_sbc_base/hdl/projects/u96v2_sbc_base_2020_2/u96v2_sbc_base.runs/u96v2_sbc_base_system_management_wiz_0_0_synth_1/dont_touch.xdc, line 9).
---------------------------------------------------------------------------------
Finished applying 'set_property' XDC Constraints : Time (s): cpu = 00:00:23 ; elapsed = 00:00:30 . Memory (MB): peak = 2818.941 ; gain = 269.488 ; free physical = 7827 ; free virtual = 12684
---------------------------------------------------------------------------------
INFO: [Synth 8-802] inferred FSM for state register 'state_reg' in module 'u96v2_sbc_base_system_management_wiz_0_0_slave_attachment'
---------------------------------------------------------------------------------------------------
                   State |                     New Encoding |                Previous Encoding 
---------------------------------------------------------------------------------------------------
                 iSTATE2 |                             0001 |                               00
                  iSTATE |                             0010 |                               01
                 iSTATE0 |                             0100 |                               10
                 iSTATE1 |                             1000 |                               11
---------------------------------------------------------------------------------------------------
INFO: [Synth 8-3354] encoded FSM with state register 'state_reg' using encoding 'one-hot' in module 'u96v2_sbc_base_system_management_wiz_0_0_slave_attachment'
---------------------------------------------------------------------------------
Finished RTL Optimization Phase 2 : Time (s): cpu = 00:00:24 ; elapsed = 00:00:31 . Memory (MB): peak = 2818.941 ; gain = 269.488 ; free physical = 7800 ; free virtual = 12658
---------------------------------------------------------------------------------
---------------------------------------------------------------------------------
Start RTL Component Statistics 
---------------------------------------------------------------------------------
Detailed RTL Component Info : 
+---Adders : 
	   2 Input    7 Bit       Adders := 1     
+---XORs : 
	   2 Input      1 Bit         XORs := 18    
+---Registers : 
	               32 Bit    Registers := 2     
	               18 Bit    Registers := 1     
	               16 Bit    Registers := 2     
	               13 Bit    Registers := 1     
	               12 Bit    Registers := 1     
	                7 Bit    Registers := 1     
	                2 Bit    Registers := 3     
	                1 Bit    Registers := 128   
+---Muxes : 
	   2 Input   32 Bit        Muxes := 3     
	   4 Input   18 Bit        Muxes := 1     
	   2 Input   13 Bit        Muxes := 1     
	   4 Input    4 Bit        Muxes := 1     
	   2 Input    4 Bit        Muxes := 6     
	   7 Input    2 Bit        Muxes := 1     
	   2 Input    2 Bit        Muxes := 2     
	   2 Input    1 Bit        Muxes := 55    
	   3 Input    1 Bit        Muxes := 1     
---------------------------------------------------------------------------------
Finished RTL Component Statistics 
---------------------------------------------------------------------------------
---------------------------------------------------------------------------------
Start Part Resource Summary
---------------------------------------------------------------------------------
Part Resources:
DSPs: 360 (col length:72)
BRAMs: 432 (col length: RAMB18 72 RAMB36 36)
---------------------------------------------------------------------------------
Finished Part Resource Summary
---------------------------------------------------------------------------------
---------------------------------------------------------------------------------
Start Cross Boundary and Area Optimization
---------------------------------------------------------------------------------
---------------------------------------------------------------------------------
Finished Cross Boundary and Area Optimization : Time (s): cpu = 00:00:27 ; elapsed = 00:00:34 . Memory (MB): peak = 2818.941 ; gain = 269.488 ; free physical = 7696 ; free virtual = 12558
---------------------------------------------------------------------------------
---------------------------------------------------------------------------------
Start Applying XDC Timing Constraints
---------------------------------------------------------------------------------
---------------------------------------------------------------------------------
Finished Applying XDC Timing Constraints : Time (s): cpu = 00:00:49 ; elapsed = 00:01:14 . Memory (MB): peak = 3186.215 ; gain = 636.762 ; free physical = 6105 ; free virtual = 10985
---------------------------------------------------------------------------------
---------------------------------------------------------------------------------
Start Timing Optimization
---------------------------------------------------------------------------------
---------------------------------------------------------------------------------
Finished Timing Optimization : Time (s): cpu = 00:00:50 ; elapsed = 00:01:15 . Memory (MB): peak = 3229.254 ; gain = 679.801 ; free physical = 6012 ; free virtual = 10892
---------------------------------------------------------------------------------
---------------------------------------------------------------------------------
Start Technology Mapping
---------------------------------------------------------------------------------
---------------------------------------------------------------------------------
Finished Technology Mapping : Time (s): cpu = 00:00:51 ; elapsed = 00:01:16 . Memory (MB): peak = 3229.254 ; gain = 679.801 ; free physical = 5984 ; free virtual = 10867
---------------------------------------------------------------------------------
---------------------------------------------------------------------------------
Start IO Insertion
---------------------------------------------------------------------------------
---------------------------------------------------------------------------------
Start Flattening Before IO Insertion
---------------------------------------------------------------------------------
---------------------------------------------------------------------------------
Finished Flattening Before IO Insertion
---------------------------------------------------------------------------------
---------------------------------------------------------------------------------
Start Final Netlist Cleanup
---------------------------------------------------------------------------------
---------------------------------------------------------------------------------
Finished Final Netlist Cleanup
---------------------------------------------------------------------------------
WARNING: [Synth 8-3295] tying undriven pin AXI_SYSMON_CORE_I/daddr_C_master_reg_inferred:in0[7] to constant 0
WARNING: [Synth 8-3295] tying undriven pin AXI_SYSMON_CORE_I/daddr_C_master_reg_inferred:in0[6] to constant 0
WARNING: [Synth 8-3295] tying undriven pin AXI_SYSMON_CORE_I/daddr_C_master_reg_inferred:in0[5] to constant 0
WARNING: [Synth 8-3295] tying undriven pin AXI_SYSMON_CORE_I/daddr_C_master_reg_inferred:in0[4] to constant 0
WARNING: [Synth 8-3295] tying undriven pin AXI_SYSMON_CORE_I/daddr_C_master_reg_inferred:in0[3] to constant 0
WARNING: [Synth 8-3295] tying undriven pin AXI_SYSMON_CORE_I/daddr_C_master_reg_inferred:in0[2] to constant 0
WARNING: [Synth 8-3295] tying undriven pin AXI_SYSMON_CORE_I/daddr_C_master_reg_inferred:in0[1] to constant 0
WARNING: [Synth 8-3295] tying undriven pin AXI_SYSMON_CORE_I/daddr_C_master_reg_inferred:in0[0] to constant 0
WARNING: [Synth 8-3295] tying undriven pin AXI_SYSMON_CORE_I/di_C_master_reg_inferred:in0[15] to constant 0
WARNING: [Synth 8-3295] tying undriven pin AXI_SYSMON_CORE_I/di_C_master_reg_inferred:in0[14] to constant 0
WARNING: [Synth 8-3295] tying undriven pin AXI_SYSMON_CORE_I/di_C_master_reg_inferred:in0[13] to constant 0
WARNING: [Synth 8-3295] tying undriven pin AXI_SYSMON_CORE_I/di_C_master_reg_inferred:in0[12] to constant 0
WARNING: [Synth 8-3295] tying undriven pin AXI_SYSMON_CORE_I/di_C_master_reg_inferred:in0[11] to constant 0
WARNING: [Synth 8-3295] tying undriven pin AXI_SYSMON_CORE_I/di_C_master_reg_inferred:in0[10] to constant 0
WARNING: [Synth 8-3295] tying undriven pin AXI_SYSMON_CORE_I/di_C_master_reg_inferred:in0[9] to constant 0
WARNING: [Synth 8-3295] tying undriven pin AXI_SYSMON_CORE_I/di_C_master_reg_inferred:in0[8] to constant 0
WARNING: [Synth 8-3295] tying undriven pin AXI_SYSMON_CORE_I/di_C_master_reg_inferred:in0[7] to constant 0
WARNING: [Synth 8-3295] tying undriven pin AXI_SYSMON_CORE_I/di_C_master_reg_inferred:in0[6] to constant 0
WARNING: [Synth 8-3295] tying undriven pin AXI_SYSMON_CORE_I/di_C_master_reg_inferred:in0[5] to constant 0
WARNING: [Synth 8-3295] tying undriven pin AXI_SYSMON_CORE_I/di_C_master_reg_inferred:in0[4] to constant 0
WARNING: [Synth 8-3295] tying undriven pin AXI_SYSMON_CORE_I/di_C_master_reg_inferred:in0[3] to constant 0
WARNING: [Synth 8-3295] tying undriven pin AXI_SYSMON_CORE_I/di_C_master_reg_inferred:in0[2] to constant 0
WARNING: [Synth 8-3295] tying undriven pin AXI_SYSMON_CORE_I/di_C_master_reg_inferred:in0[1] to constant 0
WARNING: [Synth 8-3295] tying undriven pin AXI_SYSMON_CORE_I/di_C_master_reg_inferred:in0[0] to constant 0
WARNING: [Synth 8-3295] tying undriven pin AXI_SYSMON_CORE_I/dwe_C_master_reg_inferred:in0 to constant 0
WARNING: [Synth 8-3295] tying undriven pin AXI_SYSMON_CORE_I/daddr_C_slave0_reg_inferred:in0[7] to constant 0
WARNING: [Synth 8-3295] tying undriven pin AXI_SYSMON_CORE_I/daddr_C_slave0_reg_inferred:in0[6] to constant 0
WARNING: [Synth 8-3295] tying undriven pin AXI_SYSMON_CORE_I/daddr_C_slave0_reg_inferred:in0[5] to constant 0
WARNING: [Synth 8-3295] tying undriven pin AXI_SYSMON_CORE_I/daddr_C_slave0_reg_inferred:in0[4] to constant 0
WARNING: [Synth 8-3295] tying undriven pin AXI_SYSMON_CORE_I/daddr_C_slave0_reg_inferred:in0[3] to constant 0
WARNING: [Synth 8-3295] tying undriven pin AXI_SYSMON_CORE_I/daddr_C_slave0_reg_inferred:in0[2] to constant 0
WARNING: [Synth 8-3295] tying undriven pin AXI_SYSMON_CORE_I/daddr_C_slave0_reg_inferred:in0[1] to constant 0
WARNING: [Synth 8-3295] tying undriven pin AXI_SYSMON_CORE_I/daddr_C_slave0_reg_inferred:in0[0] to constant 0
WARNING: [Synth 8-3295] tying undriven pin AXI_SYSMON_CORE_I/di_C_slave0_reg_inferred:in0[15] to constant 0
WARNING: [Synth 8-3295] tying undriven pin AXI_SYSMON_CORE_I/di_C_slave0_reg_inferred:in0[14] to constant 0
WARNING: [Synth 8-3295] tying undriven pin AXI_SYSMON_CORE_I/di_C_slave0_reg_inferred:in0[13] to constant 0
WARNING: [Synth 8-3295] tying undriven pin AXI_SYSMON_CORE_I/di_C_slave0_reg_inferred:in0[12] to constant 0
WARNING: [Synth 8-3295] tying undriven pin AXI_SYSMON_CORE_I/di_C_slave0_reg_inferred:in0[11] to constant 0
WARNING: [Synth 8-3295] tying undriven pin AXI_SYSMON_CORE_I/di_C_slave0_reg_inferred:in0[10] to constant 0
WARNING: [Synth 8-3295] tying undriven pin AXI_SYSMON_CORE_I/di_C_slave0_reg_inferred:in0[9] to constant 0
WARNING: [Synth 8-3295] tying undriven pin AXI_SYSMON_CORE_I/di_C_slave0_reg_inferred:in0[8] to constant 0
WARNING: [Synth 8-3295] tying undriven pin AXI_SYSMON_CORE_I/di_C_slave0_reg_inferred:in0[7] to constant 0
WARNING: [Synth 8-3295] tying undriven pin AXI_SYSMON_CORE_I/di_C_slave0_reg_inferred:in0[6] to constant 0
WARNING: [Synth 8-3295] tying undriven pin AXI_SYSMON_CORE_I/di_C_slave0_reg_inferred:in0[5] to constant 0
WARNING: [Synth 8-3295] tying undriven pin AXI_SYSMON_CORE_I/di_C_slave0_reg_inferred:in0[4] to constant 0
WARNING: [Synth 8-3295] tying undriven pin AXI_SYSMON_CORE_I/di_C_slave0_reg_inferred:in0[3] to constant 0
WARNING: [Synth 8-3295] tying undriven pin AXI_SYSMON_CORE_I/di_C_slave0_reg_inferred:in0[2] to constant 0
WARNING: [Synth 8-3295] tying undriven pin AXI_SYSMON_CORE_I/di_C_slave0_reg_inferred:in0[1] to constant 0
WARNING: [Synth 8-3295] tying undriven pin AXI_SYSMON_CORE_I/di_C_slave0_reg_inferred:in0[0] to constant 0
WARNING: [Synth 8-3295] tying undriven pin AXI_SYSMON_CORE_I/dwe_C_slave0_reg_inferred:in0 to constant 0
WARNING: [Synth 8-3295] tying undriven pin AXI_SYSMON_CORE_I/daddr_C_slave1_reg_inferred:in0[7] to constant 0
WARNING: [Synth 8-3295] tying undriven pin AXI_SYSMON_CORE_I/daddr_C_slave1_reg_inferred:in0[6] to constant 0
WARNING: [Synth 8-3295] tying undriven pin AXI_SYSMON_CORE_I/daddr_C_slave1_reg_inferred:in0[5] to constant 0
WARNING: [Synth 8-3295] tying undriven pin AXI_SYSMON_CORE_I/daddr_C_slave1_reg_inferred:in0[4] to constant 0
WARNING: [Synth 8-3295] tying undriven pin AXI_SYSMON_CORE_I/daddr_C_slave1_reg_inferred:in0[3] to constant 0
WARNING: [Synth 8-3295] tying undriven pin AXI_SYSMON_CORE_I/daddr_C_slave1_reg_inferred:in0[2] to constant 0
WARNING: [Synth 8-3295] tying undriven pin AXI_SYSMON_CORE_I/daddr_C_slave1_reg_inferred:in0[1] to constant 0
WARNING: [Synth 8-3295] tying undriven pin AXI_SYSMON_CORE_I/daddr_C_slave1_reg_inferred:in0[0] to constant 0
WARNING: [Synth 8-3295] tying undriven pin AXI_SYSMON_CORE_I/di_C_slave1_reg_inferred:in0[15] to constant 0
WARNING: [Synth 8-3295] tying undriven pin AXI_SYSMON_CORE_I/di_C_slave1_reg_inferred:in0[14] to constant 0
WARNING: [Synth 8-3295] tying undriven pin AXI_SYSMON_CORE_I/di_C_slave1_reg_inferred:in0[13] to constant 0
WARNING: [Synth 8-3295] tying undriven pin AXI_SYSMON_CORE_I/di_C_slave1_reg_inferred:in0[12] to constant 0
WARNING: [Synth 8-3295] tying undriven pin AXI_SYSMON_CORE_I/di_C_slave1_reg_inferred:in0[11] to constant 0
WARNING: [Synth 8-3295] tying undriven pin AXI_SYSMON_CORE_I/di_C_slave1_reg_inferred:in0[10] to constant 0
WARNING: [Synth 8-3295] tying undriven pin AXI_SYSMON_CORE_I/di_C_slave1_reg_inferred:in0[9] to constant 0
WARNING: [Synth 8-3295] tying undriven pin AXI_SYSMON_CORE_I/di_C_slave1_reg_inferred:in0[8] to constant 0
WARNING: [Synth 8-3295] tying undriven pin AXI_SYSMON_CORE_I/di_C_slave1_reg_inferred:in0[7] to constant 0
WARNING: [Synth 8-3295] tying undriven pin AXI_SYSMON_CORE_I/di_C_slave1_reg_inferred:in0[6] to constant 0
WARNING: [Synth 8-3295] tying undriven pin AXI_SYSMON_CORE_I/di_C_slave1_reg_inferred:in0[5] to constant 0
WARNING: [Synth 8-3295] tying undriven pin AXI_SYSMON_CORE_I/di_C_slave1_reg_inferred:in0[4] to constant 0
WARNING: [Synth 8-3295] tying undriven pin AXI_SYSMON_CORE_I/di_C_slave1_reg_inferred:in0[3] to constant 0
WARNING: [Synth 8-3295] tying undriven pin AXI_SYSMON_CORE_I/di_C_slave1_reg_inferred:in0[2] to constant 0
WARNING: [Synth 8-3295] tying undriven pin AXI_SYSMON_CORE_I/di_C_slave1_reg_inferred:in0[1] to constant 0
WARNING: [Synth 8-3295] tying undriven pin AXI_SYSMON_CORE_I/di_C_slave1_reg_inferred:in0[0] to constant 0
WARNING: [Synth 8-3295] tying undriven pin AXI_SYSMON_CORE_I/dwe_C_slave1_reg_inferred:in0 to constant 0
WARNING: [Synth 8-3295] tying undriven pin AXI_SYSMON_CORE_I/daddr_C_master_reg2_inferred:in0[7] to constant 0
WARNING: [Synth 8-3295] tying undriven pin AXI_SYSMON_CORE_I/daddr_C_master_reg2_inferred:in0[6] to constant 0
WARNING: [Synth 8-3295] tying undriven pin AXI_SYSMON_CORE_I/daddr_C_master_reg2_inferred:in0[5] to constant 0
WARNING: [Synth 8-3295] tying undriven pin AXI_SYSMON_CORE_I/daddr_C_master_reg2_inferred:in0[4] to constant 0
WARNING: [Synth 8-3295] tying undriven pin AXI_SYSMON_CORE_I/daddr_C_master_reg2_inferred:in0[3] to constant 0
WARNING: [Synth 8-3295] tying undriven pin AXI_SYSMON_CORE_I/daddr_C_master_reg2_inferred:in0[2] to constant 0
WARNING: [Synth 8-3295] tying undriven pin AXI_SYSMON_CORE_I/daddr_C_master_reg2_inferred:in0[1] to constant 0
WARNING: [Synth 8-3295] tying undriven pin AXI_SYSMON_CORE_I/daddr_C_master_reg2_inferred:in0[0] to constant 0
WARNING: [Synth 8-3295] tying undriven pin AXI_SYSMON_CORE_I/di_C_master_reg2_inferred:in0[15] to constant 0
WARNING: [Synth 8-3295] tying undriven pin AXI_SYSMON_CORE_I/di_C_master_reg2_inferred:in0[14] to constant 0
WARNING: [Synth 8-3295] tying undriven pin AXI_SYSMON_CORE_I/di_C_master_reg2_inferred:in0[13] to constant 0
WARNING: [Synth 8-3295] tying undriven pin AXI_SYSMON_CORE_I/di_C_master_reg2_inferred:in0[12] to constant 0
WARNING: [Synth 8-3295] tying undriven pin AXI_SYSMON_CORE_I/di_C_master_reg2_inferred:in0[11] to constant 0
WARNING: [Synth 8-3295] tying undriven pin AXI_SYSMON_CORE_I/di_C_master_reg2_inferred:in0[10] to constant 0
WARNING: [Synth 8-3295] tying undriven pin AXI_SYSMON_CORE_I/di_C_master_reg2_inferred:in0[9] to constant 0
WARNING: [Synth 8-3295] tying undriven pin AXI_SYSMON_CORE_I/di_C_master_reg2_inferred:in0[8] to constant 0
WARNING: [Synth 8-3295] tying undriven pin AXI_SYSMON_CORE_I/di_C_master_reg2_inferred:in0[7] to constant 0
WARNING: [Synth 8-3295] tying undriven pin AXI_SYSMON_CORE_I/di_C_master_reg2_inferred:in0[6] to constant 0
WARNING: [Synth 8-3295] tying undriven pin AXI_SYSMON_CORE_I/di_C_master_reg2_inferred:in0[5] to constant 0
WARNING: [Synth 8-3295] tying undriven pin AXI_SYSMON_CORE_I/di_C_master_reg2_inferred:in0[4] to constant 0
WARNING: [Synth 8-3295] tying undriven pin AXI_SYSMON_CORE_I/di_C_master_reg2_inferred:in0[3] to constant 0
WARNING: [Synth 8-3295] tying undriven pin AXI_SYSMON_CORE_I/di_C_master_reg2_inferred:in0[2] to constant 0
WARNING: [Synth 8-3295] tying undriven pin AXI_SYSMON_CORE_I/di_C_master_reg2_inferred:in0[1] to constant 0
WARNING: [Synth 8-3295] tying undriven pin AXI_SYSMON_CORE_I/di_C_master_reg2_inferred:in0[0] to constant 0
WARNING: [Synth 8-3295] tying undriven pin AXI_SYSMON_CORE_I/dwe_C_master_reg2_inferred:in0 to constant 0
INFO: [Common 17-14] Message 'Synth 8-3295' appears 100 times and further instances of the messages will be disabled. Use the Tcl command set_msg_config to change the current settings.
---------------------------------------------------------------------------------
Finished IO Insertion : Time (s): cpu = 00:00:55 ; elapsed = 00:01:20 . Memory (MB): peak = 3229.254 ; gain = 679.801 ; free physical = 5978 ; free virtual = 10862
---------------------------------------------------------------------------------
---------------------------------------------------------------------------------
Start Renaming Generated Instances
---------------------------------------------------------------------------------
---------------------------------------------------------------------------------
Finished Renaming Generated Instances : Time (s): cpu = 00:00:55 ; elapsed = 00:01:20 . Memory (MB): peak = 3229.254 ; gain = 679.801 ; free physical = 5978 ; free virtual = 10862
---------------------------------------------------------------------------------
---------------------------------------------------------------------------------
Start Rebuilding User Hierarchy
---------------------------------------------------------------------------------
---------------------------------------------------------------------------------
Finished Rebuilding User Hierarchy : Time (s): cpu = 00:00:55 ; elapsed = 00:01:20 . Memory (MB): peak = 3229.254 ; gain = 679.801 ; free physical = 5975 ; free virtual = 10859
---------------------------------------------------------------------------------
---------------------------------------------------------------------------------
Start Renaming Generated Ports
---------------------------------------------------------------------------------
---------------------------------------------------------------------------------
Finished Renaming Generated Ports : Time (s): cpu = 00:00:55 ; elapsed = 00:01:20 . Memory (MB): peak = 3229.254 ; gain = 679.801 ; free physical = 5974 ; free virtual = 10858
---------------------------------------------------------------------------------
---------------------------------------------------------------------------------
Start Handling Custom Attributes
---------------------------------------------------------------------------------
---------------------------------------------------------------------------------
Finished Handling Custom Attributes : Time (s): cpu = 00:00:55 ; elapsed = 00:01:20 . Memory (MB): peak = 3229.254 ; gain = 679.801 ; free physical = 5968 ; free virtual = 10853
---------------------------------------------------------------------------------
---------------------------------------------------------------------------------
Start Renaming Generated Nets
---------------------------------------------------------------------------------
---------------------------------------------------------------------------------
Finished Renaming Generated Nets : Time (s): cpu = 00:00:55 ; elapsed = 00:01:20 . Memory (MB): peak = 3229.254 ; gain = 679.801 ; free physical = 5968 ; free virtual = 10853
---------------------------------------------------------------------------------
---------------------------------------------------------------------------------
Start Writing Synthesis Report
---------------------------------------------------------------------------------

Report BlackBoxes: 
+-+--------------+----------+
| |BlackBox name |Instances |
+-+--------------+----------+
+-+--------------+----------+

Report Cell Usage: 
+------+---------+------+
|      |Cell     |Count |
+------+---------+------+
|1     |LUT1     |   152|
|2     |LUT2     |    36|
|3     |LUT3     |    26|
|4     |LUT4     |    23|
|5     |LUT5     |    69|
|6     |LUT6     |    46|
|7     |SYSMONE4 |     1|
|8     |FDRE     |   227|
|9     |FDSE     |    37|
+------+---------+------+
---------------------------------------------------------------------------------
Finished Writing Synthesis Report : Time (s): cpu = 00:00:55 ; elapsed = 00:01:20 . Memory (MB): peak = 3229.254 ; gain = 679.801 ; free physical = 5967 ; free virtual = 10852
---------------------------------------------------------------------------------
Synthesis finished with 0 errors, 0 critical warnings and 150 warnings.
Synthesis Optimization Runtime : Time (s): cpu = 00:00:45 ; elapsed = 00:01:08 . Memory (MB): peak = 3229.254 ; gain = 526.059 ; free physical = 6001 ; free virtual = 10885
Synthesis Optimization Complete : Time (s): cpu = 00:00:55 ; elapsed = 00:01:20 . Memory (MB): peak = 3229.262 ; gain = 679.801 ; free physical = 6001 ; free virtual = 10885
INFO: [Project 1-571] Translating synthesized netlist
Netlist sorting complete. Time (s): cpu = 00:00:00.01 ; elapsed = 00:00:00.01 . Memory (MB): peak = 3229.262 ; gain = 0.000 ; free physical = 5990 ; free virtual = 10874
INFO: [Project 1-570] Preparing netlist for logic optimization
INFO: [Opt 31-138] Pushed 0 inverter(s) to 0 load pin(s).
Netlist sorting complete. Time (s): cpu = 00:00:00 ; elapsed = 00:00:00 . Memory (MB): peak = 3257.137 ; gain = 0.000 ; free physical = 5957 ; free virtual = 10841
INFO: [Project 1-111] Unisim Transformation Summary:
No Unisim elements were transformed.

INFO: [Common 17-83] Releasing license: Synthesis
113 Infos, 100 Warnings, 0 Critical Warnings and 0 Errors encountered.
synth_design completed successfully
synth_design: Time (s): cpu = 00:01:13 ; elapsed = 00:01:37 . Memory (MB): peak = 3257.137 ; gain = 928.078 ; free physical = 6086 ; free virtual = 10970
INFO: [Common 17-1381] The checkpoint '/home/training/Projects/bsp_build_tests/test_tag/u96v2_sbc_base/hdl/projects/u96v2_sbc_base_2020_2/u96v2_sbc_base.runs/u96v2_sbc_base_system_management_wiz_0_0_synth_1/u96v2_sbc_base_system_management_wiz_0_0.dcp' has been generated.
WARNING: [Common 17-576] 'use_project_ipc' is deprecated. This option is deprecated and no longer used.
INFO: [Coretcl 2-1648] Added synthesis output to IP cache for IP u96v2_sbc_base_system_management_wiz_0_0, cache-ID = 9db5319b14f7e48b
INFO: [Coretcl 2-1174] Renamed 7 cell refs.
INFO: [Common 17-1381] The checkpoint '/home/training/Projects/bsp_build_tests/test_tag/u96v2_sbc_base/hdl/projects/u96v2_sbc_base_2020_2/u96v2_sbc_base.runs/u96v2_sbc_base_system_management_wiz_0_0_synth_1/u96v2_sbc_base_system_management_wiz_0_0.dcp' has been generated.
INFO: [runtcl-4] Executing : report_utilization -file u96v2_sbc_base_system_management_wiz_0_0_utilization_synth.rpt -pb u96v2_sbc_base_system_management_wiz_0_0_utilization_synth.pb
INFO: [Common 17-206] Exiting Vivado at Tue Apr 27 10:55:43 2021...
