
*** Running vivado
    with args -log u96v2_sbc_base_blk_mem_gen_0_0.vds -m64 -product Vivado -mode batch -messageDb vivado.pb -notrace -source u96v2_sbc_base_blk_mem_gen_0_0.tcl


****** Vivado v2020.2.2 (64-bit)
  **** SW Build 3118627 on Tue Feb  9 05:13:49 MST 2021
  **** IP Build 3115676 on Tue Feb  9 10:48:11 MST 2021
    ** Copyright 1986-2021 Xilinx, Inc. All Rights Reserved.

Sourcing tcl script '/tools/Xilinx/Vivado/2020.2/scripts/Vivado_init.tcl'
4 Beta devices matching pattern found, 0 enabled.
Set Board Part RepoPath: /home/training/git/avnet/bdf /home/training/Documents/KV260/vivado_humboldt_som_ea2_release_2020.2.2/som_ea_drop
source u96v2_sbc_base_blk_mem_gen_0_0.tcl -notrace
INFO: [IP_Flow 19-234] Refreshing IP repositories
INFO: [IP_Flow 19-1700] Loaded user IP repository '/home/training/Projects/bsp_build_tests/test_tag/u96v2_sbc_base/hdl/ip'.
INFO: [IP_Flow 19-2313] Loaded Vivado IP repository '/tools/Xilinx/Vivado/2020.2/data/ip'.
Command: synth_design -top u96v2_sbc_base_blk_mem_gen_0_0 -part xczu3eg-sbva484-1-i -mode out_of_context
Starting synth_design
Attempting to get a license for feature 'Synthesis' and/or device 'xczu3eg'
INFO: [Common 17-349] Got license for feature 'Synthesis' and/or device 'xczu3eg'
INFO: [Device 21-403] Loading part xczu3eg-sbva484-1-i
INFO: [Synth 8-7079] Multithreading enabled for synth_design using a maximum of 4 processes.
INFO: [Synth 8-7078] Launching helper process for spawning children vivado processes
INFO: [Synth 8-7075] Helper process launched with PID 25926
---------------------------------------------------------------------------------
Starting RTL Elaboration : Time (s): cpu = 00:00:11 ; elapsed = 00:00:26 . Memory (MB): peak = 2578.297 ; gain = 31.902 ; free physical = 5582 ; free virtual = 10496
---------------------------------------------------------------------------------
INFO: [Synth 8-638] synthesizing module 'u96v2_sbc_base_blk_mem_gen_0_0' [/home/training/Projects/bsp_build_tests/test_tag/u96v2_sbc_base/hdl/projects/u96v2_sbc_base_2020_2/u96v2_sbc_base.gen/sources_1/bd/u96v2_sbc_base/ip/u96v2_sbc_base_blk_mem_gen_0_0/synth/u96v2_sbc_base_blk_mem_gen_0_0.vhd:80]
	Parameter C_FAMILY bound to: zynquplus - type: string 
	Parameter C_XDEVICEFAMILY bound to: zynquplus - type: string 
	Parameter C_ELABORATION_DIR bound to: ./ - type: string 
	Parameter C_INTERFACE_TYPE bound to: 0 - type: integer 
	Parameter C_AXI_TYPE bound to: 1 - type: integer 
	Parameter C_AXI_SLAVE_TYPE bound to: 0 - type: integer 
	Parameter C_USE_BRAM_BLOCK bound to: 1 - type: integer 
	Parameter C_ENABLE_32BIT_ADDRESS bound to: 1 - type: integer 
	Parameter C_CTRL_ECC_ALGO bound to: NONE - type: string 
	Parameter C_HAS_AXI_ID bound to: 0 - type: integer 
	Parameter C_AXI_ID_WIDTH bound to: 4 - type: integer 
	Parameter C_MEM_TYPE bound to: 2 - type: integer 
	Parameter C_BYTE_SIZE bound to: 8 - type: integer 
	Parameter C_ALGORITHM bound to: 1 - type: integer 
	Parameter C_PRIM_TYPE bound to: 1 - type: integer 
	Parameter C_LOAD_INIT_FILE bound to: 0 - type: integer 
	Parameter C_INIT_FILE_NAME bound to: no_coe_file_loaded - type: string 
	Parameter C_INIT_FILE bound to: NONE - type: string 
	Parameter C_USE_DEFAULT_DATA bound to: 0 - type: integer 
	Parameter C_DEFAULT_DATA bound to: 0 - type: string 
	Parameter C_HAS_RSTA bound to: 1 - type: integer 
	Parameter C_RST_PRIORITY_A bound to: CE - type: string 
	Parameter C_RSTRAM_A bound to: 0 - type: integer 
	Parameter C_INITA_VAL bound to: 0 - type: string 
	Parameter C_HAS_ENA bound to: 1 - type: integer 
	Parameter C_HAS_REGCEA bound to: 0 - type: integer 
	Parameter C_USE_BYTE_WEA bound to: 1 - type: integer 
	Parameter C_WEA_WIDTH bound to: 16 - type: integer 
	Parameter C_WRITE_MODE_A bound to: WRITE_FIRST - type: string 
	Parameter C_WRITE_WIDTH_A bound to: 128 - type: integer 
	Parameter C_READ_WIDTH_A bound to: 128 - type: integer 
	Parameter C_WRITE_DEPTH_A bound to: 1024 - type: integer 
	Parameter C_READ_DEPTH_A bound to: 1024 - type: integer 
	Parameter C_ADDRA_WIDTH bound to: 32 - type: integer 
	Parameter C_HAS_RSTB bound to: 1 - type: integer 
	Parameter C_RST_PRIORITY_B bound to: CE - type: string 
	Parameter C_RSTRAM_B bound to: 0 - type: integer 
	Parameter C_INITB_VAL bound to: 0 - type: string 
	Parameter C_HAS_ENB bound to: 1 - type: integer 
	Parameter C_HAS_REGCEB bound to: 0 - type: integer 
	Parameter C_USE_BYTE_WEB bound to: 1 - type: integer 
	Parameter C_WEB_WIDTH bound to: 16 - type: integer 
	Parameter C_WRITE_MODE_B bound to: WRITE_FIRST - type: string 
	Parameter C_WRITE_WIDTH_B bound to: 128 - type: integer 
	Parameter C_READ_WIDTH_B bound to: 128 - type: integer 
	Parameter C_WRITE_DEPTH_B bound to: 1024 - type: integer 
	Parameter C_READ_DEPTH_B bound to: 1024 - type: integer 
	Parameter C_ADDRB_WIDTH bound to: 32 - type: integer 
	Parameter C_HAS_MEM_OUTPUT_REGS_A bound to: 0 - type: integer 
	Parameter C_HAS_MEM_OUTPUT_REGS_B bound to: 0 - type: integer 
	Parameter C_HAS_MUX_OUTPUT_REGS_A bound to: 0 - type: integer 
	Parameter C_HAS_MUX_OUTPUT_REGS_B bound to: 0 - type: integer 
	Parameter C_MUX_PIPELINE_STAGES bound to: 0 - type: integer 
	Parameter C_HAS_SOFTECC_INPUT_REGS_A bound to: 0 - type: integer 
	Parameter C_HAS_SOFTECC_OUTPUT_REGS_B bound to: 0 - type: integer 
	Parameter C_USE_SOFTECC bound to: 0 - type: integer 
	Parameter C_USE_ECC bound to: 0 - type: integer 
	Parameter C_EN_ECC_PIPE bound to: 0 - type: integer 
	Parameter C_READ_LATENCY_A bound to: 1 - type: integer 
	Parameter C_READ_LATENCY_B bound to: 1 - type: integer 
	Parameter C_HAS_INJECTERR bound to: 0 - type: integer 
	Parameter C_SIM_COLLISION_CHECK bound to: ALL - type: string 
	Parameter C_COMMON_CLK bound to: 0 - type: integer 
	Parameter C_DISABLE_WARN_BHV_COLL bound to: 0 - type: integer 
	Parameter C_EN_SLEEP_PIN bound to: 0 - type: integer 
	Parameter C_USE_URAM bound to: 0 - type: integer 
	Parameter C_EN_RDADDRA_CHG bound to: 0 - type: integer 
	Parameter C_EN_RDADDRB_CHG bound to: 0 - type: integer 
	Parameter C_EN_DEEPSLEEP_PIN bound to: 0 - type: integer 
	Parameter C_EN_SHUTDOWN_PIN bound to: 0 - type: integer 
	Parameter C_EN_SAFETY_CKT bound to: 1 - type: integer 
	Parameter C_DISABLE_WARN_BHV_RANGE bound to: 0 - type: integer 
	Parameter C_COUNT_36K_BRAM bound to: 4 - type: string 
	Parameter C_COUNT_18K_BRAM bound to: 0 - type: string 
	Parameter C_EST_POWER_SUMMARY bound to: Estimated Power for IP     :     17.37293 mW - type: string 
INFO: [Synth 8-3491] module 'blk_mem_gen_v8_4_4' declared at '/home/training/Projects/bsp_build_tests/test_tag/u96v2_sbc_base/hdl/projects/u96v2_sbc_base_2020_2/u96v2_sbc_base.gen/sources_1/bd/u96v2_sbc_base/ipshared/2985/hdl/blk_mem_gen_v8_4_vhsyn_rfs.vhd:195321' bound to instance 'U0' of component 'blk_mem_gen_v8_4_4' [/home/training/Projects/bsp_build_tests/test_tag/u96v2_sbc_base/hdl/projects/u96v2_sbc_base_2020_2/u96v2_sbc_base.gen/sources_1/bd/u96v2_sbc_base/ip/u96v2_sbc_base_blk_mem_gen_0_0/synth/u96v2_sbc_base_blk_mem_gen_0_0.vhd:255]
INFO: [Synth 8-256] done synthesizing module 'u96v2_sbc_base_blk_mem_gen_0_0' (9#1) [/home/training/Projects/bsp_build_tests/test_tag/u96v2_sbc_base/hdl/projects/u96v2_sbc_base_2020_2/u96v2_sbc_base.gen/sources_1/bd/u96v2_sbc_base/ip/u96v2_sbc_base_blk_mem_gen_0_0/synth/u96v2_sbc_base_blk_mem_gen_0_0.vhd:80]
---------------------------------------------------------------------------------
Finished RTL Elaboration : Time (s): cpu = 00:00:33 ; elapsed = 00:01:03 . Memory (MB): peak = 2823.547 ; gain = 277.152 ; free physical = 3270 ; free virtual = 8194
---------------------------------------------------------------------------------
---------------------------------------------------------------------------------
Start Handling Custom Attributes
---------------------------------------------------------------------------------
---------------------------------------------------------------------------------
Finished Handling Custom Attributes : Time (s): cpu = 00:00:34 ; elapsed = 00:01:04 . Memory (MB): peak = 2823.547 ; gain = 277.152 ; free physical = 3229 ; free virtual = 8153
---------------------------------------------------------------------------------
---------------------------------------------------------------------------------
Finished RTL Optimization Phase 1 : Time (s): cpu = 00:00:34 ; elapsed = 00:01:04 . Memory (MB): peak = 2823.547 ; gain = 277.152 ; free physical = 3229 ; free virtual = 8153
---------------------------------------------------------------------------------
Netlist sorting complete. Time (s): cpu = 00:00:00.02 ; elapsed = 00:00:00.03 . Memory (MB): peak = 2831.547 ; gain = 0.000 ; free physical = 3200 ; free virtual = 8124
INFO: [Project 1-570] Preparing netlist for logic optimization

Processing XDC Constraints
Initializing timing engine
Parsing XDC File [/home/training/Projects/bsp_build_tests/test_tag/u96v2_sbc_base/hdl/projects/u96v2_sbc_base_2020_2/u96v2_sbc_base.gen/sources_1/bd/u96v2_sbc_base/ip/u96v2_sbc_base_blk_mem_gen_0_0/u96v2_sbc_base_blk_mem_gen_0_0_ooc.xdc] for cell 'U0'
create_clock: Time (s): cpu = 00:00:10 ; elapsed = 00:00:10 . Memory (MB): peak = 2879.570 ; gain = 0.000 ; free physical = 4573 ; free virtual = 9504
Finished Parsing XDC File [/home/training/Projects/bsp_build_tests/test_tag/u96v2_sbc_base/hdl/projects/u96v2_sbc_base_2020_2/u96v2_sbc_base.gen/sources_1/bd/u96v2_sbc_base/ip/u96v2_sbc_base_blk_mem_gen_0_0/u96v2_sbc_base_blk_mem_gen_0_0_ooc.xdc] for cell 'U0'
Parsing XDC File [/home/training/Projects/bsp_build_tests/test_tag/u96v2_sbc_base/hdl/projects/u96v2_sbc_base_2020_2/u96v2_sbc_base.runs/u96v2_sbc_base_blk_mem_gen_0_0_synth_1/dont_touch.xdc]
Finished Parsing XDC File [/home/training/Projects/bsp_build_tests/test_tag/u96v2_sbc_base/hdl/projects/u96v2_sbc_base_2020_2/u96v2_sbc_base.runs/u96v2_sbc_base_blk_mem_gen_0_0_synth_1/dont_touch.xdc]
Completed Processing XDC Constraints

Netlist sorting complete. Time (s): cpu = 00:00:00 ; elapsed = 00:00:00 . Memory (MB): peak = 2879.570 ; gain = 0.000 ; free physical = 4573 ; free virtual = 9503
INFO: [Project 1-111] Unisim Transformation Summary:
No Unisim elements were transformed.

Constraint Validation Runtime : Time (s): cpu = 00:00:00.07 ; elapsed = 00:00:00.09 . Memory (MB): peak = 2879.570 ; gain = 0.000 ; free physical = 4571 ; free virtual = 9501
---------------------------------------------------------------------------------
Finished Constraint Validation : Time (s): cpu = 00:00:56 ; elapsed = 00:01:29 . Memory (MB): peak = 2879.570 ; gain = 333.176 ; free physical = 4621 ; free virtual = 9548
---------------------------------------------------------------------------------
---------------------------------------------------------------------------------
Start Loading Part and Timing Information
---------------------------------------------------------------------------------
Loading part: xczu3eg-sbva484-1-i
INFO: [Synth 8-6742] Reading net delay rules and data
---------------------------------------------------------------------------------
Finished Loading Part and Timing Information : Time (s): cpu = 00:00:56 ; elapsed = 00:01:29 . Memory (MB): peak = 2879.570 ; gain = 333.176 ; free physical = 4621 ; free virtual = 9547
---------------------------------------------------------------------------------
---------------------------------------------------------------------------------
Start Applying 'set_property' XDC Constraints
---------------------------------------------------------------------------------
Applied set_property KEEP_HIERARCHY = SOFT for U0. (constraint file  /home/training/Projects/bsp_build_tests/test_tag/u96v2_sbc_base/hdl/projects/u96v2_sbc_base_2020_2/u96v2_sbc_base.runs/u96v2_sbc_base_blk_mem_gen_0_0_synth_1/dont_touch.xdc, line 9).
---------------------------------------------------------------------------------
Finished applying 'set_property' XDC Constraints : Time (s): cpu = 00:00:56 ; elapsed = 00:01:29 . Memory (MB): peak = 2879.570 ; gain = 333.176 ; free physical = 4620 ; free virtual = 9547
---------------------------------------------------------------------------------
---------------------------------------------------------------------------------
Finished RTL Optimization Phase 2 : Time (s): cpu = 00:00:56 ; elapsed = 00:01:30 . Memory (MB): peak = 2879.570 ; gain = 333.176 ; free physical = 4591 ; free virtual = 9518
---------------------------------------------------------------------------------
---------------------------------------------------------------------------------
Start RTL Component Statistics 
---------------------------------------------------------------------------------
Detailed RTL Component Info : 
+---XORs : 
	   2 Input      1 Bit         XORs := 8     
+---Registers : 
	                5 Bit    Registers := 8     
	                1 Bit    Registers := 32    
---------------------------------------------------------------------------------
Finished RTL Component Statistics 
---------------------------------------------------------------------------------
---------------------------------------------------------------------------------
Start Part Resource Summary
---------------------------------------------------------------------------------
Part Resources:
DSPs: 360 (col length:72)
BRAMs: 432 (col length: RAMB18 72 RAMB36 36)
---------------------------------------------------------------------------------
Finished Part Resource Summary
---------------------------------------------------------------------------------
---------------------------------------------------------------------------------
Start Cross Boundary and Area Optimization
---------------------------------------------------------------------------------
---------------------------------------------------------------------------------
Finished Cross Boundary and Area Optimization : Time (s): cpu = 00:00:58 ; elapsed = 00:01:31 . Memory (MB): peak = 2879.570 ; gain = 333.176 ; free physical = 4700 ; free virtual = 9635
---------------------------------------------------------------------------------
---------------------------------------------------------------------------------
Start Applying XDC Timing Constraints
---------------------------------------------------------------------------------
---------------------------------------------------------------------------------
Finished Applying XDC Timing Constraints : Time (s): cpu = 00:01:24 ; elapsed = 00:02:18 . Memory (MB): peak = 3185.586 ; gain = 639.191 ; free physical = 6716 ; free virtual = 11647
---------------------------------------------------------------------------------
---------------------------------------------------------------------------------
Start Timing Optimization
---------------------------------------------------------------------------------
---------------------------------------------------------------------------------
Finished Timing Optimization : Time (s): cpu = 00:01:24 ; elapsed = 00:02:18 . Memory (MB): peak = 3196.602 ; gain = 650.207 ; free physical = 6709 ; free virtual = 11640
---------------------------------------------------------------------------------
---------------------------------------------------------------------------------
Start Technology Mapping
---------------------------------------------------------------------------------
---------------------------------------------------------------------------------
Finished Technology Mapping : Time (s): cpu = 00:01:24 ; elapsed = 00:02:18 . Memory (MB): peak = 3206.617 ; gain = 660.223 ; free physical = 6694 ; free virtual = 11625
---------------------------------------------------------------------------------
---------------------------------------------------------------------------------
Start IO Insertion
---------------------------------------------------------------------------------
---------------------------------------------------------------------------------
Start Flattening Before IO Insertion
---------------------------------------------------------------------------------
---------------------------------------------------------------------------------
Finished Flattening Before IO Insertion
---------------------------------------------------------------------------------
---------------------------------------------------------------------------------
Start Final Netlist Cleanup
---------------------------------------------------------------------------------
---------------------------------------------------------------------------------
Finished Final Netlist Cleanup
---------------------------------------------------------------------------------
---------------------------------------------------------------------------------
Finished IO Insertion : Time (s): cpu = 00:01:29 ; elapsed = 00:02:24 . Memory (MB): peak = 3212.555 ; gain = 666.160 ; free physical = 5622 ; free virtual = 10553
---------------------------------------------------------------------------------
---------------------------------------------------------------------------------
Start Renaming Generated Instances
---------------------------------------------------------------------------------
---------------------------------------------------------------------------------
Finished Renaming Generated Instances : Time (s): cpu = 00:01:29 ; elapsed = 00:02:24 . Memory (MB): peak = 3212.555 ; gain = 666.160 ; free physical = 5621 ; free virtual = 10552
---------------------------------------------------------------------------------
---------------------------------------------------------------------------------
Start Rebuilding User Hierarchy
---------------------------------------------------------------------------------
---------------------------------------------------------------------------------
Finished Rebuilding User Hierarchy : Time (s): cpu = 00:01:29 ; elapsed = 00:02:24 . Memory (MB): peak = 3212.555 ; gain = 666.160 ; free physical = 5620 ; free virtual = 10551
---------------------------------------------------------------------------------
---------------------------------------------------------------------------------
Start Renaming Generated Ports
---------------------------------------------------------------------------------
---------------------------------------------------------------------------------
Finished Renaming Generated Ports : Time (s): cpu = 00:01:29 ; elapsed = 00:02:24 . Memory (MB): peak = 3212.555 ; gain = 666.160 ; free physical = 5618 ; free virtual = 10550
---------------------------------------------------------------------------------
---------------------------------------------------------------------------------
Start Handling Custom Attributes
---------------------------------------------------------------------------------
---------------------------------------------------------------------------------
Finished Handling Custom Attributes : Time (s): cpu = 00:01:29 ; elapsed = 00:02:24 . Memory (MB): peak = 3212.555 ; gain = 666.160 ; free physical = 5616 ; free virtual = 10547
---------------------------------------------------------------------------------
---------------------------------------------------------------------------------
Start Renaming Generated Nets
---------------------------------------------------------------------------------
---------------------------------------------------------------------------------
Finished Renaming Generated Nets : Time (s): cpu = 00:01:29 ; elapsed = 00:02:24 . Memory (MB): peak = 3212.555 ; gain = 666.160 ; free physical = 5612 ; free virtual = 10543
---------------------------------------------------------------------------------
---------------------------------------------------------------------------------
Start ROM, RAM, DSP, Shift Register and Retiming Reporting
---------------------------------------------------------------------------------

Static Shift Register Report:
+-------------------+----------------------------------------------------------------------------------------------------------------------------------------+--------+-------+--------------+--------------------+-------------------+--------+---------+
|Module Name        | RTL Name                                                                                                                               | Length | Width | Reset Signal | Pull out first Reg | Pull out last Reg | SRL16E | SRLC32E | 
+-------------------+----------------------------------------------------------------------------------------------------------------------------------------+--------+-------+--------------+--------------------+-------------------+--------+---------+
|blk_mem_gen_v8_4_4 | inst_blk_mem_gen/gnbram.gnative_mem_map_bmg.native_mem_map_blk_mem_gen/valid.cstr/ramloop[3].ram.r/SAFETY_CKT_GEN.RSTB_SHFT_REG_reg[4] | 4      | 2     | NO           | NO                 | YES               | 2      | 0       | 
+-------------------+----------------------------------------------------------------------------------------------------------------------------------------+--------+-------+--------------+--------------------+-------------------+--------+---------+

---------------------------------------------------------------------------------
Finished ROM, RAM, DSP, Shift Register and Retiming Reporting
---------------------------------------------------------------------------------
---------------------------------------------------------------------------------
Start Writing Synthesis Report
---------------------------------------------------------------------------------

Report BlackBoxes: 
+-+--------------+----------+
| |BlackBox name |Instances |
+-+--------------+----------+
+-+--------------+----------+

Report Cell Usage: 
+------+---------+------+
|      |Cell     |Count |
+------+---------+------+
|1     |LUT2     |     6|
|2     |LUT4     |     2|
|3     |RAMB36E2 |     4|
|4     |SRL16E   |     2|
|5     |FDRE     |    12|
+------+---------+------+
---------------------------------------------------------------------------------
Finished Writing Synthesis Report : Time (s): cpu = 00:01:29 ; elapsed = 00:02:24 . Memory (MB): peak = 3212.555 ; gain = 666.160 ; free physical = 5611 ; free virtual = 10542
---------------------------------------------------------------------------------
Synthesis finished with 0 errors, 0 critical warnings and 0 warnings.
Synthesis Optimization Runtime : Time (s): cpu = 00:01:15 ; elapsed = 00:02:07 . Memory (MB): peak = 3212.555 ; gain = 610.137 ; free physical = 5595 ; free virtual = 10526
Synthesis Optimization Complete : Time (s): cpu = 00:01:29 ; elapsed = 00:02:24 . Memory (MB): peak = 3212.562 ; gain = 666.160 ; free physical = 5594 ; free virtual = 10525
INFO: [Project 1-571] Translating synthesized netlist
Netlist sorting complete. Time (s): cpu = 00:00:00.01 ; elapsed = 00:00:00.02 . Memory (MB): peak = 3212.562 ; gain = 0.000 ; free physical = 5538 ; free virtual = 10469
INFO: [Project 1-570] Preparing netlist for logic optimization
INFO: [Opt 31-138] Pushed 0 inverter(s) to 0 load pin(s).
Netlist sorting complete. Time (s): cpu = 00:00:00 ; elapsed = 00:00:00 . Memory (MB): peak = 3237.336 ; gain = 0.000 ; free physical = 5421 ; free virtual = 10352
INFO: [Project 1-111] Unisim Transformation Summary:
No Unisim elements were transformed.

INFO: [Common 17-83] Releasing license: Synthesis
19 Infos, 0 Warnings, 0 Critical Warnings and 0 Errors encountered.
synth_design completed successfully
synth_design: Time (s): cpu = 00:01:50 ; elapsed = 00:02:48 . Memory (MB): peak = 3237.336 ; gain = 902.336 ; free physical = 5516 ; free virtual = 10448
INFO: [Common 17-1381] The checkpoint '/home/training/Projects/bsp_build_tests/test_tag/u96v2_sbc_base/hdl/projects/u96v2_sbc_base_2020_2/u96v2_sbc_base.runs/u96v2_sbc_base_blk_mem_gen_0_0_synth_1/u96v2_sbc_base_blk_mem_gen_0_0.dcp' has been generated.
WARNING: [Common 17-576] 'use_project_ipc' is deprecated. This option is deprecated and no longer used.
INFO: [Coretcl 2-1648] Added synthesis output to IP cache for IP u96v2_sbc_base_blk_mem_gen_0_0, cache-ID = 5e4bbd8ad2755303
INFO: [Coretcl 2-1174] Renamed 12 cell refs.
INFO: [Common 17-1381] The checkpoint '/home/training/Projects/bsp_build_tests/test_tag/u96v2_sbc_base/hdl/projects/u96v2_sbc_base_2020_2/u96v2_sbc_base.runs/u96v2_sbc_base_blk_mem_gen_0_0_synth_1/u96v2_sbc_base_blk_mem_gen_0_0.dcp' has been generated.
INFO: [runtcl-4] Executing : report_utilization -file u96v2_sbc_base_blk_mem_gen_0_0_utilization_synth.rpt -pb u96v2_sbc_base_blk_mem_gen_0_0_utilization_synth.pb
INFO: [Common 17-206] Exiting Vivado at Tue Apr 27 11:00:39 2021...
