
*** Running vivado
    with args -log u96v2_sbc_base_axi_gpio_2_0.vds -m64 -product Vivado -mode batch -messageDb vivado.pb -notrace -source u96v2_sbc_base_axi_gpio_2_0.tcl


****** Vivado v2020.2.2 (64-bit)
  **** SW Build 3118627 on Tue Feb  9 05:13:49 MST 2021
  **** IP Build 3115676 on Tue Feb  9 10:48:11 MST 2021
    ** Copyright 1986-2021 Xilinx, Inc. All Rights Reserved.

Sourcing tcl script '/tools/Xilinx/Vivado/2020.2/scripts/Vivado_init.tcl'
4 Beta devices matching pattern found, 0 enabled.
Set Board Part RepoPath: /home/training/git/avnet/bdf /home/training/Documents/KV260/vivado_humboldt_som_ea2_release_2020.2.2/som_ea_drop
source u96v2_sbc_base_axi_gpio_2_0.tcl -notrace
INFO: [IP_Flow 19-234] Refreshing IP repositories
INFO: [IP_Flow 19-1700] Loaded user IP repository '/home/training/Projects/bsp_build_tests/test_tag/u96v2_sbc_base/hdl/ip'.
INFO: [IP_Flow 19-2313] Loaded Vivado IP repository '/tools/Xilinx/Vivado/2020.2/data/ip'.
Command: synth_design -top u96v2_sbc_base_axi_gpio_2_0 -part xczu3eg-sbva484-1-i -mode out_of_context
Starting synth_design
Attempting to get a license for feature 'Synthesis' and/or device 'xczu3eg'
INFO: [Common 17-349] Got license for feature 'Synthesis' and/or device 'xczu3eg'
INFO: [Device 21-403] Loading part xczu3eg-sbva484-1-i
INFO: [Synth 8-7079] Multithreading enabled for synth_design using a maximum of 4 processes.
INFO: [Synth 8-7078] Launching helper process for spawning children vivado processes
INFO: [Synth 8-7075] Helper process launched with PID 25765
---------------------------------------------------------------------------------
Starting RTL Elaboration : Time (s): cpu = 00:00:06 ; elapsed = 00:00:10 . Memory (MB): peak = 2577.391 ; gain = 30.902 ; free physical = 6180 ; free virtual = 11087
---------------------------------------------------------------------------------
INFO: [Synth 8-638] synthesizing module 'u96v2_sbc_base_axi_gpio_2_0' [/home/training/Projects/bsp_build_tests/test_tag/u96v2_sbc_base/hdl/projects/u96v2_sbc_base_2020_2/u96v2_sbc_base.gen/sources_1/bd/u96v2_sbc_base/ip/u96v2_sbc_base_axi_gpio_2_0/synth/u96v2_sbc_base_axi_gpio_2_0.vhd:85]
	Parameter C_FAMILY bound to: zynquplus - type: string 
	Parameter C_S_AXI_ADDR_WIDTH bound to: 9 - type: integer 
	Parameter C_S_AXI_DATA_WIDTH bound to: 32 - type: integer 
	Parameter C_GPIO_WIDTH bound to: 1 - type: integer 
	Parameter C_GPIO2_WIDTH bound to: 1 - type: integer 
	Parameter C_ALL_INPUTS bound to: 0 - type: integer 
	Parameter C_ALL_INPUTS_2 bound to: 0 - type: integer 
	Parameter C_ALL_OUTPUTS bound to: 1 - type: integer 
	Parameter C_ALL_OUTPUTS_2 bound to: 1 - type: integer 
	Parameter C_INTERRUPT_PRESENT bound to: 0 - type: integer 
	Parameter C_DOUT_DEFAULT bound to: 32'b00000000000000000000000000000000 
	Parameter C_TRI_DEFAULT bound to: 32'b11111111111111111111111111111111 
	Parameter C_IS_DUAL bound to: 1 - type: integer 
	Parameter C_DOUT_DEFAULT_2 bound to: 32'b00000000000000000000000000000000 
	Parameter C_TRI_DEFAULT_2 bound to: 32'b11111111111111111111111111111111 
INFO: [Synth 8-3491] module 'axi_gpio' declared at '/home/training/Projects/bsp_build_tests/test_tag/u96v2_sbc_base/hdl/projects/u96v2_sbc_base_2020_2/u96v2_sbc_base.gen/sources_1/bd/u96v2_sbc_base/ipshared/4318/hdl/axi_gpio_v2_0_vh_rfs.vhd:1265' bound to instance 'U0' of component 'axi_gpio' [/home/training/Projects/bsp_build_tests/test_tag/u96v2_sbc_base/hdl/projects/u96v2_sbc_base_2020_2/u96v2_sbc_base.gen/sources_1/bd/u96v2_sbc_base/ip/u96v2_sbc_base_axi_gpio_2_0/synth/u96v2_sbc_base_axi_gpio_2_0.vhd:171]
INFO: [Synth 8-638] synthesizing module 'axi_gpio' [/home/training/Projects/bsp_build_tests/test_tag/u96v2_sbc_base/hdl/projects/u96v2_sbc_base_2020_2/u96v2_sbc_base.gen/sources_1/bd/u96v2_sbc_base/ipshared/4318/hdl/axi_gpio_v2_0_vh_rfs.vhd:1351]
	Parameter C_FAMILY bound to: zynquplus - type: string 
	Parameter C_S_AXI_ADDR_WIDTH bound to: 9 - type: integer 
	Parameter C_S_AXI_DATA_WIDTH bound to: 32 - type: integer 
	Parameter C_GPIO_WIDTH bound to: 1 - type: integer 
	Parameter C_GPIO2_WIDTH bound to: 1 - type: integer 
	Parameter C_ALL_INPUTS bound to: 0 - type: integer 
	Parameter C_ALL_INPUTS_2 bound to: 0 - type: integer 
	Parameter C_ALL_OUTPUTS bound to: 1 - type: integer 
	Parameter C_ALL_OUTPUTS_2 bound to: 1 - type: integer 
	Parameter C_INTERRUPT_PRESENT bound to: 0 - type: integer 
	Parameter C_DOUT_DEFAULT bound to: 0 - type: integer 
	Parameter C_TRI_DEFAULT bound to: -1 - type: integer 
	Parameter C_IS_DUAL bound to: 1 - type: integer 
	Parameter C_DOUT_DEFAULT_2 bound to: 0 - type: integer 
	Parameter C_TRI_DEFAULT_2 bound to: -1 - type: integer 
INFO: [Synth 8-638] synthesizing module 'axi_lite_ipif' [/home/training/Projects/bsp_build_tests/test_tag/u96v2_sbc_base/hdl/projects/u96v2_sbc_base_2020_2/u96v2_sbc_base.gen/sources_1/bd/u96v2_sbc_base/ipshared/66ea/hdl/axi_lite_ipif_v3_0_vh_rfs.vhd:2948]
	Parameter C_S_AXI_DATA_WIDTH bound to: 32 - type: integer 
	Parameter C_S_AXI_ADDR_WIDTH bound to: 9 - type: integer 
	Parameter C_S_AXI_MIN_SIZE bound to: 32'b00000000000000000000000111111111 
	Parameter C_USE_WSTRB bound to: 0 - type: integer 
	Parameter C_DPHASE_TIMEOUT bound to: 8 - type: integer 
	Parameter C_ARD_ADDR_RANGE_ARRAY bound to: 128'b00000000000000000000000000000000000000000000000000000000000000000000000000000000000000000000000000000000000000000000000000001111 
	Parameter C_ARD_NUM_CE_ARRAY bound to: 32'b00000000000000000000000000000100 
	Parameter C_FAMILY bound to: zynquplus - type: string 
INFO: [Synth 8-638] synthesizing module 'slave_attachment' [/home/training/Projects/bsp_build_tests/test_tag/u96v2_sbc_base/hdl/projects/u96v2_sbc_base_2020_2/u96v2_sbc_base.gen/sources_1/bd/u96v2_sbc_base/ipshared/66ea/hdl/axi_lite_ipif_v3_0_vh_rfs.vhd:2341]
	Parameter C_ARD_ADDR_RANGE_ARRAY bound to: 128'b00000000000000000000000000000000000000000000000000000000000000000000000000000000000000000000000000000000000000000000000000001111 
	Parameter C_ARD_NUM_CE_ARRAY bound to: 32'b00000000000000000000000000000100 
	Parameter C_IPIF_ABUS_WIDTH bound to: 9 - type: integer 
	Parameter C_IPIF_DBUS_WIDTH bound to: 32 - type: integer 
	Parameter C_S_AXI_MIN_SIZE bound to: 511 - type: integer 
	Parameter C_USE_WSTRB bound to: 0 - type: integer 
	Parameter C_DPHASE_TIMEOUT bound to: 8 - type: integer 
	Parameter C_FAMILY bound to: zynquplus - type: string 
INFO: [Synth 8-638] synthesizing module 'address_decoder' [/home/training/Projects/bsp_build_tests/test_tag/u96v2_sbc_base/hdl/projects/u96v2_sbc_base_2020_2/u96v2_sbc_base.gen/sources_1/bd/u96v2_sbc_base/ipshared/66ea/hdl/axi_lite_ipif_v3_0_vh_rfs.vhd:1775]
	Parameter C_BUS_AWIDTH bound to: 9 - type: integer 
	Parameter C_S_AXI_MIN_SIZE bound to: 511 - type: integer 
	Parameter C_ARD_ADDR_RANGE_ARRAY bound to: 128'b00000000000000000000000000000000000000000000000000000000000000000000000000000000000000000000000000000000000000000000000000001111 
	Parameter C_ARD_NUM_CE_ARRAY bound to: 32'b00000000000000000000000000000100 
	Parameter C_FAMILY bound to: nofamily - type: string 
INFO: [Synth 8-638] synthesizing module 'pselect_f' [/home/training/Projects/bsp_build_tests/test_tag/u96v2_sbc_base/hdl/projects/u96v2_sbc_base_2020_2/u96v2_sbc_base.gen/sources_1/bd/u96v2_sbc_base/ipshared/66ea/hdl/axi_lite_ipif_v3_0_vh_rfs.vhd:1534]
	Parameter C_AB bound to: 2 - type: integer 
	Parameter C_AW bound to: 2 - type: integer 
	Parameter C_BAR bound to: 2'b00 
	Parameter C_FAMILY bound to: nofamily - type: string 
INFO: [Synth 8-256] done synthesizing module 'pselect_f' (1#1) [/home/training/Projects/bsp_build_tests/test_tag/u96v2_sbc_base/hdl/projects/u96v2_sbc_base_2020_2/u96v2_sbc_base.gen/sources_1/bd/u96v2_sbc_base/ipshared/66ea/hdl/axi_lite_ipif_v3_0_vh_rfs.vhd:1534]
INFO: [Synth 8-638] synthesizing module 'pselect_f__parameterized0' [/home/training/Projects/bsp_build_tests/test_tag/u96v2_sbc_base/hdl/projects/u96v2_sbc_base_2020_2/u96v2_sbc_base.gen/sources_1/bd/u96v2_sbc_base/ipshared/66ea/hdl/axi_lite_ipif_v3_0_vh_rfs.vhd:1534]
	Parameter C_AB bound to: 2 - type: integer 
	Parameter C_AW bound to: 2 - type: integer 
	Parameter C_BAR bound to: 2'b01 
	Parameter C_FAMILY bound to: nofamily - type: string 
INFO: [Synth 8-256] done synthesizing module 'pselect_f__parameterized0' (1#1) [/home/training/Projects/bsp_build_tests/test_tag/u96v2_sbc_base/hdl/projects/u96v2_sbc_base_2020_2/u96v2_sbc_base.gen/sources_1/bd/u96v2_sbc_base/ipshared/66ea/hdl/axi_lite_ipif_v3_0_vh_rfs.vhd:1534]
INFO: [Synth 8-638] synthesizing module 'pselect_f__parameterized1' [/home/training/Projects/bsp_build_tests/test_tag/u96v2_sbc_base/hdl/projects/u96v2_sbc_base_2020_2/u96v2_sbc_base.gen/sources_1/bd/u96v2_sbc_base/ipshared/66ea/hdl/axi_lite_ipif_v3_0_vh_rfs.vhd:1534]
	Parameter C_AB bound to: 2 - type: integer 
	Parameter C_AW bound to: 2 - type: integer 
	Parameter C_BAR bound to: 2'b10 
	Parameter C_FAMILY bound to: nofamily - type: string 
INFO: [Synth 8-256] done synthesizing module 'pselect_f__parameterized1' (1#1) [/home/training/Projects/bsp_build_tests/test_tag/u96v2_sbc_base/hdl/projects/u96v2_sbc_base_2020_2/u96v2_sbc_base.gen/sources_1/bd/u96v2_sbc_base/ipshared/66ea/hdl/axi_lite_ipif_v3_0_vh_rfs.vhd:1534]
INFO: [Synth 8-638] synthesizing module 'pselect_f__parameterized2' [/home/training/Projects/bsp_build_tests/test_tag/u96v2_sbc_base/hdl/projects/u96v2_sbc_base_2020_2/u96v2_sbc_base.gen/sources_1/bd/u96v2_sbc_base/ipshared/66ea/hdl/axi_lite_ipif_v3_0_vh_rfs.vhd:1534]
	Parameter C_AB bound to: 2 - type: integer 
	Parameter C_AW bound to: 2 - type: integer 
	Parameter C_BAR bound to: 2'b11 
	Parameter C_FAMILY bound to: nofamily - type: string 
INFO: [Synth 8-256] done synthesizing module 'pselect_f__parameterized2' (1#1) [/home/training/Projects/bsp_build_tests/test_tag/u96v2_sbc_base/hdl/projects/u96v2_sbc_base_2020_2/u96v2_sbc_base.gen/sources_1/bd/u96v2_sbc_base/ipshared/66ea/hdl/axi_lite_ipif_v3_0_vh_rfs.vhd:1534]
INFO: [Synth 8-256] done synthesizing module 'address_decoder' (2#1) [/home/training/Projects/bsp_build_tests/test_tag/u96v2_sbc_base/hdl/projects/u96v2_sbc_base_2020_2/u96v2_sbc_base.gen/sources_1/bd/u96v2_sbc_base/ipshared/66ea/hdl/axi_lite_ipif_v3_0_vh_rfs.vhd:1775]
INFO: [Synth 8-226] default block is never used [/home/training/Projects/bsp_build_tests/test_tag/u96v2_sbc_base/hdl/projects/u96v2_sbc_base_2020_2/u96v2_sbc_base.gen/sources_1/bd/u96v2_sbc_base/ipshared/66ea/hdl/axi_lite_ipif_v3_0_vh_rfs.vhd:2550]
INFO: [Synth 8-256] done synthesizing module 'slave_attachment' (3#1) [/home/training/Projects/bsp_build_tests/test_tag/u96v2_sbc_base/hdl/projects/u96v2_sbc_base_2020_2/u96v2_sbc_base.gen/sources_1/bd/u96v2_sbc_base/ipshared/66ea/hdl/axi_lite_ipif_v3_0_vh_rfs.vhd:2341]
INFO: [Synth 8-256] done synthesizing module 'axi_lite_ipif' (4#1) [/home/training/Projects/bsp_build_tests/test_tag/u96v2_sbc_base/hdl/projects/u96v2_sbc_base_2020_2/u96v2_sbc_base.gen/sources_1/bd/u96v2_sbc_base/ipshared/66ea/hdl/axi_lite_ipif_v3_0_vh_rfs.vhd:2948]
INFO: [Synth 8-638] synthesizing module 'GPIO_Core' [/home/training/Projects/bsp_build_tests/test_tag/u96v2_sbc_base/hdl/projects/u96v2_sbc_base_2020_2/u96v2_sbc_base.gen/sources_1/bd/u96v2_sbc_base/ipshared/4318/hdl/axi_gpio_v2_0_vh_rfs.vhd:178]
	Parameter C_DW bound to: 32 - type: integer 
	Parameter C_AW bound to: 9 - type: integer 
	Parameter C_GPIO_WIDTH bound to: 1 - type: integer 
	Parameter C_GPIO2_WIDTH bound to: 1 - type: integer 
	Parameter C_MAX_GPIO_WIDTH bound to: 1 - type: integer 
	Parameter C_INTERRUPT_PRESENT bound to: 0 - type: integer 
	Parameter C_DOUT_DEFAULT bound to: 0 - type: integer 
	Parameter C_TRI_DEFAULT bound to: -1 - type: integer 
	Parameter C_IS_DUAL bound to: 1 - type: integer 
	Parameter C_ALL_OUTPUTS bound to: 1 - type: integer 
	Parameter C_ALL_OUTPUTS_2 bound to: 1 - type: integer 
	Parameter C_ALL_INPUTS bound to: 0 - type: integer 
	Parameter C_ALL_INPUTS_2 bound to: 0 - type: integer 
	Parameter C_DOUT_DEFAULT_2 bound to: 0 - type: integer 
	Parameter C_TRI_DEFAULT_2 bound to: -1 - type: integer 
	Parameter C_FAMILY bound to: zynquplus - type: string 
INFO: [Synth 8-226] default block is never used [/home/training/Projects/bsp_build_tests/test_tag/u96v2_sbc_base/hdl/projects/u96v2_sbc_base_2020_2/u96v2_sbc_base.gen/sources_1/bd/u96v2_sbc_base/ipshared/4318/hdl/axi_gpio_v2_0_vh_rfs.vhd:835]
INFO: [Synth 8-638] synthesizing module 'cdc_sync' [/home/training/Projects/bsp_build_tests/test_tag/u96v2_sbc_base/hdl/projects/u96v2_sbc_base_2020_2/u96v2_sbc_base.gen/sources_1/bd/u96v2_sbc_base/ipshared/ef1e/hdl/lib_cdc_v1_0_rfs.vhd:106]
	Parameter C_CDC_TYPE bound to: 1 - type: integer 
	Parameter C_RESET_STATE bound to: 0 - type: integer 
	Parameter C_SINGLE_BIT bound to: 0 - type: integer 
	Parameter C_FLOP_INPUT bound to: 0 - type: integer 
	Parameter C_VECTOR_WIDTH bound to: 1 - type: integer 
	Parameter C_MTBF_STAGES bound to: 4 - type: integer 
	Parameter INIT bound to: 1'b0 
INFO: [Synth 8-113] binding component instance 'CROSS2_PLEVEL_IN2SCNDRY_IN_cdc_to' to cell 'FDR' [/home/training/Projects/bsp_build_tests/test_tag/u96v2_sbc_base/hdl/projects/u96v2_sbc_base_2020_2/u96v2_sbc_base.gen/sources_1/bd/u96v2_sbc_base/ipshared/ef1e/hdl/lib_cdc_v1_0_rfs.vhd:736]
	Parameter INIT bound to: 1'b0 
INFO: [Synth 8-113] binding component instance 'CROSS2_PLEVEL_IN2SCNDRY_s_level_out_bus_d2' to cell 'FDR' [/home/training/Projects/bsp_build_tests/test_tag/u96v2_sbc_base/hdl/projects/u96v2_sbc_base_2020_2/u96v2_sbc_base.gen/sources_1/bd/u96v2_sbc_base/ipshared/ef1e/hdl/lib_cdc_v1_0_rfs.vhd:772]
	Parameter INIT bound to: 1'b0 
INFO: [Synth 8-113] binding component instance 'CROSS2_PLEVEL_IN2SCNDRY_s_level_out_bus_d3' to cell 'FDR' [/home/training/Projects/bsp_build_tests/test_tag/u96v2_sbc_base/hdl/projects/u96v2_sbc_base_2020_2/u96v2_sbc_base.gen/sources_1/bd/u96v2_sbc_base/ipshared/ef1e/hdl/lib_cdc_v1_0_rfs.vhd:788]
	Parameter INIT bound to: 1'b0 
INFO: [Synth 8-113] binding component instance 'CROSS2_PLEVEL_IN2SCNDRY_s_level_out_bus_d4' to cell 'FDR' [/home/training/Projects/bsp_build_tests/test_tag/u96v2_sbc_base/hdl/projects/u96v2_sbc_base_2020_2/u96v2_sbc_base.gen/sources_1/bd/u96v2_sbc_base/ipshared/ef1e/hdl/lib_cdc_v1_0_rfs.vhd:804]
	Parameter INIT bound to: 1'b0 
INFO: [Synth 8-113] binding component instance 'CROSS2_PLEVEL_IN2SCNDRY_s_level_out_bus_d5' to cell 'FDR' [/home/training/Projects/bsp_build_tests/test_tag/u96v2_sbc_base/hdl/projects/u96v2_sbc_base_2020_2/u96v2_sbc_base.gen/sources_1/bd/u96v2_sbc_base/ipshared/ef1e/hdl/lib_cdc_v1_0_rfs.vhd:821]
	Parameter INIT bound to: 1'b0 
INFO: [Synth 8-113] binding component instance 'CROSS2_PLEVEL_IN2SCNDRY_s_level_out_bus_d6' to cell 'FDR' [/home/training/Projects/bsp_build_tests/test_tag/u96v2_sbc_base/hdl/projects/u96v2_sbc_base_2020_2/u96v2_sbc_base.gen/sources_1/bd/u96v2_sbc_base/ipshared/ef1e/hdl/lib_cdc_v1_0_rfs.vhd:837]
INFO: [Synth 8-256] done synthesizing module 'cdc_sync' (5#1) [/home/training/Projects/bsp_build_tests/test_tag/u96v2_sbc_base/hdl/projects/u96v2_sbc_base_2020_2/u96v2_sbc_base.gen/sources_1/bd/u96v2_sbc_base/ipshared/ef1e/hdl/lib_cdc_v1_0_rfs.vhd:106]
INFO: [Synth 8-256] done synthesizing module 'GPIO_Core' (6#1) [/home/training/Projects/bsp_build_tests/test_tag/u96v2_sbc_base/hdl/projects/u96v2_sbc_base_2020_2/u96v2_sbc_base.gen/sources_1/bd/u96v2_sbc_base/ipshared/4318/hdl/axi_gpio_v2_0_vh_rfs.vhd:178]
INFO: [Synth 8-256] done synthesizing module 'axi_gpio' (7#1) [/home/training/Projects/bsp_build_tests/test_tag/u96v2_sbc_base/hdl/projects/u96v2_sbc_base_2020_2/u96v2_sbc_base.gen/sources_1/bd/u96v2_sbc_base/ipshared/4318/hdl/axi_gpio_v2_0_vh_rfs.vhd:1351]
INFO: [Synth 8-256] done synthesizing module 'u96v2_sbc_base_axi_gpio_2_0' (8#1) [/home/training/Projects/bsp_build_tests/test_tag/u96v2_sbc_base/hdl/projects/u96v2_sbc_base_2020_2/u96v2_sbc_base.gen/sources_1/bd/u96v2_sbc_base/ip/u96v2_sbc_base_axi_gpio_2_0/synth/u96v2_sbc_base_axi_gpio_2_0.vhd:85]
---------------------------------------------------------------------------------
Finished RTL Elaboration : Time (s): cpu = 00:00:08 ; elapsed = 00:00:13 . Memory (MB): peak = 2624.297 ; gain = 77.809 ; free physical = 7436 ; free virtual = 12343
---------------------------------------------------------------------------------
---------------------------------------------------------------------------------
Start Handling Custom Attributes
---------------------------------------------------------------------------------
---------------------------------------------------------------------------------
Finished Handling Custom Attributes : Time (s): cpu = 00:00:09 ; elapsed = 00:00:14 . Memory (MB): peak = 2642.109 ; gain = 95.621 ; free physical = 7322 ; free virtual = 12230
---------------------------------------------------------------------------------
---------------------------------------------------------------------------------
Finished RTL Optimization Phase 1 : Time (s): cpu = 00:00:09 ; elapsed = 00:00:14 . Memory (MB): peak = 2642.109 ; gain = 95.621 ; free physical = 7322 ; free virtual = 12230
---------------------------------------------------------------------------------
Netlist sorting complete. Time (s): cpu = 00:00:00.01 ; elapsed = 00:00:00.01 . Memory (MB): peak = 2653.016 ; gain = 0.000 ; free physical = 7275 ; free virtual = 12182
INFO: [Netlist 29-17] Analyzing 12 Unisim elements for replacement
INFO: [Netlist 29-28] Unisim Transformation completed in 0 CPU seconds
INFO: [Project 1-570] Preparing netlist for logic optimization

Processing XDC Constraints
Initializing timing engine
Parsing XDC File [/home/training/Projects/bsp_build_tests/test_tag/u96v2_sbc_base/hdl/projects/u96v2_sbc_base_2020_2/u96v2_sbc_base.gen/sources_1/bd/u96v2_sbc_base/ip/u96v2_sbc_base_axi_gpio_2_0/u96v2_sbc_base_axi_gpio_2_0_ooc.xdc] for cell 'U0'
create_clock: Time (s): cpu = 00:00:09 ; elapsed = 00:00:12 . Memory (MB): peak = 2786.852 ; gain = 0.000 ; free physical = 6082 ; free virtual = 10996
Finished Parsing XDC File [/home/training/Projects/bsp_build_tests/test_tag/u96v2_sbc_base/hdl/projects/u96v2_sbc_base_2020_2/u96v2_sbc_base.gen/sources_1/bd/u96v2_sbc_base/ip/u96v2_sbc_base_axi_gpio_2_0/u96v2_sbc_base_axi_gpio_2_0_ooc.xdc] for cell 'U0'
Parsing XDC File [/home/training/Projects/bsp_build_tests/test_tag/u96v2_sbc_base/hdl/projects/u96v2_sbc_base_2020_2/u96v2_sbc_base.gen/sources_1/bd/u96v2_sbc_base/ip/u96v2_sbc_base_axi_gpio_2_0/u96v2_sbc_base_axi_gpio_2_0_board.xdc] for cell 'U0'
Finished Parsing XDC File [/home/training/Projects/bsp_build_tests/test_tag/u96v2_sbc_base/hdl/projects/u96v2_sbc_base_2020_2/u96v2_sbc_base.gen/sources_1/bd/u96v2_sbc_base/ip/u96v2_sbc_base_axi_gpio_2_0/u96v2_sbc_base_axi_gpio_2_0_board.xdc] for cell 'U0'
Parsing XDC File [/home/training/Projects/bsp_build_tests/test_tag/u96v2_sbc_base/hdl/projects/u96v2_sbc_base_2020_2/u96v2_sbc_base.gen/sources_1/bd/u96v2_sbc_base/ip/u96v2_sbc_base_axi_gpio_2_0/u96v2_sbc_base_axi_gpio_2_0.xdc] for cell 'U0'
Finished Parsing XDC File [/home/training/Projects/bsp_build_tests/test_tag/u96v2_sbc_base/hdl/projects/u96v2_sbc_base_2020_2/u96v2_sbc_base.gen/sources_1/bd/u96v2_sbc_base/ip/u96v2_sbc_base_axi_gpio_2_0/u96v2_sbc_base_axi_gpio_2_0.xdc] for cell 'U0'
Parsing XDC File [/home/training/Projects/bsp_build_tests/test_tag/u96v2_sbc_base/hdl/projects/u96v2_sbc_base_2020_2/u96v2_sbc_base.runs/u96v2_sbc_base_axi_gpio_2_0_synth_1/dont_touch.xdc]
Finished Parsing XDC File [/home/training/Projects/bsp_build_tests/test_tag/u96v2_sbc_base/hdl/projects/u96v2_sbc_base_2020_2/u96v2_sbc_base.runs/u96v2_sbc_base_axi_gpio_2_0_synth_1/dont_touch.xdc]
Completed Processing XDC Constraints

Netlist sorting complete. Time (s): cpu = 00:00:00 ; elapsed = 00:00:00 . Memory (MB): peak = 2786.852 ; gain = 0.000 ; free physical = 6082 ; free virtual = 10996
INFO: [Project 1-111] Unisim Transformation Summary:
  A total of 12 instances were transformed.
  FDR => FDRE: 12 instances

Constraint Validation Runtime : Time (s): cpu = 00:00:00.02 ; elapsed = 00:00:00.03 . Memory (MB): peak = 2786.852 ; gain = 0.000 ; free physical = 6081 ; free virtual = 10995
---------------------------------------------------------------------------------
Finished Constraint Validation : Time (s): cpu = 00:00:28 ; elapsed = 00:00:40 . Memory (MB): peak = 2786.852 ; gain = 240.363 ; free physical = 5588 ; free virtual = 10502
---------------------------------------------------------------------------------
---------------------------------------------------------------------------------
Start Loading Part and Timing Information
---------------------------------------------------------------------------------
Loading part: xczu3eg-sbva484-1-i
INFO: [Synth 8-6742] Reading net delay rules and data
---------------------------------------------------------------------------------
Finished Loading Part and Timing Information : Time (s): cpu = 00:00:28 ; elapsed = 00:00:40 . Memory (MB): peak = 2786.852 ; gain = 240.363 ; free physical = 5583 ; free virtual = 10497
---------------------------------------------------------------------------------
---------------------------------------------------------------------------------
Start Applying 'set_property' XDC Constraints
---------------------------------------------------------------------------------
Applied set_property KEEP_HIERARCHY = SOFT for U0. (constraint file  /home/training/Projects/bsp_build_tests/test_tag/u96v2_sbc_base/hdl/projects/u96v2_sbc_base_2020_2/u96v2_sbc_base.runs/u96v2_sbc_base_axi_gpio_2_0_synth_1/dont_touch.xdc, line 9).
---------------------------------------------------------------------------------
Finished applying 'set_property' XDC Constraints : Time (s): cpu = 00:00:28 ; elapsed = 00:00:40 . Memory (MB): peak = 2786.852 ; gain = 240.363 ; free physical = 5578 ; free virtual = 10492
---------------------------------------------------------------------------------
INFO: [Synth 8-802] inferred FSM for state register 'state_reg' in module 'slave_attachment'
---------------------------------------------------------------------------------------------------
                   State |                     New Encoding |                Previous Encoding 
---------------------------------------------------------------------------------------------------
                 iSTATE2 |                             0001 |                               00
                  iSTATE |                             0010 |                               01
                 iSTATE0 |                             0100 |                               10
                 iSTATE1 |                             1000 |                               11
---------------------------------------------------------------------------------------------------
INFO: [Synth 8-3354] encoded FSM with state register 'state_reg' using encoding 'one-hot' in module 'slave_attachment'
---------------------------------------------------------------------------------
Finished RTL Optimization Phase 2 : Time (s): cpu = 00:00:29 ; elapsed = 00:00:41 . Memory (MB): peak = 2786.852 ; gain = 240.363 ; free physical = 5551 ; free virtual = 10466
---------------------------------------------------------------------------------
---------------------------------------------------------------------------------
Start RTL Component Statistics 
---------------------------------------------------------------------------------
Detailed RTL Component Info : 
+---Adders : 
	   2 Input    4 Bit       Adders := 1     
+---Registers : 
	               32 Bit    Registers := 4     
	                9 Bit    Registers := 1     
	                4 Bit    Registers := 1     
	                2 Bit    Registers := 3     
	                1 Bit    Registers := 22    
+---Muxes : 
	   5 Input   32 Bit        Muxes := 1     
	   2 Input    9 Bit        Muxes := 1     
	   4 Input    4 Bit        Muxes := 1     
	   2 Input    4 Bit        Muxes := 5     
	   7 Input    2 Bit        Muxes := 1     
	   2 Input    2 Bit        Muxes := 2     
	   4 Input    2 Bit        Muxes := 2     
	   2 Input    1 Bit        Muxes := 8     
	   4 Input    1 Bit        Muxes := 3     
---------------------------------------------------------------------------------
Finished RTL Component Statistics 
---------------------------------------------------------------------------------
---------------------------------------------------------------------------------
Start Part Resource Summary
---------------------------------------------------------------------------------
Part Resources:
DSPs: 360 (col length:72)
BRAMs: 432 (col length: RAMB18 72 RAMB36 36)
---------------------------------------------------------------------------------
Finished Part Resource Summary
---------------------------------------------------------------------------------
---------------------------------------------------------------------------------
Start Cross Boundary and Area Optimization
---------------------------------------------------------------------------------
---------------------------------------------------------------------------------
Finished Cross Boundary and Area Optimization : Time (s): cpu = 00:00:31 ; elapsed = 00:00:43 . Memory (MB): peak = 2786.852 ; gain = 240.363 ; free physical = 5334 ; free virtual = 10252
---------------------------------------------------------------------------------
---------------------------------------------------------------------------------
Start Applying XDC Timing Constraints
---------------------------------------------------------------------------------
---------------------------------------------------------------------------------
Finished Applying XDC Timing Constraints : Time (s): cpu = 00:00:57 ; elapsed = 00:01:32 . Memory (MB): peak = 3179.156 ; gain = 632.668 ; free physical = 4660 ; free virtual = 9591
---------------------------------------------------------------------------------
---------------------------------------------------------------------------------
Start Timing Optimization
---------------------------------------------------------------------------------
---------------------------------------------------------------------------------
Finished Timing Optimization : Time (s): cpu = 00:00:57 ; elapsed = 00:01:32 . Memory (MB): peak = 3199.188 ; gain = 652.699 ; free physical = 4654 ; free virtual = 9585
---------------------------------------------------------------------------------
---------------------------------------------------------------------------------
Start Technology Mapping
---------------------------------------------------------------------------------
---------------------------------------------------------------------------------
Finished Technology Mapping : Time (s): cpu = 00:00:57 ; elapsed = 00:01:32 . Memory (MB): peak = 3201.203 ; gain = 654.715 ; free physical = 4648 ; free virtual = 9579
---------------------------------------------------------------------------------
---------------------------------------------------------------------------------
Start IO Insertion
---------------------------------------------------------------------------------
---------------------------------------------------------------------------------
Start Flattening Before IO Insertion
---------------------------------------------------------------------------------
---------------------------------------------------------------------------------
Finished Flattening Before IO Insertion
---------------------------------------------------------------------------------
---------------------------------------------------------------------------------
Start Final Netlist Cleanup
---------------------------------------------------------------------------------
---------------------------------------------------------------------------------
Finished Final Netlist Cleanup
---------------------------------------------------------------------------------
---------------------------------------------------------------------------------
Finished IO Insertion : Time (s): cpu = 00:01:03 ; elapsed = 00:01:37 . Memory (MB): peak = 3207.141 ; gain = 660.652 ; free physical = 4509 ; free virtual = 9439
---------------------------------------------------------------------------------
---------------------------------------------------------------------------------
Start Renaming Generated Instances
---------------------------------------------------------------------------------
---------------------------------------------------------------------------------
Finished Renaming Generated Instances : Time (s): cpu = 00:01:03 ; elapsed = 00:01:37 . Memory (MB): peak = 3207.141 ; gain = 660.652 ; free physical = 4509 ; free virtual = 9439
---------------------------------------------------------------------------------
---------------------------------------------------------------------------------
Start Rebuilding User Hierarchy
---------------------------------------------------------------------------------
---------------------------------------------------------------------------------
Finished Rebuilding User Hierarchy : Time (s): cpu = 00:01:03 ; elapsed = 00:01:37 . Memory (MB): peak = 3207.141 ; gain = 660.652 ; free physical = 4515 ; free virtual = 9446
---------------------------------------------------------------------------------
---------------------------------------------------------------------------------
Start Renaming Generated Ports
---------------------------------------------------------------------------------
---------------------------------------------------------------------------------
Finished Renaming Generated Ports : Time (s): cpu = 00:01:03 ; elapsed = 00:01:37 . Memory (MB): peak = 3207.141 ; gain = 660.652 ; free physical = 4515 ; free virtual = 9446
---------------------------------------------------------------------------------
---------------------------------------------------------------------------------
Start Handling Custom Attributes
---------------------------------------------------------------------------------
---------------------------------------------------------------------------------
Finished Handling Custom Attributes : Time (s): cpu = 00:01:03 ; elapsed = 00:01:37 . Memory (MB): peak = 3207.141 ; gain = 660.652 ; free physical = 4513 ; free virtual = 9444
---------------------------------------------------------------------------------
---------------------------------------------------------------------------------
Start Renaming Generated Nets
---------------------------------------------------------------------------------
---------------------------------------------------------------------------------
Finished Renaming Generated Nets : Time (s): cpu = 00:01:03 ; elapsed = 00:01:37 . Memory (MB): peak = 3207.141 ; gain = 660.652 ; free physical = 4513 ; free virtual = 9444
---------------------------------------------------------------------------------
---------------------------------------------------------------------------------
Start Writing Synthesis Report
---------------------------------------------------------------------------------

Report BlackBoxes: 
+-+--------------+----------+
| |BlackBox name |Instances |
+-+--------------+----------+
+-+--------------+----------+

Report Cell Usage: 
+------+-----+------+
|      |Cell |Count |
+------+-----+------+
|1     |LUT1 |     2|
|2     |LUT2 |    11|
|3     |LUT3 |     7|
|4     |LUT4 |     5|
|5     |LUT5 |     7|
|6     |LUT6 |    11|
|7     |FDRE |    37|
|8     |FDSE |     1|
+------+-----+------+
---------------------------------------------------------------------------------
Finished Writing Synthesis Report : Time (s): cpu = 00:01:03 ; elapsed = 00:01:37 . Memory (MB): peak = 3207.141 ; gain = 660.652 ; free physical = 4513 ; free virtual = 9443
---------------------------------------------------------------------------------
Synthesis finished with 0 errors, 0 critical warnings and 0 warnings.
Synthesis Optimization Runtime : Time (s): cpu = 00:00:50 ; elapsed = 00:01:19 . Memory (MB): peak = 3207.141 ; gain = 515.910 ; free physical = 4549 ; free virtual = 9479
Synthesis Optimization Complete : Time (s): cpu = 00:01:03 ; elapsed = 00:01:38 . Memory (MB): peak = 3207.148 ; gain = 660.652 ; free physical = 4549 ; free virtual = 9480
INFO: [Project 1-571] Translating synthesized netlist
Netlist sorting complete. Time (s): cpu = 00:00:00.01 ; elapsed = 00:00:00 . Memory (MB): peak = 3207.148 ; gain = 0.000 ; free physical = 4541 ; free virtual = 9472
INFO: [Project 1-570] Preparing netlist for logic optimization
INFO: [Opt 31-138] Pushed 0 inverter(s) to 0 load pin(s).
Netlist sorting complete. Time (s): cpu = 00:00:00 ; elapsed = 00:00:00 . Memory (MB): peak = 3245.930 ; gain = 0.000 ; free physical = 4558 ; free virtual = 9488
INFO: [Project 1-111] Unisim Transformation Summary:
No Unisim elements were transformed.

INFO: [Common 17-83] Releasing license: Synthesis
51 Infos, 0 Warnings, 0 Critical Warnings and 0 Errors encountered.
synth_design completed successfully
synth_design: Time (s): cpu = 00:01:23 ; elapsed = 00:02:00 . Memory (MB): peak = 3245.930 ; gain = 916.836 ; free physical = 4679 ; free virtual = 9610
INFO: [Common 17-1381] The checkpoint '/home/training/Projects/bsp_build_tests/test_tag/u96v2_sbc_base/hdl/projects/u96v2_sbc_base_2020_2/u96v2_sbc_base.runs/u96v2_sbc_base_axi_gpio_2_0_synth_1/u96v2_sbc_base_axi_gpio_2_0.dcp' has been generated.
WARNING: [Common 17-576] 'use_project_ipc' is deprecated. This option is deprecated and no longer used.
INFO: [Coretcl 2-1648] Added synthesis output to IP cache for IP u96v2_sbc_base_axi_gpio_2_0, cache-ID = 2c5ebde208243343
INFO: [Coretcl 2-1174] Renamed 7 cell refs.
INFO: [Common 17-1381] The checkpoint '/home/training/Projects/bsp_build_tests/test_tag/u96v2_sbc_base/hdl/projects/u96v2_sbc_base_2020_2/u96v2_sbc_base.runs/u96v2_sbc_base_axi_gpio_2_0_synth_1/u96v2_sbc_base_axi_gpio_2_0.dcp' has been generated.
INFO: [runtcl-4] Executing : report_utilization -file u96v2_sbc_base_axi_gpio_2_0_utilization_synth.rpt -pb u96v2_sbc_base_axi_gpio_2_0_utilization_synth.pb
INFO: [Common 17-206] Exiting Vivado at Tue Apr 27 10:59:36 2021...
