
*** Running vivado
    with args -log u96v2_sbc_base_wrapper.vdi -applog -m64 -product Vivado -messageDb vivado.pb -mode batch -source u96v2_sbc_base_wrapper.tcl -notrace


****** Vivado v2020.2 (64-bit)
  **** SW Build 3064766 on Wed Nov 18 09:12:47 MST 2020
  **** IP Build 3064653 on Wed Nov 18 14:17:31 MST 2020
    ** Copyright 1986-2020 Xilinx, Inc. All Rights Reserved.

source u96v2_sbc_base_wrapper.tcl -notrace
INFO: [IP_Flow 19-234] Refreshing IP repositories
INFO: [IP_Flow 19-1700] Loaded user IP repository '/home/esme/Downloads/IP2020/hdl/ip'.
INFO: [IP_Flow 19-2313] Loaded Vivado IP repository '/mnt/data0/Vivado2020-2/Vivado/2020.2/data/ip'.
Command: link_design -top u96v2_sbc_base_wrapper -part xczu3eg-sbva484-1-i
Design is defaulting to srcset: sources_1
Design is defaulting to constrset: constrs_1
INFO: [Device 21-403] Loading part xczu3eg-sbva484-1-i
INFO: [Project 1-454] Reading design checkpoint '/home/esme/Desktop/VivadoProjects/U20U96/U20U96.gen/sources_1/bd/u96v2_sbc_base/ip/u96v2_sbc_base_PWM_w_Int_0_0/u96v2_sbc_base_PWM_w_Int_0_0.dcp' for cell 'u96v2_sbc_base_i/PWM_w_Int_0'
INFO: [Project 1-454] Reading design checkpoint '/home/esme/Desktop/VivadoProjects/U20U96/U20U96.gen/sources_1/bd/u96v2_sbc_base/ip/u96v2_sbc_base_PWM_w_Int_1_0/u96v2_sbc_base_PWM_w_Int_1_0.dcp' for cell 'u96v2_sbc_base_i/PWM_w_Int_1'
INFO: [Project 1-454] Reading design checkpoint '/home/esme/Desktop/VivadoProjects/U20U96/U20U96.gen/sources_1/bd/u96v2_sbc_base/ip/u96v2_sbc_base_axi_bram_ctrl_0_0/u96v2_sbc_base_axi_bram_ctrl_0_0.dcp' for cell 'u96v2_sbc_base_i/axi_bram_ctrl_0'
INFO: [Project 1-454] Reading design checkpoint '/home/esme/Desktop/VivadoProjects/U20U96/U20U96.gen/sources_1/bd/u96v2_sbc_base/ip/u96v2_sbc_base_blk_mem_gen_0_0/u96v2_sbc_base_blk_mem_gen_0_0.dcp' for cell 'u96v2_sbc_base_i/axi_bram_ctrl_0_bram'
INFO: [Project 1-454] Reading design checkpoint '/home/esme/Desktop/VivadoProjects/U20U96/U20U96.gen/sources_1/bd/u96v2_sbc_base/ip/u96v2_sbc_base_axi_gpio_0_0/u96v2_sbc_base_axi_gpio_0_0.dcp' for cell 'u96v2_sbc_base_i/axi_gpio_0'
INFO: [Project 1-454] Reading design checkpoint '/home/esme/Desktop/VivadoProjects/U20U96/U20U96.gen/sources_1/bd/u96v2_sbc_base/ip/u96v2_sbc_base_axi_gpio_1_0/u96v2_sbc_base_axi_gpio_1_0.dcp' for cell 'u96v2_sbc_base_i/axi_gpio_1'
INFO: [Project 1-454] Reading design checkpoint '/home/esme/Desktop/VivadoProjects/U20U96/U20U96.gen/sources_1/bd/u96v2_sbc_base/ip/u96v2_sbc_base_axi_gpio_2_0/u96v2_sbc_base_axi_gpio_2_0.dcp' for cell 'u96v2_sbc_base_i/axi_gpio_2'
INFO: [Project 1-454] Reading design checkpoint '/home/esme/Desktop/VivadoProjects/U20U96/U20U96.gen/sources_1/bd/u96v2_sbc_base/ip/u96v2_sbc_base_axi_intc_0_0/u96v2_sbc_base_axi_intc_0_0.dcp' for cell 'u96v2_sbc_base_i/axi_intc_0'
INFO: [Project 1-454] Reading design checkpoint '/home/esme/Desktop/VivadoProjects/U20U96/U20U96.gen/sources_1/bd/u96v2_sbc_base/ip/u96v2_sbc_base_axi_uart16550_0_0/u96v2_sbc_base_axi_uart16550_0_0.dcp' for cell 'u96v2_sbc_base_i/axi_uart16550_0'
INFO: [Project 1-454] Reading design checkpoint '/home/esme/Desktop/VivadoProjects/U20U96/U20U96.gen/sources_1/bd/u96v2_sbc_base/ip/u96v2_sbc_base_axi_uart16550_1_0/u96v2_sbc_base_axi_uart16550_1_0.dcp' for cell 'u96v2_sbc_base_i/axi_uart16550_1'
INFO: [Project 1-454] Reading design checkpoint '/home/esme/Desktop/VivadoProjects/U20U96/U20U96.gen/sources_1/bd/u96v2_sbc_base/ip/u96v2_sbc_base_clk_wiz_0_0/u96v2_sbc_base_clk_wiz_0_0.dcp' for cell 'u96v2_sbc_base_i/clk_wiz_0'
INFO: [Project 1-454] Reading design checkpoint '/home/esme/Desktop/VivadoProjects/U20U96/U20U96.gen/sources_1/bd/u96v2_sbc_base/ip/u96v2_sbc_base_proc_sys_reset_0_1/u96v2_sbc_base_proc_sys_reset_0_1.dcp' for cell 'u96v2_sbc_base_i/proc_sys_reset_0'
INFO: [Project 1-454] Reading design checkpoint '/home/esme/Desktop/VivadoProjects/U20U96/U20U96.gen/sources_1/bd/u96v2_sbc_base/ip/u96v2_sbc_base_proc_sys_reset_1_0/u96v2_sbc_base_proc_sys_reset_1_0.dcp' for cell 'u96v2_sbc_base_i/proc_sys_reset_1'
INFO: [Project 1-454] Reading design checkpoint '/home/esme/Desktop/VivadoProjects/U20U96/U20U96.gen/sources_1/bd/u96v2_sbc_base/ip/u96v2_sbc_base_proc_sys_reset_2_0/u96v2_sbc_base_proc_sys_reset_2_0.dcp' for cell 'u96v2_sbc_base_i/proc_sys_reset_2'
INFO: [Project 1-454] Reading design checkpoint '/home/esme/Desktop/VivadoProjects/U20U96/U20U96.gen/sources_1/bd/u96v2_sbc_base/ip/u96v2_sbc_base_proc_sys_reset_3_0/u96v2_sbc_base_proc_sys_reset_3_0.dcp' for cell 'u96v2_sbc_base_i/proc_sys_reset_3'
INFO: [Project 1-454] Reading design checkpoint '/home/esme/Desktop/VivadoProjects/U20U96/U20U96.gen/sources_1/bd/u96v2_sbc_base/ip/u96v2_sbc_base_proc_sys_reset_4_0/u96v2_sbc_base_proc_sys_reset_4_0.dcp' for cell 'u96v2_sbc_base_i/proc_sys_reset_4'
INFO: [Project 1-454] Reading design checkpoint '/home/esme/Desktop/VivadoProjects/U20U96/U20U96.gen/sources_1/bd/u96v2_sbc_base/ip/u96v2_sbc_base_proc_sys_reset_5_0/u96v2_sbc_base_proc_sys_reset_5_0.dcp' for cell 'u96v2_sbc_base_i/proc_sys_reset_5'
INFO: [Project 1-454] Reading design checkpoint '/home/esme/Desktop/VivadoProjects/U20U96/U20U96.gen/sources_1/bd/u96v2_sbc_base/ip/u96v2_sbc_base_proc_sys_reset_6_0/u96v2_sbc_base_proc_sys_reset_6_0.dcp' for cell 'u96v2_sbc_base_i/proc_sys_reset_6'
INFO: [Project 1-454] Reading design checkpoint '/home/esme/Desktop/VivadoProjects/U20U96/U20U96.gen/sources_1/bd/u96v2_sbc_base/ip/u96v2_sbc_base_proc_sys_reset_0_0/u96v2_sbc_base_proc_sys_reset_0_0.dcp' for cell 'u96v2_sbc_base_i/rst_ps8_0_100M'
INFO: [Project 1-454] Reading design checkpoint '/home/esme/Desktop/VivadoProjects/U20U96/U20U96.gen/sources_1/bd/u96v2_sbc_base/ip/u96v2_sbc_base_system_management_wiz_0_0/u96v2_sbc_base_system_management_wiz_0_0.dcp' for cell 'u96v2_sbc_base_i/system_management_wiz_0'
INFO: [Project 1-454] Reading design checkpoint '/home/esme/Desktop/VivadoProjects/U20U96/U20U96.gen/sources_1/bd/u96v2_sbc_base/ip/u96v2_sbc_base_zynq_ultra_ps_e_0_0/u96v2_sbc_base_zynq_ultra_ps_e_0_0.dcp' for cell 'u96v2_sbc_base_i/zynq_ultra_ps_e_0'
INFO: [Project 1-454] Reading design checkpoint '/home/esme/Desktop/VivadoProjects/U20U96/U20U96.gen/sources_1/bd/u96v2_sbc_base/ip/u96v2_sbc_base_xbar_0/u96v2_sbc_base_xbar_0.dcp' for cell 'u96v2_sbc_base_i/ps8_0_axi_periph/xbar'
INFO: [Project 1-454] Reading design checkpoint '/home/esme/Desktop/VivadoProjects/U20U96/U20U96.gen/sources_1/bd/u96v2_sbc_base/ip/u96v2_sbc_base_auto_ds_0/u96v2_sbc_base_auto_ds_0.dcp' for cell 'u96v2_sbc_base_i/ps8_0_axi_periph/m01_couplers/auto_ds'
INFO: [Project 1-454] Reading design checkpoint '/home/esme/Desktop/VivadoProjects/U20U96/U20U96.gen/sources_1/bd/u96v2_sbc_base/ip/u96v2_sbc_base_auto_pc_0/u96v2_sbc_base_auto_pc_0.dcp' for cell 'u96v2_sbc_base_i/ps8_0_axi_periph/m01_couplers/auto_pc'
INFO: [Project 1-454] Reading design checkpoint '/home/esme/Desktop/VivadoProjects/U20U96/U20U96.gen/sources_1/bd/u96v2_sbc_base/ip/u96v2_sbc_base_auto_ds_1/u96v2_sbc_base_auto_ds_1.dcp' for cell 'u96v2_sbc_base_i/ps8_0_axi_periph/m02_couplers/auto_ds'
INFO: [Project 1-454] Reading design checkpoint '/home/esme/Desktop/VivadoProjects/U20U96/U20U96.gen/sources_1/bd/u96v2_sbc_base/ip/u96v2_sbc_base_auto_pc_1/u96v2_sbc_base_auto_pc_1.dcp' for cell 'u96v2_sbc_base_i/ps8_0_axi_periph/m02_couplers/auto_pc'
INFO: [Project 1-454] Reading design checkpoint '/home/esme/Desktop/VivadoProjects/U20U96/U20U96.gen/sources_1/bd/u96v2_sbc_base/ip/u96v2_sbc_base_auto_ds_2/u96v2_sbc_base_auto_ds_2.dcp' for cell 'u96v2_sbc_base_i/ps8_0_axi_periph/m03_couplers/auto_ds'
INFO: [Project 1-454] Reading design checkpoint '/home/esme/Desktop/VivadoProjects/U20U96/U20U96.gen/sources_1/bd/u96v2_sbc_base/ip/u96v2_sbc_base_auto_pc_2/u96v2_sbc_base_auto_pc_2.dcp' for cell 'u96v2_sbc_base_i/ps8_0_axi_periph/m03_couplers/auto_pc'
INFO: [Project 1-454] Reading design checkpoint '/home/esme/Desktop/VivadoProjects/U20U96/U20U96.gen/sources_1/bd/u96v2_sbc_base/ip/u96v2_sbc_base_auto_ds_3/u96v2_sbc_base_auto_ds_3.dcp' for cell 'u96v2_sbc_base_i/ps8_0_axi_periph/m04_couplers/auto_ds'
INFO: [Project 1-454] Reading design checkpoint '/home/esme/Desktop/VivadoProjects/U20U96/U20U96.gen/sources_1/bd/u96v2_sbc_base/ip/u96v2_sbc_base_auto_pc_3/u96v2_sbc_base_auto_pc_3.dcp' for cell 'u96v2_sbc_base_i/ps8_0_axi_periph/m04_couplers/auto_pc'
INFO: [Project 1-454] Reading design checkpoint '/home/esme/Desktop/VivadoProjects/U20U96/U20U96.gen/sources_1/bd/u96v2_sbc_base/ip/u96v2_sbc_base_auto_ds_4/u96v2_sbc_base_auto_ds_4.dcp' for cell 'u96v2_sbc_base_i/ps8_0_axi_periph/m05_couplers/auto_ds'
INFO: [Project 1-454] Reading design checkpoint '/home/esme/Desktop/VivadoProjects/U20U96/U20U96.gen/sources_1/bd/u96v2_sbc_base/ip/u96v2_sbc_base_auto_pc_4/u96v2_sbc_base_auto_pc_4.dcp' for cell 'u96v2_sbc_base_i/ps8_0_axi_periph/m05_couplers/auto_pc'
INFO: [Project 1-454] Reading design checkpoint '/home/esme/Desktop/VivadoProjects/U20U96/U20U96.gen/sources_1/bd/u96v2_sbc_base/ip/u96v2_sbc_base_auto_ds_5/u96v2_sbc_base_auto_ds_5.dcp' for cell 'u96v2_sbc_base_i/ps8_0_axi_periph/m06_couplers/auto_ds'
INFO: [Project 1-454] Reading design checkpoint '/home/esme/Desktop/VivadoProjects/U20U96/U20U96.gen/sources_1/bd/u96v2_sbc_base/ip/u96v2_sbc_base_auto_pc_5/u96v2_sbc_base_auto_pc_5.dcp' for cell 'u96v2_sbc_base_i/ps8_0_axi_periph/m06_couplers/auto_pc'
INFO: [Project 1-454] Reading design checkpoint '/home/esme/Desktop/VivadoProjects/U20U96/U20U96.gen/sources_1/bd/u96v2_sbc_base/ip/u96v2_sbc_base_auto_ds_6/u96v2_sbc_base_auto_ds_6.dcp' for cell 'u96v2_sbc_base_i/ps8_0_axi_periph/m07_couplers/auto_ds'
INFO: [Project 1-454] Reading design checkpoint '/home/esme/Desktop/VivadoProjects/U20U96/U20U96.gen/sources_1/bd/u96v2_sbc_base/ip/u96v2_sbc_base_auto_pc_6/u96v2_sbc_base_auto_pc_6.dcp' for cell 'u96v2_sbc_base_i/ps8_0_axi_periph/m07_couplers/auto_pc'
INFO: [Project 1-454] Reading design checkpoint '/home/esme/Desktop/VivadoProjects/U20U96/U20U96.gen/sources_1/bd/u96v2_sbc_base/ip/u96v2_sbc_base_auto_ds_7/u96v2_sbc_base_auto_ds_7.dcp' for cell 'u96v2_sbc_base_i/ps8_0_axi_periph/m08_couplers/auto_ds'
INFO: [Project 1-454] Reading design checkpoint '/home/esme/Desktop/VivadoProjects/U20U96/U20U96.gen/sources_1/bd/u96v2_sbc_base/ip/u96v2_sbc_base_auto_pc_7/u96v2_sbc_base_auto_pc_7.dcp' for cell 'u96v2_sbc_base_i/ps8_0_axi_periph/m08_couplers/auto_pc'
INFO: [Project 1-454] Reading design checkpoint '/home/esme/Desktop/VivadoProjects/U20U96/U20U96.gen/sources_1/bd/u96v2_sbc_base/ip/u96v2_sbc_base_auto_ds_8/u96v2_sbc_base_auto_ds_8.dcp' for cell 'u96v2_sbc_base_i/ps8_0_axi_periph/m09_couplers/auto_ds'
INFO: [Project 1-454] Reading design checkpoint '/home/esme/Desktop/VivadoProjects/U20U96/U20U96.gen/sources_1/bd/u96v2_sbc_base/ip/u96v2_sbc_base_auto_pc_8/u96v2_sbc_base_auto_pc_8.dcp' for cell 'u96v2_sbc_base_i/ps8_0_axi_periph/m09_couplers/auto_pc'
Netlist sorting complete. Time (s): cpu = 00:00:00.36 ; elapsed = 00:00:00.36 . Memory (MB): peak = 2607.480 ; gain = 0.000 ; free physical = 6290 ; free virtual = 17747
INFO: [Netlist 29-17] Analyzing 157 Unisim elements for replacement
INFO: [Netlist 29-28] Unisim Transformation completed in 0 CPU seconds
INFO: [Project 1-479] Netlist was created with Vivado 2020.2
INFO: [Project 1-570] Preparing netlist for logic optimization
WARNING: [Opt 31-32] Removing redundant IBUF since it is not being driven by a top-level port. u96v2_sbc_base_i/clk_wiz_0/inst/clkin1_ibuf 
Resolution: The tool has removed redundant IBUF. To resolve this warning, check for redundant IBUF in the input design.
WARNING: [Constraints 18-550] Could not create 'IBUF_LOW_PWR' constraint because net 'u96v2_sbc_base_i/clk_wiz_0/clk_in1' is not directly connected to top level port. Synthesis is ignored for IBUF_LOW_PWR but preserved for implementation.
Parsing XDC File [/home/esme/Desktop/VivadoProjects/U20U96/U20U96.gen/sources_1/bd/u96v2_sbc_base/ip/u96v2_sbc_base_clk_wiz_0_0/u96v2_sbc_base_clk_wiz_0_0_board.xdc] for cell 'u96v2_sbc_base_i/clk_wiz_0/inst'
Finished Parsing XDC File [/home/esme/Desktop/VivadoProjects/U20U96/U20U96.gen/sources_1/bd/u96v2_sbc_base/ip/u96v2_sbc_base_clk_wiz_0_0/u96v2_sbc_base_clk_wiz_0_0_board.xdc] for cell 'u96v2_sbc_base_i/clk_wiz_0/inst'
Parsing XDC File [/home/esme/Desktop/VivadoProjects/U20U96/U20U96.gen/sources_1/bd/u96v2_sbc_base/ip/u96v2_sbc_base_proc_sys_reset_6_0/u96v2_sbc_base_proc_sys_reset_6_0.xdc] for cell 'u96v2_sbc_base_i/proc_sys_reset_6/U0'
Finished Parsing XDC File [/home/esme/Desktop/VivadoProjects/U20U96/U20U96.gen/sources_1/bd/u96v2_sbc_base/ip/u96v2_sbc_base_proc_sys_reset_6_0/u96v2_sbc_base_proc_sys_reset_6_0.xdc] for cell 'u96v2_sbc_base_i/proc_sys_reset_6/U0'
Parsing XDC File [/home/esme/Desktop/VivadoProjects/U20U96/U20U96.gen/sources_1/bd/u96v2_sbc_base/ip/u96v2_sbc_base_proc_sys_reset_6_0/u96v2_sbc_base_proc_sys_reset_6_0_board.xdc] for cell 'u96v2_sbc_base_i/proc_sys_reset_6/U0'
Finished Parsing XDC File [/home/esme/Desktop/VivadoProjects/U20U96/U20U96.gen/sources_1/bd/u96v2_sbc_base/ip/u96v2_sbc_base_proc_sys_reset_6_0/u96v2_sbc_base_proc_sys_reset_6_0_board.xdc] for cell 'u96v2_sbc_base_i/proc_sys_reset_6/U0'
Parsing XDC File [/home/esme/Desktop/VivadoProjects/U20U96/U20U96.gen/sources_1/bd/u96v2_sbc_base/ip/u96v2_sbc_base_proc_sys_reset_5_0/u96v2_sbc_base_proc_sys_reset_5_0.xdc] for cell 'u96v2_sbc_base_i/proc_sys_reset_5/U0'
Finished Parsing XDC File [/home/esme/Desktop/VivadoProjects/U20U96/U20U96.gen/sources_1/bd/u96v2_sbc_base/ip/u96v2_sbc_base_proc_sys_reset_5_0/u96v2_sbc_base_proc_sys_reset_5_0.xdc] for cell 'u96v2_sbc_base_i/proc_sys_reset_5/U0'
Parsing XDC File [/home/esme/Desktop/VivadoProjects/U20U96/U20U96.gen/sources_1/bd/u96v2_sbc_base/ip/u96v2_sbc_base_proc_sys_reset_5_0/u96v2_sbc_base_proc_sys_reset_5_0_board.xdc] for cell 'u96v2_sbc_base_i/proc_sys_reset_5/U0'
Finished Parsing XDC File [/home/esme/Desktop/VivadoProjects/U20U96/U20U96.gen/sources_1/bd/u96v2_sbc_base/ip/u96v2_sbc_base_proc_sys_reset_5_0/u96v2_sbc_base_proc_sys_reset_5_0_board.xdc] for cell 'u96v2_sbc_base_i/proc_sys_reset_5/U0'
Parsing XDC File [/home/esme/Desktop/VivadoProjects/U20U96/U20U96.gen/sources_1/bd/u96v2_sbc_base/ip/u96v2_sbc_base_proc_sys_reset_4_0/u96v2_sbc_base_proc_sys_reset_4_0.xdc] for cell 'u96v2_sbc_base_i/proc_sys_reset_4/U0'
Finished Parsing XDC File [/home/esme/Desktop/VivadoProjects/U20U96/U20U96.gen/sources_1/bd/u96v2_sbc_base/ip/u96v2_sbc_base_proc_sys_reset_4_0/u96v2_sbc_base_proc_sys_reset_4_0.xdc] for cell 'u96v2_sbc_base_i/proc_sys_reset_4/U0'
Parsing XDC File [/home/esme/Desktop/VivadoProjects/U20U96/U20U96.gen/sources_1/bd/u96v2_sbc_base/ip/u96v2_sbc_base_proc_sys_reset_4_0/u96v2_sbc_base_proc_sys_reset_4_0_board.xdc] for cell 'u96v2_sbc_base_i/proc_sys_reset_4/U0'
Finished Parsing XDC File [/home/esme/Desktop/VivadoProjects/U20U96/U20U96.gen/sources_1/bd/u96v2_sbc_base/ip/u96v2_sbc_base_proc_sys_reset_4_0/u96v2_sbc_base_proc_sys_reset_4_0_board.xdc] for cell 'u96v2_sbc_base_i/proc_sys_reset_4/U0'
Parsing XDC File [/home/esme/Desktop/VivadoProjects/U20U96/U20U96.gen/sources_1/bd/u96v2_sbc_base/ip/u96v2_sbc_base_proc_sys_reset_3_0/u96v2_sbc_base_proc_sys_reset_3_0.xdc] for cell 'u96v2_sbc_base_i/proc_sys_reset_3/U0'
Finished Parsing XDC File [/home/esme/Desktop/VivadoProjects/U20U96/U20U96.gen/sources_1/bd/u96v2_sbc_base/ip/u96v2_sbc_base_proc_sys_reset_3_0/u96v2_sbc_base_proc_sys_reset_3_0.xdc] for cell 'u96v2_sbc_base_i/proc_sys_reset_3/U0'
Parsing XDC File [/home/esme/Desktop/VivadoProjects/U20U96/U20U96.gen/sources_1/bd/u96v2_sbc_base/ip/u96v2_sbc_base_proc_sys_reset_3_0/u96v2_sbc_base_proc_sys_reset_3_0_board.xdc] for cell 'u96v2_sbc_base_i/proc_sys_reset_3/U0'
Finished Parsing XDC File [/home/esme/Desktop/VivadoProjects/U20U96/U20U96.gen/sources_1/bd/u96v2_sbc_base/ip/u96v2_sbc_base_proc_sys_reset_3_0/u96v2_sbc_base_proc_sys_reset_3_0_board.xdc] for cell 'u96v2_sbc_base_i/proc_sys_reset_3/U0'
Parsing XDC File [/home/esme/Desktop/VivadoProjects/U20U96/U20U96.gen/sources_1/bd/u96v2_sbc_base/ip/u96v2_sbc_base_proc_sys_reset_2_0/u96v2_sbc_base_proc_sys_reset_2_0.xdc] for cell 'u96v2_sbc_base_i/proc_sys_reset_2/U0'
Finished Parsing XDC File [/home/esme/Desktop/VivadoProjects/U20U96/U20U96.gen/sources_1/bd/u96v2_sbc_base/ip/u96v2_sbc_base_proc_sys_reset_2_0/u96v2_sbc_base_proc_sys_reset_2_0.xdc] for cell 'u96v2_sbc_base_i/proc_sys_reset_2/U0'
Parsing XDC File [/home/esme/Desktop/VivadoProjects/U20U96/U20U96.gen/sources_1/bd/u96v2_sbc_base/ip/u96v2_sbc_base_proc_sys_reset_2_0/u96v2_sbc_base_proc_sys_reset_2_0_board.xdc] for cell 'u96v2_sbc_base_i/proc_sys_reset_2/U0'
Finished Parsing XDC File [/home/esme/Desktop/VivadoProjects/U20U96/U20U96.gen/sources_1/bd/u96v2_sbc_base/ip/u96v2_sbc_base_proc_sys_reset_2_0/u96v2_sbc_base_proc_sys_reset_2_0_board.xdc] for cell 'u96v2_sbc_base_i/proc_sys_reset_2/U0'
Parsing XDC File [/home/esme/Desktop/VivadoProjects/U20U96/U20U96.gen/sources_1/bd/u96v2_sbc_base/ip/u96v2_sbc_base_proc_sys_reset_1_0/u96v2_sbc_base_proc_sys_reset_1_0.xdc] for cell 'u96v2_sbc_base_i/proc_sys_reset_1/U0'
Finished Parsing XDC File [/home/esme/Desktop/VivadoProjects/U20U96/U20U96.gen/sources_1/bd/u96v2_sbc_base/ip/u96v2_sbc_base_proc_sys_reset_1_0/u96v2_sbc_base_proc_sys_reset_1_0.xdc] for cell 'u96v2_sbc_base_i/proc_sys_reset_1/U0'
Parsing XDC File [/home/esme/Desktop/VivadoProjects/U20U96/U20U96.gen/sources_1/bd/u96v2_sbc_base/ip/u96v2_sbc_base_proc_sys_reset_1_0/u96v2_sbc_base_proc_sys_reset_1_0_board.xdc] for cell 'u96v2_sbc_base_i/proc_sys_reset_1/U0'
Finished Parsing XDC File [/home/esme/Desktop/VivadoProjects/U20U96/U20U96.gen/sources_1/bd/u96v2_sbc_base/ip/u96v2_sbc_base_proc_sys_reset_1_0/u96v2_sbc_base_proc_sys_reset_1_0_board.xdc] for cell 'u96v2_sbc_base_i/proc_sys_reset_1/U0'
Parsing XDC File [/home/esme/Desktop/VivadoProjects/U20U96/U20U96.gen/sources_1/bd/u96v2_sbc_base/ip/u96v2_sbc_base_proc_sys_reset_0_1/u96v2_sbc_base_proc_sys_reset_0_1.xdc] for cell 'u96v2_sbc_base_i/proc_sys_reset_0/U0'
Finished Parsing XDC File [/home/esme/Desktop/VivadoProjects/U20U96/U20U96.gen/sources_1/bd/u96v2_sbc_base/ip/u96v2_sbc_base_proc_sys_reset_0_1/u96v2_sbc_base_proc_sys_reset_0_1.xdc] for cell 'u96v2_sbc_base_i/proc_sys_reset_0/U0'
Parsing XDC File [/home/esme/Desktop/VivadoProjects/U20U96/U20U96.gen/sources_1/bd/u96v2_sbc_base/ip/u96v2_sbc_base_proc_sys_reset_0_1/u96v2_sbc_base_proc_sys_reset_0_1_board.xdc] for cell 'u96v2_sbc_base_i/proc_sys_reset_0/U0'
Finished Parsing XDC File [/home/esme/Desktop/VivadoProjects/U20U96/U20U96.gen/sources_1/bd/u96v2_sbc_base/ip/u96v2_sbc_base_proc_sys_reset_0_1/u96v2_sbc_base_proc_sys_reset_0_1_board.xdc] for cell 'u96v2_sbc_base_i/proc_sys_reset_0/U0'
Parsing XDC File [/home/esme/Desktop/VivadoProjects/U20U96/U20U96.gen/sources_1/bd/u96v2_sbc_base/ip/u96v2_sbc_base_clk_wiz_0_0/u96v2_sbc_base_clk_wiz_0_0.xdc] for cell 'u96v2_sbc_base_i/clk_wiz_0/inst'
INFO: [Timing 38-35] Done setting XDC timing constraints. [/home/esme/Desktop/VivadoProjects/U20U96/U20U96.gen/sources_1/bd/u96v2_sbc_base/ip/u96v2_sbc_base_clk_wiz_0_0/u96v2_sbc_base_clk_wiz_0_0.xdc:57]
INFO: [Timing 38-2] Deriving generated clocks [/home/esme/Desktop/VivadoProjects/U20U96/U20U96.gen/sources_1/bd/u96v2_sbc_base/ip/u96v2_sbc_base_clk_wiz_0_0/u96v2_sbc_base_clk_wiz_0_0.xdc:57]
Finished Parsing XDC File [/home/esme/Desktop/VivadoProjects/U20U96/U20U96.gen/sources_1/bd/u96v2_sbc_base/ip/u96v2_sbc_base_clk_wiz_0_0/u96v2_sbc_base_clk_wiz_0_0.xdc] for cell 'u96v2_sbc_base_i/clk_wiz_0/inst'
Parsing XDC File [/home/esme/Desktop/VivadoProjects/U20U96/U20U96.gen/sources_1/bd/u96v2_sbc_base/ip/u96v2_sbc_base_zynq_ultra_ps_e_0_0/u96v2_sbc_base_zynq_ultra_ps_e_0_0.xdc] for cell 'u96v2_sbc_base_i/zynq_ultra_ps_e_0/U0'
Finished Parsing XDC File [/home/esme/Desktop/VivadoProjects/U20U96/U20U96.gen/sources_1/bd/u96v2_sbc_base/ip/u96v2_sbc_base_zynq_ultra_ps_e_0_0/u96v2_sbc_base_zynq_ultra_ps_e_0_0.xdc] for cell 'u96v2_sbc_base_i/zynq_ultra_ps_e_0/U0'
Parsing XDC File [/home/esme/Desktop/VivadoProjects/U20U96/U20U96.gen/sources_1/bd/u96v2_sbc_base/ip/u96v2_sbc_base_axi_intc_0_0/u96v2_sbc_base_axi_intc_0_0.xdc] for cell 'u96v2_sbc_base_i/axi_intc_0/U0'
Finished Parsing XDC File [/home/esme/Desktop/VivadoProjects/U20U96/U20U96.gen/sources_1/bd/u96v2_sbc_base/ip/u96v2_sbc_base_axi_intc_0_0/u96v2_sbc_base_axi_intc_0_0.xdc] for cell 'u96v2_sbc_base_i/axi_intc_0/U0'
Parsing XDC File [/home/esme/Desktop/VivadoProjects/U20U96/U20U96.gen/sources_1/bd/u96v2_sbc_base/ip/u96v2_sbc_base_system_management_wiz_0_0/u96v2_sbc_base_system_management_wiz_0_0.xdc] for cell 'u96v2_sbc_base_i/system_management_wiz_0/U0'
Finished Parsing XDC File [/home/esme/Desktop/VivadoProjects/U20U96/U20U96.gen/sources_1/bd/u96v2_sbc_base/ip/u96v2_sbc_base_system_management_wiz_0_0/u96v2_sbc_base_system_management_wiz_0_0.xdc] for cell 'u96v2_sbc_base_i/system_management_wiz_0/U0'
Parsing XDC File [/home/esme/Desktop/VivadoProjects/U20U96/U20U96.gen/sources_1/bd/u96v2_sbc_base/ip/u96v2_sbc_base_system_management_wiz_0_0/u96v2_sbc_base_system_management_wiz_0_0_board.xdc] for cell 'u96v2_sbc_base_i/system_management_wiz_0/U0'
Finished Parsing XDC File [/home/esme/Desktop/VivadoProjects/U20U96/U20U96.gen/sources_1/bd/u96v2_sbc_base/ip/u96v2_sbc_base_system_management_wiz_0_0/u96v2_sbc_base_system_management_wiz_0_0_board.xdc] for cell 'u96v2_sbc_base_i/system_management_wiz_0/U0'
Parsing XDC File [/home/esme/Desktop/VivadoProjects/U20U96/U20U96.gen/sources_1/bd/u96v2_sbc_base/ip/u96v2_sbc_base_axi_gpio_2_0/u96v2_sbc_base_axi_gpio_2_0.xdc] for cell 'u96v2_sbc_base_i/axi_gpio_2/U0'
Finished Parsing XDC File [/home/esme/Desktop/VivadoProjects/U20U96/U20U96.gen/sources_1/bd/u96v2_sbc_base/ip/u96v2_sbc_base_axi_gpio_2_0/u96v2_sbc_base_axi_gpio_2_0.xdc] for cell 'u96v2_sbc_base_i/axi_gpio_2/U0'
Parsing XDC File [/home/esme/Desktop/VivadoProjects/U20U96/U20U96.gen/sources_1/bd/u96v2_sbc_base/ip/u96v2_sbc_base_axi_gpio_2_0/u96v2_sbc_base_axi_gpio_2_0_board.xdc] for cell 'u96v2_sbc_base_i/axi_gpio_2/U0'
Finished Parsing XDC File [/home/esme/Desktop/VivadoProjects/U20U96/U20U96.gen/sources_1/bd/u96v2_sbc_base/ip/u96v2_sbc_base_axi_gpio_2_0/u96v2_sbc_base_axi_gpio_2_0_board.xdc] for cell 'u96v2_sbc_base_i/axi_gpio_2/U0'
Parsing XDC File [/home/esme/Desktop/VivadoProjects/U20U96/U20U96.gen/sources_1/bd/u96v2_sbc_base/ip/u96v2_sbc_base_axi_gpio_1_0/u96v2_sbc_base_axi_gpio_1_0.xdc] for cell 'u96v2_sbc_base_i/axi_gpio_1/U0'
Finished Parsing XDC File [/home/esme/Desktop/VivadoProjects/U20U96/U20U96.gen/sources_1/bd/u96v2_sbc_base/ip/u96v2_sbc_base_axi_gpio_1_0/u96v2_sbc_base_axi_gpio_1_0.xdc] for cell 'u96v2_sbc_base_i/axi_gpio_1/U0'
Parsing XDC File [/home/esme/Desktop/VivadoProjects/U20U96/U20U96.gen/sources_1/bd/u96v2_sbc_base/ip/u96v2_sbc_base_axi_gpio_1_0/u96v2_sbc_base_axi_gpio_1_0_board.xdc] for cell 'u96v2_sbc_base_i/axi_gpio_1/U0'
Finished Parsing XDC File [/home/esme/Desktop/VivadoProjects/U20U96/U20U96.gen/sources_1/bd/u96v2_sbc_base/ip/u96v2_sbc_base_axi_gpio_1_0/u96v2_sbc_base_axi_gpio_1_0_board.xdc] for cell 'u96v2_sbc_base_i/axi_gpio_1/U0'
Parsing XDC File [/home/esme/Desktop/VivadoProjects/U20U96/U20U96.gen/sources_1/bd/u96v2_sbc_base/ip/u96v2_sbc_base_axi_gpio_0_0/u96v2_sbc_base_axi_gpio_0_0.xdc] for cell 'u96v2_sbc_base_i/axi_gpio_0/U0'
Finished Parsing XDC File [/home/esme/Desktop/VivadoProjects/U20U96/U20U96.gen/sources_1/bd/u96v2_sbc_base/ip/u96v2_sbc_base_axi_gpio_0_0/u96v2_sbc_base_axi_gpio_0_0.xdc] for cell 'u96v2_sbc_base_i/axi_gpio_0/U0'
Parsing XDC File [/home/esme/Desktop/VivadoProjects/U20U96/U20U96.gen/sources_1/bd/u96v2_sbc_base/ip/u96v2_sbc_base_axi_gpio_0_0/u96v2_sbc_base_axi_gpio_0_0_board.xdc] for cell 'u96v2_sbc_base_i/axi_gpio_0/U0'
Finished Parsing XDC File [/home/esme/Desktop/VivadoProjects/U20U96/U20U96.gen/sources_1/bd/u96v2_sbc_base/ip/u96v2_sbc_base_axi_gpio_0_0/u96v2_sbc_base_axi_gpio_0_0_board.xdc] for cell 'u96v2_sbc_base_i/axi_gpio_0/U0'
Parsing XDC File [/home/esme/Desktop/VivadoProjects/U20U96/U20U96.gen/sources_1/bd/u96v2_sbc_base/ip/u96v2_sbc_base_axi_uart16550_1_0/u96v2_sbc_base_axi_uart16550_1_0.xdc] for cell 'u96v2_sbc_base_i/axi_uart16550_1/U0'
Finished Parsing XDC File [/home/esme/Desktop/VivadoProjects/U20U96/U20U96.gen/sources_1/bd/u96v2_sbc_base/ip/u96v2_sbc_base_axi_uart16550_1_0/u96v2_sbc_base_axi_uart16550_1_0.xdc] for cell 'u96v2_sbc_base_i/axi_uart16550_1/U0'
Parsing XDC File [/home/esme/Desktop/VivadoProjects/U20U96/U20U96.gen/sources_1/bd/u96v2_sbc_base/ip/u96v2_sbc_base_axi_uart16550_1_0/u96v2_sbc_base_axi_uart16550_1_0_board.xdc] for cell 'u96v2_sbc_base_i/axi_uart16550_1/U0'
Finished Parsing XDC File [/home/esme/Desktop/VivadoProjects/U20U96/U20U96.gen/sources_1/bd/u96v2_sbc_base/ip/u96v2_sbc_base_axi_uart16550_1_0/u96v2_sbc_base_axi_uart16550_1_0_board.xdc] for cell 'u96v2_sbc_base_i/axi_uart16550_1/U0'
Parsing XDC File [/home/esme/Desktop/VivadoProjects/U20U96/U20U96.gen/sources_1/bd/u96v2_sbc_base/ip/u96v2_sbc_base_axi_uart16550_0_0/u96v2_sbc_base_axi_uart16550_0_0.xdc] for cell 'u96v2_sbc_base_i/axi_uart16550_0/U0'
Finished Parsing XDC File [/home/esme/Desktop/VivadoProjects/U20U96/U20U96.gen/sources_1/bd/u96v2_sbc_base/ip/u96v2_sbc_base_axi_uart16550_0_0/u96v2_sbc_base_axi_uart16550_0_0.xdc] for cell 'u96v2_sbc_base_i/axi_uart16550_0/U0'
Parsing XDC File [/home/esme/Desktop/VivadoProjects/U20U96/U20U96.gen/sources_1/bd/u96v2_sbc_base/ip/u96v2_sbc_base_axi_uart16550_0_0/u96v2_sbc_base_axi_uart16550_0_0_board.xdc] for cell 'u96v2_sbc_base_i/axi_uart16550_0/U0'
Finished Parsing XDC File [/home/esme/Desktop/VivadoProjects/U20U96/U20U96.gen/sources_1/bd/u96v2_sbc_base/ip/u96v2_sbc_base_axi_uart16550_0_0/u96v2_sbc_base_axi_uart16550_0_0_board.xdc] for cell 'u96v2_sbc_base_i/axi_uart16550_0/U0'
Parsing XDC File [/home/esme/Desktop/VivadoProjects/U20U96/U20U96.gen/sources_1/bd/u96v2_sbc_base/ip/u96v2_sbc_base_proc_sys_reset_0_0/u96v2_sbc_base_proc_sys_reset_0_0.xdc] for cell 'u96v2_sbc_base_i/rst_ps8_0_100M/U0'
Finished Parsing XDC File [/home/esme/Desktop/VivadoProjects/U20U96/U20U96.gen/sources_1/bd/u96v2_sbc_base/ip/u96v2_sbc_base_proc_sys_reset_0_0/u96v2_sbc_base_proc_sys_reset_0_0.xdc] for cell 'u96v2_sbc_base_i/rst_ps8_0_100M/U0'
Parsing XDC File [/home/esme/Desktop/VivadoProjects/U20U96/U20U96.gen/sources_1/bd/u96v2_sbc_base/ip/u96v2_sbc_base_proc_sys_reset_0_0/u96v2_sbc_base_proc_sys_reset_0_0_board.xdc] for cell 'u96v2_sbc_base_i/rst_ps8_0_100M/U0'
Finished Parsing XDC File [/home/esme/Desktop/VivadoProjects/U20U96/U20U96.gen/sources_1/bd/u96v2_sbc_base/ip/u96v2_sbc_base_proc_sys_reset_0_0/u96v2_sbc_base_proc_sys_reset_0_0_board.xdc] for cell 'u96v2_sbc_base_i/rst_ps8_0_100M/U0'
Parsing XDC File [/home/esme/Desktop/VivadoProjects/U20U96/U20U96.srcs/constrs_1/imports/base/u96v2_sbc_base.xdc]
Finished Parsing XDC File [/home/esme/Desktop/VivadoProjects/U20U96/U20U96.srcs/constrs_1/imports/base/u96v2_sbc_base.xdc]
Parsing XDC File [/home/esme/Desktop/VivadoProjects/U20U96/U20U96.gen/sources_1/bd/u96v2_sbc_base/ip/u96v2_sbc_base_auto_ds_0/u96v2_sbc_base_auto_ds_0_clocks.xdc] for cell 'u96v2_sbc_base_i/ps8_0_axi_periph/m01_couplers/auto_ds/inst'
Finished Parsing XDC File [/home/esme/Desktop/VivadoProjects/U20U96/U20U96.gen/sources_1/bd/u96v2_sbc_base/ip/u96v2_sbc_base_auto_ds_0/u96v2_sbc_base_auto_ds_0_clocks.xdc] for cell 'u96v2_sbc_base_i/ps8_0_axi_periph/m01_couplers/auto_ds/inst'
Parsing XDC File [/home/esme/Desktop/VivadoProjects/U20U96/U20U96.gen/sources_1/bd/u96v2_sbc_base/ip/u96v2_sbc_base_auto_ds_1/u96v2_sbc_base_auto_ds_1_clocks.xdc] for cell 'u96v2_sbc_base_i/ps8_0_axi_periph/m02_couplers/auto_ds/inst'
Finished Parsing XDC File [/home/esme/Desktop/VivadoProjects/U20U96/U20U96.gen/sources_1/bd/u96v2_sbc_base/ip/u96v2_sbc_base_auto_ds_1/u96v2_sbc_base_auto_ds_1_clocks.xdc] for cell 'u96v2_sbc_base_i/ps8_0_axi_periph/m02_couplers/auto_ds/inst'
Parsing XDC File [/home/esme/Desktop/VivadoProjects/U20U96/U20U96.gen/sources_1/bd/u96v2_sbc_base/ip/u96v2_sbc_base_auto_ds_2/u96v2_sbc_base_auto_ds_2_clocks.xdc] for cell 'u96v2_sbc_base_i/ps8_0_axi_periph/m03_couplers/auto_ds/inst'
Finished Parsing XDC File [/home/esme/Desktop/VivadoProjects/U20U96/U20U96.gen/sources_1/bd/u96v2_sbc_base/ip/u96v2_sbc_base_auto_ds_2/u96v2_sbc_base_auto_ds_2_clocks.xdc] for cell 'u96v2_sbc_base_i/ps8_0_axi_periph/m03_couplers/auto_ds/inst'
Parsing XDC File [/home/esme/Desktop/VivadoProjects/U20U96/U20U96.gen/sources_1/bd/u96v2_sbc_base/ip/u96v2_sbc_base_auto_ds_3/u96v2_sbc_base_auto_ds_3_clocks.xdc] for cell 'u96v2_sbc_base_i/ps8_0_axi_periph/m04_couplers/auto_ds/inst'
Finished Parsing XDC File [/home/esme/Desktop/VivadoProjects/U20U96/U20U96.gen/sources_1/bd/u96v2_sbc_base/ip/u96v2_sbc_base_auto_ds_3/u96v2_sbc_base_auto_ds_3_clocks.xdc] for cell 'u96v2_sbc_base_i/ps8_0_axi_periph/m04_couplers/auto_ds/inst'
Parsing XDC File [/home/esme/Desktop/VivadoProjects/U20U96/U20U96.gen/sources_1/bd/u96v2_sbc_base/ip/u96v2_sbc_base_auto_ds_4/u96v2_sbc_base_auto_ds_4_clocks.xdc] for cell 'u96v2_sbc_base_i/ps8_0_axi_periph/m05_couplers/auto_ds/inst'
Finished Parsing XDC File [/home/esme/Desktop/VivadoProjects/U20U96/U20U96.gen/sources_1/bd/u96v2_sbc_base/ip/u96v2_sbc_base_auto_ds_4/u96v2_sbc_base_auto_ds_4_clocks.xdc] for cell 'u96v2_sbc_base_i/ps8_0_axi_periph/m05_couplers/auto_ds/inst'
Parsing XDC File [/home/esme/Desktop/VivadoProjects/U20U96/U20U96.gen/sources_1/bd/u96v2_sbc_base/ip/u96v2_sbc_base_auto_ds_5/u96v2_sbc_base_auto_ds_5_clocks.xdc] for cell 'u96v2_sbc_base_i/ps8_0_axi_periph/m06_couplers/auto_ds/inst'
Finished Parsing XDC File [/home/esme/Desktop/VivadoProjects/U20U96/U20U96.gen/sources_1/bd/u96v2_sbc_base/ip/u96v2_sbc_base_auto_ds_5/u96v2_sbc_base_auto_ds_5_clocks.xdc] for cell 'u96v2_sbc_base_i/ps8_0_axi_periph/m06_couplers/auto_ds/inst'
Parsing XDC File [/home/esme/Desktop/VivadoProjects/U20U96/U20U96.gen/sources_1/bd/u96v2_sbc_base/ip/u96v2_sbc_base_auto_ds_6/u96v2_sbc_base_auto_ds_6_clocks.xdc] for cell 'u96v2_sbc_base_i/ps8_0_axi_periph/m07_couplers/auto_ds/inst'
Finished Parsing XDC File [/home/esme/Desktop/VivadoProjects/U20U96/U20U96.gen/sources_1/bd/u96v2_sbc_base/ip/u96v2_sbc_base_auto_ds_6/u96v2_sbc_base_auto_ds_6_clocks.xdc] for cell 'u96v2_sbc_base_i/ps8_0_axi_periph/m07_couplers/auto_ds/inst'
Parsing XDC File [/home/esme/Desktop/VivadoProjects/U20U96/U20U96.gen/sources_1/bd/u96v2_sbc_base/ip/u96v2_sbc_base_auto_ds_7/u96v2_sbc_base_auto_ds_7_clocks.xdc] for cell 'u96v2_sbc_base_i/ps8_0_axi_periph/m08_couplers/auto_ds/inst'
Finished Parsing XDC File [/home/esme/Desktop/VivadoProjects/U20U96/U20U96.gen/sources_1/bd/u96v2_sbc_base/ip/u96v2_sbc_base_auto_ds_7/u96v2_sbc_base_auto_ds_7_clocks.xdc] for cell 'u96v2_sbc_base_i/ps8_0_axi_periph/m08_couplers/auto_ds/inst'
Parsing XDC File [/home/esme/Desktop/VivadoProjects/U20U96/U20U96.gen/sources_1/bd/u96v2_sbc_base/ip/u96v2_sbc_base_auto_ds_8/u96v2_sbc_base_auto_ds_8_clocks.xdc] for cell 'u96v2_sbc_base_i/ps8_0_axi_periph/m09_couplers/auto_ds/inst'
Finished Parsing XDC File [/home/esme/Desktop/VivadoProjects/U20U96/U20U96.gen/sources_1/bd/u96v2_sbc_base/ip/u96v2_sbc_base_auto_ds_8/u96v2_sbc_base_auto_ds_8_clocks.xdc] for cell 'u96v2_sbc_base_i/ps8_0_axi_periph/m09_couplers/auto_ds/inst'
Parsing XDC File [/home/esme/Desktop/VivadoProjects/U20U96/U20U96.gen/sources_1/bd/u96v2_sbc_base/ip/u96v2_sbc_base_axi_intc_0_0/u96v2_sbc_base_axi_intc_0_0_clocks.xdc] for cell 'u96v2_sbc_base_i/axi_intc_0/U0'
Finished Parsing XDC File [/home/esme/Desktop/VivadoProjects/U20U96/U20U96.gen/sources_1/bd/u96v2_sbc_base/ip/u96v2_sbc_base_axi_intc_0_0/u96v2_sbc_base_axi_intc_0_0_clocks.xdc] for cell 'u96v2_sbc_base_i/axi_intc_0/U0'
INFO: [Project 1-1715] 1 XPM XDC files have been applied to the design.
INFO: [Opt 31-138] Pushed 0 inverter(s) to 0 load pin(s).
INFO: [Opt 31-422] The CLOCK_DOMAINS attribute on the BRAM cell u96v2_sbc_base_i/axi_bram_ctrl_0_bram/U0/inst_blk_mem_gen/gnbram.gnative_mem_map_bmg.native_mem_map_blk_mem_gen/valid.cstr/ramloop[0].ram.r/prim_noinit.ram/DEVICE_8SERIES.WITH_BMM_INFO.TRUE_DP.SIMPLE_PRIM36.SERIES8_TDP_SP36_NO_ECC_ATTR.ram has been changed from INDEPENDENT to COMMON to match the clocking topology used for the BRAM.
INFO: [Opt 31-422] The CLOCK_DOMAINS attribute on the BRAM cell u96v2_sbc_base_i/axi_bram_ctrl_0_bram/U0/inst_blk_mem_gen/gnbram.gnative_mem_map_bmg.native_mem_map_blk_mem_gen/valid.cstr/ramloop[1].ram.r/prim_noinit.ram/DEVICE_8SERIES.WITH_BMM_INFO.TRUE_DP.SIMPLE_PRIM36.SERIES8_TDP_SP36_NO_ECC_ATTR.ram has been changed from INDEPENDENT to COMMON to match the clocking topology used for the BRAM.
INFO: [Opt 31-422] The CLOCK_DOMAINS attribute on the BRAM cell u96v2_sbc_base_i/axi_bram_ctrl_0_bram/U0/inst_blk_mem_gen/gnbram.gnative_mem_map_bmg.native_mem_map_blk_mem_gen/valid.cstr/ramloop[2].ram.r/prim_noinit.ram/DEVICE_8SERIES.WITH_BMM_INFO.TRUE_DP.SIMPLE_PRIM36.SERIES8_TDP_SP36_NO_ECC_ATTR.ram has been changed from INDEPENDENT to COMMON to match the clocking topology used for the BRAM.
INFO: [Opt 31-422] The CLOCK_DOMAINS attribute on the BRAM cell u96v2_sbc_base_i/axi_bram_ctrl_0_bram/U0/inst_blk_mem_gen/gnbram.gnative_mem_map_bmg.native_mem_map_blk_mem_gen/valid.cstr/ramloop[3].ram.r/prim_noinit.ram/DEVICE_8SERIES.WITH_BMM_INFO.TRUE_DP.SIMPLE_PRIM36.SERIES8_TDP_SP36_NO_ECC_ATTR.ram has been changed from INDEPENDENT to COMMON to match the clocking topology used for the BRAM.
Netlist sorting complete. Time (s): cpu = 00:00:00.01 ; elapsed = 00:00:00.01 . Memory (MB): peak = 4002.055 ; gain = 0.000 ; free physical = 4764 ; free virtual = 16416
INFO: [Project 1-111] Unisim Transformation Summary:
  A total of 68 instances were transformed.
  IBUF => IBUF (IBUFCTRL, INBUF): 5 instances
  RAM32M16 => RAM32M16 (RAMD32(x14), RAMS32(x2)): 63 instances

57 Infos, 2 Warnings, 0 Critical Warnings and 0 Errors encountered.
link_design completed successfully
link_design: Time (s): cpu = 00:00:32 ; elapsed = 00:00:42 . Memory (MB): peak = 4002.055 ; gain = 1632.906 ; free physical = 4764 ; free virtual = 16416
Command: opt_design
Attempting to get a license for feature 'Implementation' and/or device 'xczu3eg'
INFO: [Common 17-349] Got license for feature 'Implementation' and/or device 'xczu3eg'
Running DRC as a precondition to command opt_design

Starting DRC Task
INFO: [DRC 23-27] Running DRC with 8 threads
INFO: [Project 1-461] DRC finished with 0 Errors
INFO: [Project 1-462] Please refer to the DRC report (report_drc) for more information.

Time (s): cpu = 00:00:02 ; elapsed = 00:00:01 . Memory (MB): peak = 4002.055 ; gain = 0.000 ; free physical = 4752 ; free virtual = 16404

Starting Cache Timing Information Task
INFO: [Timing 38-35] Done setting XDC timing constraints.
Ending Cache Timing Information Task | Checksum: 18098c38d

Time (s): cpu = 00:00:02 ; elapsed = 00:00:01 . Memory (MB): peak = 4002.055 ; gain = 0.000 ; free physical = 4726 ; free virtual = 16379

Starting Logic Optimization Task

Phase 1 Retarget
INFO: [Opt 31-138] Pushed 54 inverter(s) to 4635 load pin(s).
INFO: [Opt 31-49] Retargeted 0 cell(s).
Phase 1 Retarget | Checksum: 18ab59b1c

Time (s): cpu = 00:00:02 ; elapsed = 00:00:01 . Memory (MB): peak = 4002.055 ; gain = 0.000 ; free physical = 4589 ; free virtual = 16242
INFO: [Opt 31-389] Phase Retarget created 19 cells and removed 426 cells
INFO: [Opt 31-1021] In phase Retarget, 370 netlist objects are constrained preventing optimization. Please run opt_design with -debug_log to get more detail. 

Phase 2 Constant propagation
INFO: [Opt 31-138] Pushed 0 inverter(s) to 0 load pin(s).
Phase 2 Constant propagation | Checksum: 2126fca85

Time (s): cpu = 00:00:02 ; elapsed = 00:00:02 . Memory (MB): peak = 4002.055 ; gain = 0.000 ; free physical = 4591 ; free virtual = 16244
INFO: [Opt 31-389] Phase Constant propagation created 289 cells and removed 1936 cells
INFO: [Opt 31-1021] In phase Constant propagation, 366 netlist objects are constrained preventing optimization. Please run opt_design with -debug_log to get more detail. 

Phase 3 Sweep
Phase 3 Sweep | Checksum: 17d2ef511

Time (s): cpu = 00:00:04 ; elapsed = 00:00:03 . Memory (MB): peak = 4002.055 ; gain = 0.000 ; free physical = 4588 ; free virtual = 16241
INFO: [Opt 31-389] Phase Sweep created 0 cells and removed 5649 cells
INFO: [Opt 31-1021] In phase Sweep, 1019 netlist objects are constrained preventing optimization. Please run opt_design with -debug_log to get more detail. 

Phase 4 BUFG optimization
INFO: [Opt 31-1077] Phase BUFG optimization inserted 0 global clock buffer(s) for CLOCK_LOW_FANOUT.
Phase 4 BUFG optimization | Checksum: 17d2ef511

Time (s): cpu = 00:00:04 ; elapsed = 00:00:03 . Memory (MB): peak = 4002.055 ; gain = 0.000 ; free physical = 4584 ; free virtual = 16236
INFO: [Opt 31-662] Phase BUFG optimization created 0 cells of which 0 are BUFGs and removed 0 cells.

Phase 5 Shift Register Optimization
INFO: [Opt 31-1064] SRL Remap converted 0 SRLs to 0 registers and converted 0 registers of register chains to 0 SRLs
Phase 5 Shift Register Optimization | Checksum: 17d2ef511

Time (s): cpu = 00:00:04 ; elapsed = 00:00:03 . Memory (MB): peak = 4002.055 ; gain = 0.000 ; free physical = 4583 ; free virtual = 16236
INFO: [Opt 31-389] Phase Shift Register Optimization created 0 cells and removed 0 cells

Phase 6 Post Processing Netlist
Phase 6 Post Processing Netlist | Checksum: 17d2ef511

Time (s): cpu = 00:00:04 ; elapsed = 00:00:04 . Memory (MB): peak = 4002.055 ; gain = 0.000 ; free physical = 4583 ; free virtual = 16236
INFO: [Opt 31-389] Phase Post Processing Netlist created 0 cells and removed 0 cells
INFO: [Opt 31-1021] In phase Post Processing Netlist, 447 netlist objects are constrained preventing optimization. Please run opt_design with -debug_log to get more detail. 
Opt_design Change Summary
=========================


-------------------------------------------------------------------------------------------------------------------------
|  Phase                        |  #Cells created  |  #Cells Removed  |  #Constrained objects preventing optimizations  |
-------------------------------------------------------------------------------------------------------------------------
|  Retarget                     |              19  |             426  |                                            370  |
|  Constant propagation         |             289  |            1936  |                                            366  |
|  Sweep                        |               0  |            5649  |                                           1019  |
|  BUFG optimization            |               0  |               0  |                                              0  |
|  Shift Register Optimization  |               0  |               0  |                                              0  |
|  Post Processing Netlist      |               0  |               0  |                                            447  |
-------------------------------------------------------------------------------------------------------------------------



Starting Connectivity Check Task

Time (s): cpu = 00:00:00.05 ; elapsed = 00:00:00.04 . Memory (MB): peak = 4002.055 ; gain = 0.000 ; free physical = 4583 ; free virtual = 16235
Ending Logic Optimization Task | Checksum: 216f196eb

Time (s): cpu = 00:00:05 ; elapsed = 00:00:04 . Memory (MB): peak = 4002.055 ; gain = 0.000 ; free physical = 4583 ; free virtual = 16235

Starting Power Optimization Task
INFO: [Pwropt 34-132] Skipping clock gating for clocks with a period < 2.00 ns.
INFO: [Pwropt 34-9] Applying IDT optimizations ...
INFO: [Pwropt 34-10] Applying ODC optimizations ...
INFO: [Timing 38-35] Done setting XDC timing constraints.
Running Vector-less Activity Propagation...

Finished Running Vector-less Activity Propagation


Starting PowerOpt Patch Enables Task
INFO: [Pwropt 34-162] WRITE_MODE attribute of 4 BRAM(s) out of a total of 4 has been updated to save power. Run report_power_opt to get a complete listing of the BRAMs updated.
INFO: [Pwropt 34-201] Structural ODC has moved 0 WE to EN ports
Number of BRAM Ports augmented: 4 newly gated: 0 Total Ports: 8
Ending PowerOpt Patch Enables Task | Checksum: 155e98de3

Time (s): cpu = 00:00:00.23 ; elapsed = 00:00:00.13 . Memory (MB): peak = 4002.055 ; gain = 0.000 ; free physical = 4535 ; free virtual = 16188
Ending Power Optimization Task | Checksum: 155e98de3

Time (s): cpu = 00:00:07 ; elapsed = 00:00:04 . Memory (MB): peak = 4002.055 ; gain = 0.000 ; free physical = 4570 ; free virtual = 16223

Starting Final Cleanup Task

Starting Logic Optimization Task
INFO: [Timing 38-35] Done setting XDC timing constraints.
Ending Logic Optimization Task | Checksum: 23523a46a

Time (s): cpu = 00:00:03 ; elapsed = 00:00:02 . Memory (MB): peak = 4002.055 ; gain = 0.000 ; free physical = 4573 ; free virtual = 16225
Ending Final Cleanup Task | Checksum: 23523a46a

Time (s): cpu = 00:00:04 ; elapsed = 00:00:03 . Memory (MB): peak = 4002.055 ; gain = 0.000 ; free physical = 4573 ; free virtual = 16225

Starting Netlist Obfuscation Task
Netlist sorting complete. Time (s): cpu = 00:00:00.01 ; elapsed = 00:00:00.01 . Memory (MB): peak = 4002.055 ; gain = 0.000 ; free physical = 4573 ; free virtual = 16225
Ending Netlist Obfuscation Task | Checksum: 23523a46a

Time (s): cpu = 00:00:00.01 ; elapsed = 00:00:00.01 . Memory (MB): peak = 4002.055 ; gain = 0.000 ; free physical = 4573 ; free virtual = 16225
INFO: [Common 17-83] Releasing license: Implementation
85 Infos, 2 Warnings, 0 Critical Warnings and 0 Errors encountered.
opt_design completed successfully
opt_design: Time (s): cpu = 00:00:21 ; elapsed = 00:00:14 . Memory (MB): peak = 4002.055 ; gain = 0.000 ; free physical = 4573 ; free virtual = 16225
INFO: [Timing 38-35] Done setting XDC timing constraints.
INFO: [Timing 38-480] Writing timing data to binary archive.
Writing placer database...
Writing XDEF routing.
Writing XDEF routing logical nets.
Writing XDEF routing special nets.
Write XDEF Complete: Time (s): cpu = 00:00:00.08 ; elapsed = 00:00:00.02 . Memory (MB): peak = 4002.055 ; gain = 0.000 ; free physical = 4543 ; free virtual = 16200
INFO: [Common 17-1381] The checkpoint '/home/esme/Desktop/VivadoProjects/U20U96/U20U96.runs/impl_1/u96v2_sbc_base_wrapper_opt.dcp' has been generated.
write_checkpoint: Time (s): cpu = 00:00:08 ; elapsed = 00:00:05 . Memory (MB): peak = 4002.055 ; gain = 0.000 ; free physical = 4531 ; free virtual = 16195
INFO: [runtcl-4] Executing : report_drc -file u96v2_sbc_base_wrapper_drc_opted.rpt -pb u96v2_sbc_base_wrapper_drc_opted.pb -rpx u96v2_sbc_base_wrapper_drc_opted.rpx
Command: report_drc -file u96v2_sbc_base_wrapper_drc_opted.rpt -pb u96v2_sbc_base_wrapper_drc_opted.pb -rpx u96v2_sbc_base_wrapper_drc_opted.rpx
INFO: [IP_Flow 19-1839] IP Catalog is up to date.
INFO: [DRC 23-27] Running DRC with 8 threads
INFO: [Coretcl 2-168] The results of DRC are in file /home/esme/Desktop/VivadoProjects/U20U96/U20U96.runs/impl_1/u96v2_sbc_base_wrapper_drc_opted.rpt.
report_drc completed successfully
report_drc: Time (s): cpu = 00:00:18 ; elapsed = 00:00:15 . Memory (MB): peak = 4603.738 ; gain = 601.684 ; free physical = 3964 ; free virtual = 15650
Command: place_design
Attempting to get a license for feature 'Implementation' and/or device 'xczu3eg'
INFO: [Common 17-349] Got license for feature 'Implementation' and/or device 'xczu3eg'
WARNING: [Vivado_Tcl 4-1400] -ultrathreads option currently only supported on multi-SLR devices. Continuing placement in regular mode.
INFO: [DRC 23-27] Running DRC with 8 threads
INFO: [Vivado_Tcl 4-198] DRC finished with 0 Errors
INFO: [Vivado_Tcl 4-199] Please refer to the DRC report (report_drc) for more information.
Running DRC as a precondition to command place_design
INFO: [DRC 23-27] Running DRC with 8 threads
INFO: [Vivado_Tcl 4-198] DRC finished with 0 Errors
INFO: [Vivado_Tcl 4-199] Please refer to the DRC report (report_drc) for more information.

Starting Placer Task
INFO: [Place 30-611] Multithreading enabled for place_design using a maximum of 8 CPUs

Phase 1 Placer Initialization

Phase 1.1 Placer Initialization Netlist Sorting
Netlist sorting complete. Time (s): cpu = 00:00:00 ; elapsed = 00:00:00 . Memory (MB): peak = 4603.738 ; gain = 0.000 ; free physical = 3935 ; free virtual = 15631
Phase 1.1 Placer Initialization Netlist Sorting | Checksum: 16ce385e3

Time (s): cpu = 00:00:00.01 ; elapsed = 00:00:00.04 . Memory (MB): peak = 4603.738 ; gain = 0.000 ; free physical = 3935 ; free virtual = 15631
Netlist sorting complete. Time (s): cpu = 00:00:00 ; elapsed = 00:00:00.01 . Memory (MB): peak = 4603.738 ; gain = 0.000 ; free physical = 3935 ; free virtual = 15631

Phase 1.2 IO Placement/ Clock Placement/ Build Placer Device
Phase 1.2 IO Placement/ Clock Placement/ Build Placer Device | Checksum: c6114261

Time (s): cpu = 00:00:02 ; elapsed = 00:00:01 . Memory (MB): peak = 4603.738 ; gain = 0.000 ; free physical = 3953 ; free virtual = 15659

Phase 1.3 Build Placer Netlist Model
Phase 1.3 Build Placer Netlist Model | Checksum: 17effde35

Time (s): cpu = 00:00:09 ; elapsed = 00:00:05 . Memory (MB): peak = 4603.738 ; gain = 0.000 ; free physical = 3673 ; free virtual = 15552

Phase 1.4 Constrain Clocks/Macros
Phase 1.4 Constrain Clocks/Macros | Checksum: 17effde35

Time (s): cpu = 00:00:09 ; elapsed = 00:00:05 . Memory (MB): peak = 4603.738 ; gain = 0.000 ; free physical = 3665 ; free virtual = 15551
Phase 1 Placer Initialization | Checksum: 17effde35

Time (s): cpu = 00:00:09 ; elapsed = 00:00:05 . Memory (MB): peak = 4603.738 ; gain = 0.000 ; free physical = 3649 ; free virtual = 15549

Phase 2 Global Placement

Phase 2.1 Floorplanning

Phase 2.1.1 Partition Driven Placement

Phase 2.1.1.1 PBP: Partition Driven Placement
Phase 2.1.1.1 PBP: Partition Driven Placement | Checksum: e58b5a4f

Time (s): cpu = 00:00:19 ; elapsed = 00:00:09 . Memory (MB): peak = 4603.738 ; gain = 0.000 ; free physical = 3403 ; free virtual = 15435

Phase 2.1.1.2 PBP: Clock Region Placement
Phase 2.1.1.2 PBP: Clock Region Placement | Checksum: 15315fdcb

Time (s): cpu = 00:00:20 ; elapsed = 00:00:10 . Memory (MB): peak = 4603.738 ; gain = 0.000 ; free physical = 3391 ; free virtual = 15428

Phase 2.1.1.3 PBP: Compute Congestion
Phase 2.1.1.3 PBP: Compute Congestion | Checksum: 15315fdcb

Time (s): cpu = 00:00:20 ; elapsed = 00:00:10 . Memory (MB): peak = 4603.738 ; gain = 0.000 ; free physical = 3379 ; free virtual = 15416

Phase 2.1.1.4 PBP: UpdateTiming
Phase 2.1.1.4 PBP: UpdateTiming | Checksum: e4cf0eef

Time (s): cpu = 00:00:21 ; elapsed = 00:00:10 . Memory (MB): peak = 4603.738 ; gain = 0.000 ; free physical = 3368 ; free virtual = 15411

Phase 2.1.1.5 PBP: Add part constraints
Phase 2.1.1.5 PBP: Add part constraints | Checksum: e4cf0eef

Time (s): cpu = 00:00:21 ; elapsed = 00:00:10 . Memory (MB): peak = 4603.738 ; gain = 0.000 ; free physical = 3368 ; free virtual = 15411
Phase 2.1.1 Partition Driven Placement | Checksum: e4cf0eef

Time (s): cpu = 00:00:21 ; elapsed = 00:00:11 . Memory (MB): peak = 4603.738 ; gain = 0.000 ; free physical = 3375 ; free virtual = 15419
Phase 2.1 Floorplanning | Checksum: 12c7623ef

Time (s): cpu = 00:00:21 ; elapsed = 00:00:11 . Memory (MB): peak = 4603.738 ; gain = 0.000 ; free physical = 3375 ; free virtual = 15419

Phase 2.2 Update Timing before SLR Path Opt
Phase 2.2 Update Timing before SLR Path Opt | Checksum: 12c7623ef

Time (s): cpu = 00:00:22 ; elapsed = 00:00:11 . Memory (MB): peak = 4603.738 ; gain = 0.000 ; free physical = 3375 ; free virtual = 15419

Phase 2.3 Global Placement Core

Phase 2.3.1 Physical Synthesis In Placer
INFO: [Physopt 32-1035] Found 0 LUTNM shape to break, 923 LUT instances to create LUTNM shape
INFO: [Physopt 32-1044] Break lutnm for timing: one critical 0, two critical 0, total 0, new lutff created 0
INFO: [Physopt 32-775] End 1 Pass. Optimized 394 nets or cells. Created 0 new cell, deleted 394 existing cells and moved 0 existing cell
INFO: [Physopt 32-1030] Pass 1. Identified 3 candidate driver sets for equivalent driver rewiring.
INFO: [Physopt 32-661] Optimized 3 nets.  Re-placed 53 instances.
INFO: [Physopt 32-775] End 1 Pass. Optimized 3 nets or cells. Created 0 new cell, deleted 1 existing cell and moved 53 existing cells
Netlist sorting complete. Time (s): cpu = 00:00:00.17 ; elapsed = 00:00:00.18 . Memory (MB): peak = 4603.738 ; gain = 0.000 ; free physical = 2546 ; free virtual = 15004
INFO: [Physopt 32-65] No nets found for high-fanout optimization.
INFO: [Physopt 32-232] Optimized 0 net. Created 0 new instance.
INFO: [Physopt 32-775] End 1 Pass. Optimized 0 net or cell. Created 0 new cell, deleted 0 existing cell and moved 0 existing cell
INFO: [Physopt 32-670] No setup violation found.  DSP Register Optimization was not performed.
INFO: [Physopt 32-670] No setup violation found.  Shift Register to Pipeline Optimization was not performed.
INFO: [Physopt 32-670] No setup violation found.  Shift Register Optimization was not performed.
INFO: [Physopt 32-670] No setup violation found.  BRAM Register Optimization was not performed.
INFO: [Physopt 32-670] No setup violation found.  URAM Register Optimization was not performed.
INFO: [Physopt 32-949] No candidate nets found for dynamic/static region interface net replication
INFO: [Physopt 32-775] End 1 Pass. Optimized 0 net or cell. Created 0 new cell, deleted 0 existing cell and moved 0 existing cell
Netlist sorting complete. Time (s): cpu = 00:00:00.01 ; elapsed = 00:00:00 . Memory (MB): peak = 4603.738 ; gain = 0.000 ; free physical = 2532 ; free virtual = 14994

Summary of Physical Synthesis Optimizations
============================================


-----------------------------------------------------------------------------------------------------------------------------------------------------------
|  Optimization                                     |  Added Cells  |  Removed Cells  |  Optimized Cells/Nets  |  Dont Touch  |  Iterations  |  Elapsed   |
-----------------------------------------------------------------------------------------------------------------------------------------------------------
|  LUT Combining                                    |            0  |            394  |                   394  |           0  |           1  |  00:00:01  |
|  Equivalent Driver Rewiring                       |            0  |              1  |                     3  |           0  |           1  |  00:00:00  |
|  Very High Fanout                                 |            0  |              0  |                     0  |           0  |           1  |  00:00:00  |
|  DSP Register                                     |            0  |              0  |                     0  |           0  |           0  |  00:00:00  |
|  Shift Register to Pipeline                       |            0  |              0  |                     0  |           0  |           0  |  00:00:00  |
|  Shift Register                                   |            0  |              0  |                     0  |           0  |           0  |  00:00:00  |
|  BRAM Register                                    |            0  |              0  |                     0  |           0  |           0  |  00:00:00  |
|  URAM Register                                    |            0  |              0  |                     0  |           0  |           0  |  00:00:00  |
|  Dynamic/Static Region Interface Net Replication  |            0  |              0  |                     0  |           0  |           1  |  00:00:00  |
|  Total                                            |            0  |            395  |                   397  |           0  |           4  |  00:00:01  |
-----------------------------------------------------------------------------------------------------------------------------------------------------------


Phase 2.3.1 Physical Synthesis In Placer | Checksum: 1807cca02

Time (s): cpu = 00:01:45 ; elapsed = 00:00:34 . Memory (MB): peak = 4603.738 ; gain = 0.000 ; free physical = 2476 ; free virtual = 14963
Phase 2.3 Global Placement Core | Checksum: 11d20771b

Time (s): cpu = 00:02:07 ; elapsed = 00:00:38 . Memory (MB): peak = 4603.738 ; gain = 0.000 ; free physical = 2211 ; free virtual = 14783
Phase 2 Global Placement | Checksum: 11d20771b

Time (s): cpu = 00:02:07 ; elapsed = 00:00:38 . Memory (MB): peak = 4603.738 ; gain = 0.000 ; free physical = 2219 ; free virtual = 14792

Phase 3 Detail Placement

Phase 3.1 Commit Multi Column Macros
Phase 3.1 Commit Multi Column Macros | Checksum: 1a4facf12

Time (s): cpu = 00:02:08 ; elapsed = 00:00:39 . Memory (MB): peak = 4603.738 ; gain = 0.000 ; free physical = 2188 ; free virtual = 14771

Phase 3.2 Commit Most Macros & LUTRAMs
Phase 3.2 Commit Most Macros & LUTRAMs | Checksum: 22584feb4

Time (s): cpu = 00:02:11 ; elapsed = 00:00:40 . Memory (MB): peak = 4603.738 ; gain = 0.000 ; free physical = 2140 ; free virtual = 14762

Phase 3.3 Small Shape DP

Phase 3.3.1 Small Shape Clustering
Phase 3.3.1 Small Shape Clustering | Checksum: 2784113fb

Time (s): cpu = 00:02:13 ; elapsed = 00:00:42 . Memory (MB): peak = 4603.738 ; gain = 0.000 ; free physical = 2022 ; free virtual = 14685

Phase 3.3.2 Flow Legalize Slice Clusters
Phase 3.3.2 Flow Legalize Slice Clusters | Checksum: 2317e8e68

Time (s): cpu = 00:02:13 ; elapsed = 00:00:42 . Memory (MB): peak = 4603.738 ; gain = 0.000 ; free physical = 2007 ; free virtual = 14672

Phase 3.3.3 Slice Area Swap
Phase 3.3.3 Slice Area Swap | Checksum: 21eca7f09

Time (s): cpu = 00:02:16 ; elapsed = 00:00:44 . Memory (MB): peak = 4603.738 ; gain = 0.000 ; free physical = 1920 ; free virtual = 14623
Phase 3.3 Small Shape DP | Checksum: 253aeb73f

Time (s): cpu = 00:02:21 ; elapsed = 00:00:45 . Memory (MB): peak = 4603.738 ; gain = 0.000 ; free physical = 1924 ; free virtual = 14627

Phase 3.4 Re-assign LUT pins
Phase 3.4 Re-assign LUT pins | Checksum: 2292c2ae0

Time (s): cpu = 00:02:22 ; elapsed = 00:00:46 . Memory (MB): peak = 4603.738 ; gain = 0.000 ; free physical = 1922 ; free virtual = 14625

Phase 3.5 Pipeline Register Optimization
Phase 3.5 Pipeline Register Optimization | Checksum: 1f31fc1e7

Time (s): cpu = 00:02:22 ; elapsed = 00:00:46 . Memory (MB): peak = 4603.738 ; gain = 0.000 ; free physical = 1922 ; free virtual = 14625
Phase 3 Detail Placement | Checksum: 1f31fc1e7

Time (s): cpu = 00:02:22 ; elapsed = 00:00:46 . Memory (MB): peak = 4603.738 ; gain = 0.000 ; free physical = 1921 ; free virtual = 14625

Phase 4 Post Placement Optimization and Clean-Up

Phase 4.1 Post Commit Optimization
INFO: [Timing 38-35] Done setting XDC timing constraints.

Phase 4.1.1 Post Placement Optimization
Post Placement Optimization Initialization | Checksum: 198a5076e

Phase 4.1.1.1 BUFG Insertion

Starting Physical Synthesis Task

Phase 1 Physical Synthesis Initialization
INFO: [Physopt 32-721] Multithreading enabled for phys_opt_design using a maximum of 8 CPUs
INFO: [Physopt 32-619] Estimated Timing Summary | WNS=4.607 | TNS=0.000 |
Phase 1 Physical Synthesis Initialization | Checksum: 115033889

Time (s): cpu = 00:00:00.63 ; elapsed = 00:00:00.16 . Memory (MB): peak = 4603.738 ; gain = 0.000 ; free physical = 1924 ; free virtual = 14627
INFO: [Place 46-35] Processed net u96v2_sbc_base_i/rst_ps8_0_100M/U0/peripheral_aresetn[0], inserted BUFG to drive 2878 loads.
INFO: [Place 46-45] Replicated bufg driver u96v2_sbc_base_i/rst_ps8_0_100M/U0/ACTIVE_LOW_PR_OUT_DFF[0].FDRE_PER_N_replica
INFO: [Place 46-56] BUFG insertion identified 1 candidate nets. Inserted BUFG: 1, Replicated BUFG Driver: 1, Skipped due to Placement/Routing Conflicts: 0, Skipped due to Timing Degradation: 0, Skipped due to Illegal Netlist: 0.
Ending Physical Synthesis Task | Checksum: 14bc403fa

Time (s): cpu = 00:00:02 ; elapsed = 00:00:00.90 . Memory (MB): peak = 4603.738 ; gain = 0.000 ; free physical = 1920 ; free virtual = 14623
Phase 4.1.1.1 BUFG Insertion | Checksum: 1327b6b07

Time (s): cpu = 00:02:31 ; elapsed = 00:00:50 . Memory (MB): peak = 4603.738 ; gain = 0.000 ; free physical = 1923 ; free virtual = 14626
INFO: [Place 30-746] Post Placement Timing Summary WNS=4.607. For the most accurate timing information please run report_timing.

Time (s): cpu = 00:02:31 ; elapsed = 00:00:50 . Memory (MB): peak = 4603.738 ; gain = 0.000 ; free physical = 1923 ; free virtual = 14626
Phase 4.1 Post Commit Optimization | Checksum: 1676e6f75

Time (s): cpu = 00:02:31 ; elapsed = 00:00:50 . Memory (MB): peak = 4603.738 ; gain = 0.000 ; free physical = 1922 ; free virtual = 14625
Netlist sorting complete. Time (s): cpu = 00:00:00.16 ; elapsed = 00:00:00.17 . Memory (MB): peak = 4603.738 ; gain = 0.000 ; free physical = 1910 ; free virtual = 14613

Phase 4.2 Post Placement Cleanup
Phase 4.2 Post Placement Cleanup | Checksum: 227ca4537

Time (s): cpu = 00:02:32 ; elapsed = 00:00:51 . Memory (MB): peak = 4603.738 ; gain = 0.000 ; free physical = 1915 ; free virtual = 14619

Phase 4.3 Placer Reporting

Phase 4.3.1 Print Estimated Congestion
INFO: [Place 30-612] Post-Placement Estimated Congestion 
 ________________________________________________________________________
|           | Global Congestion | Long Congestion   | Short Congestion  |
| Direction | Region Size       | Region Size       | Region Size       |
|___________|___________________|___________________|___________________|
|      North|                1x1|                1x1|                2x2|
|___________|___________________|___________________|___________________|
|      South|                1x1|                1x1|                2x2|
|___________|___________________|___________________|___________________|
|       East|                2x2|                1x1|                4x4|
|___________|___________________|___________________|___________________|
|       West|                1x1|                1x1|                2x2|
|___________|___________________|___________________|___________________|

Phase 4.3.1 Print Estimated Congestion | Checksum: 227ca4537

Time (s): cpu = 00:02:32 ; elapsed = 00:00:51 . Memory (MB): peak = 4603.738 ; gain = 0.000 ; free physical = 1916 ; free virtual = 14619
Phase 4.3 Placer Reporting | Checksum: 227ca4537

Time (s): cpu = 00:02:32 ; elapsed = 00:00:51 . Memory (MB): peak = 4603.738 ; gain = 0.000 ; free physical = 1916 ; free virtual = 14619

Phase 4.4 Final Placement Cleanup
Netlist sorting complete. Time (s): cpu = 00:00:00 ; elapsed = 00:00:00 . Memory (MB): peak = 4603.738 ; gain = 0.000 ; free physical = 1916 ; free virtual = 14619

Time (s): cpu = 00:02:32 ; elapsed = 00:00:51 . Memory (MB): peak = 4603.738 ; gain = 0.000 ; free physical = 1916 ; free virtual = 14619
Phase 4 Post Placement Optimization and Clean-Up | Checksum: 1f412d64e

Time (s): cpu = 00:02:32 ; elapsed = 00:00:52 . Memory (MB): peak = 4603.738 ; gain = 0.000 ; free physical = 1916 ; free virtual = 14619
Ending Placer Task | Checksum: 1889f26be

Time (s): cpu = 00:02:32 ; elapsed = 00:00:52 . Memory (MB): peak = 4603.738 ; gain = 0.000 ; free physical = 1916 ; free virtual = 14619
INFO: [Common 17-83] Releasing license: Implementation
125 Infos, 3 Warnings, 0 Critical Warnings and 0 Errors encountered.
place_design completed successfully
place_design: Time (s): cpu = 00:02:35 ; elapsed = 00:00:53 . Memory (MB): peak = 4603.738 ; gain = 0.000 ; free physical = 1969 ; free virtual = 14672
INFO: [Timing 38-480] Writing timing data to binary archive.
Writing placer database...
Writing XDEF routing.
Writing XDEF routing logical nets.
Writing XDEF routing special nets.
Write XDEF Complete: Time (s): cpu = 00:00:02 ; elapsed = 00:00:00.72 . Memory (MB): peak = 4603.738 ; gain = 0.000 ; free physical = 1909 ; free virtual = 14650
INFO: [Common 17-1381] The checkpoint '/home/esme/Desktop/VivadoProjects/U20U96/U20U96.runs/impl_1/u96v2_sbc_base_wrapper_placed.dcp' has been generated.
INFO: [runtcl-4] Executing : report_io -file u96v2_sbc_base_wrapper_io_placed.rpt
report_io: Time (s): cpu = 00:00:00.08 ; elapsed = 00:00:00.15 . Memory (MB): peak = 4603.738 ; gain = 0.000 ; free physical = 1960 ; free virtual = 14676
INFO: [runtcl-4] Executing : report_utilization -file u96v2_sbc_base_wrapper_utilization_placed.rpt -pb u96v2_sbc_base_wrapper_utilization_placed.pb
INFO: [runtcl-4] Executing : report_control_sets -verbose -file u96v2_sbc_base_wrapper_control_sets_placed.rpt
report_control_sets: Time (s): cpu = 00:00:00.10 ; elapsed = 00:00:00.16 . Memory (MB): peak = 4603.738 ; gain = 0.000 ; free physical = 1969 ; free virtual = 14686
Command: phys_opt_design -directive Explore
Attempting to get a license for feature 'Implementation' and/or device 'xczu3eg'
INFO: [Common 17-349] Got license for feature 'Implementation' and/or device 'xczu3eg'
INFO: [Vivado_Tcl 4-137] Directive used for phys_opt_design is: Explore
INFO: [Vivado_Tcl 4-383] Design worst setup slack (WNS) is greater than or equal to 0.000 ns. Skipping all physical synthesis optimizations.
INFO: [Vivado_Tcl 4-232] No setup violation found. The netlist was not modified.
INFO: [Common 17-83] Releasing license: Implementation
135 Infos, 3 Warnings, 0 Critical Warnings and 0 Errors encountered.
phys_opt_design completed successfully
INFO: [Timing 38-480] Writing timing data to binary archive.
Writing placer database...
Writing XDEF routing.
Writing XDEF routing logical nets.
Writing XDEF routing special nets.
Write XDEF Complete: Time (s): cpu = 00:00:02 ; elapsed = 00:00:00.72 . Memory (MB): peak = 4603.738 ; gain = 0.000 ; free physical = 1877 ; free virtual = 14632
INFO: [Common 17-1381] The checkpoint '/home/esme/Desktop/VivadoProjects/U20U96/U20U96.runs/impl_1/u96v2_sbc_base_wrapper_physopt.dcp' has been generated.
Command: route_design -directive Explore
Attempting to get a license for feature 'Implementation' and/or device 'xczu3eg'
INFO: [Common 17-349] Got license for feature 'Implementation' and/or device 'xczu3eg'
Running DRC as a precondition to command route_design
INFO: [DRC 23-27] Running DRC with 8 threads
INFO: [Vivado_Tcl 4-198] DRC finished with 0 Errors
INFO: [Vivado_Tcl 4-199] Please refer to the DRC report (report_drc) for more information.


Starting Routing Task
INFO: [Route 35-270] Using Router directive 'Explore'.
INFO: [Route 35-254] Multithreading enabled for route_design using a maximum of 8 CPUs
Checksum: PlaceDB: 6d55d30c ConstDB: 0 ShapeSum: 5aed7df0 RouteDB: c05bd5c2

Phase 1 Build RT Design
Nodegraph reading from file.  Time (s): cpu = 00:00:00.31 ; elapsed = 00:00:00.31 . Memory (MB): peak = 4603.738 ; gain = 0.000 ; free physical = 1818 ; free virtual = 14559
Phase 1 Build RT Design | Checksum: 6d606f8c

Time (s): cpu = 00:00:14 ; elapsed = 00:00:04 . Memory (MB): peak = 4603.738 ; gain = 0.000 ; free physical = 1813 ; free virtual = 14554
Post Restoration Checksum: NetGraph: 953a50a9 NumContArr: 72f7632e Constraints: 986a3ad8 Timing: 0

Phase 2 Router Initialization

Phase 2.1 Fix Topology Constraints
Phase 2.1 Fix Topology Constraints | Checksum: 1a09beeaf

Time (s): cpu = 00:00:14 ; elapsed = 00:00:04 . Memory (MB): peak = 4603.738 ; gain = 0.000 ; free physical = 1770 ; free virtual = 14511

Phase 2.2 Pre Route Cleanup
Phase 2.2 Pre Route Cleanup | Checksum: 1a09beeaf

Time (s): cpu = 00:00:14 ; elapsed = 00:00:04 . Memory (MB): peak = 4603.738 ; gain = 0.000 ; free physical = 1770 ; free virtual = 14511

Phase 2.3 Global Clock Net Routing
 Number of Nodes with overlaps = 0
Phase 2.3 Global Clock Net Routing | Checksum: 16ac6a81a

Time (s): cpu = 00:00:15 ; elapsed = 00:00:05 . Memory (MB): peak = 4603.738 ; gain = 0.000 ; free physical = 1754 ; free virtual = 14495

Phase 2.4 Update Timing
Phase 2.4 Update Timing | Checksum: 1a432519a

Time (s): cpu = 00:00:20 ; elapsed = 00:00:07 . Memory (MB): peak = 4603.738 ; gain = 0.000 ; free physical = 1746 ; free virtual = 14488
INFO: [Route 35-416] Intermediate Timing Summary | WNS=4.752  | TNS=0.000  | WHS=-0.071 | THS=-31.014|

Phase 2 Router Initialization | Checksum: 1a5814b23

Time (s): cpu = 00:00:26 ; elapsed = 00:00:09 . Memory (MB): peak = 4603.738 ; gain = 0.000 ; free physical = 1734 ; free virtual = 14475

Router Utilization Summary
  Global Vertical Routing Utilization    = 0 %
  Global Horizontal Routing Utilization  = 0 %
  Routable Net Status*
  *Does not include unroutable nets such as driverless and loadless.
  Run report_route_status for detailed report.
  Number of Failed Nets               = 23875
    (Failed Nets is the sum of unrouted and partially routed nets)
  Number of Unrouted Nets             = 17464
  Number of Partially Routed Nets     = 6411
  Number of Node Overlaps             = 0


Phase 3 Initial Routing

Phase 3.1 Global Routing
Phase 3.1 Global Routing | Checksum: 1a5814b23

Time (s): cpu = 00:00:27 ; elapsed = 00:00:10 . Memory (MB): peak = 4603.738 ; gain = 0.000 ; free physical = 1736 ; free virtual = 14478
Phase 3 Initial Routing | Checksum: 1a4127bb6

Time (s): cpu = 00:00:32 ; elapsed = 00:00:11 . Memory (MB): peak = 4603.738 ; gain = 0.000 ; free physical = 1725 ; free virtual = 14467

Phase 4 Rip-up And Reroute

Phase 4.1 Global Iteration 0
 Number of Nodes with overlaps = 4937
 Number of Nodes with overlaps = 401
 Number of Nodes with overlaps = 12
 Number of Nodes with overlaps = 2
 Number of Nodes with overlaps = 0
INFO: [Route 35-416] Intermediate Timing Summary | WNS=3.964  | TNS=0.000  | WHS=-0.034 | THS=-0.322 |

Phase 4.1 Global Iteration 0 | Checksum: 1af8ea2e3

Time (s): cpu = 00:01:02 ; elapsed = 00:00:22 . Memory (MB): peak = 4603.738 ; gain = 0.000 ; free physical = 1714 ; free virtual = 14456

Phase 4.2 Additional Iteration for Hold
Phase 4.2 Additional Iteration for Hold | Checksum: 1e8ec736e

Time (s): cpu = 00:01:02 ; elapsed = 00:00:22 . Memory (MB): peak = 4603.738 ; gain = 0.000 ; free physical = 1714 ; free virtual = 14456
Phase 4 Rip-up And Reroute | Checksum: 1e8ec736e

Time (s): cpu = 00:01:02 ; elapsed = 00:00:22 . Memory (MB): peak = 4603.738 ; gain = 0.000 ; free physical = 1714 ; free virtual = 14456

Phase 5 Delay and Skew Optimization

Phase 5.1 Delay CleanUp

Phase 5.1.1 Update Timing
Phase 5.1.1 Update Timing | Checksum: 239d3b6dd

Time (s): cpu = 00:01:06 ; elapsed = 00:00:24 . Memory (MB): peak = 4603.738 ; gain = 0.000 ; free physical = 1708 ; free virtual = 14450
INFO: [Route 35-416] Intermediate Timing Summary | WNS=3.964  | TNS=0.000  | WHS=0.010  | THS=0.000  |

Phase 5.1 Delay CleanUp | Checksum: 239d3b6dd

Time (s): cpu = 00:01:06 ; elapsed = 00:00:24 . Memory (MB): peak = 4603.738 ; gain = 0.000 ; free physical = 1708 ; free virtual = 14450

Phase 5.2 Clock Skew Optimization
Phase 5.2 Clock Skew Optimization | Checksum: 239d3b6dd

Time (s): cpu = 00:01:06 ; elapsed = 00:00:24 . Memory (MB): peak = 4603.738 ; gain = 0.000 ; free physical = 1708 ; free virtual = 14450
Phase 5 Delay and Skew Optimization | Checksum: 239d3b6dd

Time (s): cpu = 00:01:06 ; elapsed = 00:00:24 . Memory (MB): peak = 4603.738 ; gain = 0.000 ; free physical = 1708 ; free virtual = 14450

Phase 6 Post Hold Fix

Phase 6.1 Hold Fix Iter

Phase 6.1.1 Update Timing
Phase 6.1.1 Update Timing | Checksum: 1cec06058

Time (s): cpu = 00:01:09 ; elapsed = 00:00:25 . Memory (MB): peak = 4603.738 ; gain = 0.000 ; free physical = 1708 ; free virtual = 14450
INFO: [Route 35-416] Intermediate Timing Summary | WNS=3.964  | TNS=0.000  | WHS=0.010  | THS=0.000  |

Phase 6.1 Hold Fix Iter | Checksum: 1b8f460e7

Time (s): cpu = 00:01:09 ; elapsed = 00:00:25 . Memory (MB): peak = 4603.738 ; gain = 0.000 ; free physical = 1706 ; free virtual = 14448
Phase 6 Post Hold Fix | Checksum: 1b8f460e7

Time (s): cpu = 00:01:09 ; elapsed = 00:00:25 . Memory (MB): peak = 4603.738 ; gain = 0.000 ; free physical = 1706 ; free virtual = 14448

Phase 7 Route finalize

Router Utilization Summary
  Global Vertical Routing Utilization    = 3.66024 %
  Global Horizontal Routing Utilization  = 4.46546 %
  Routable Net Status*
  *Does not include unroutable nets such as driverless and loadless.
  Run report_route_status for detailed report.
  Number of Failed Nets               = 0
    (Failed Nets is the sum of unrouted and partially routed nets)
  Number of Unrouted Nets             = 0
  Number of Partially Routed Nets     = 0
  Number of Node Overlaps             = 0

Phase 7 Route finalize | Checksum: 18bf0af93

Time (s): cpu = 00:01:10 ; elapsed = 00:00:25 . Memory (MB): peak = 4603.738 ; gain = 0.000 ; free physical = 1705 ; free virtual = 14447

Phase 8 Verifying routed nets

 Verification completed successfully
Phase 8 Verifying routed nets | Checksum: 18bf0af93

Time (s): cpu = 00:01:10 ; elapsed = 00:00:25 . Memory (MB): peak = 4603.738 ; gain = 0.000 ; free physical = 1704 ; free virtual = 14446

Phase 9 Depositing Routes
Phase 9 Depositing Routes | Checksum: 18bf0af93

Time (s): cpu = 00:01:11 ; elapsed = 00:00:26 . Memory (MB): peak = 4603.738 ; gain = 0.000 ; free physical = 1706 ; free virtual = 14448

Phase 10 Route finalize
Phase 10 Route finalize | Checksum: 18bf0af93

Time (s): cpu = 00:01:11 ; elapsed = 00:00:27 . Memory (MB): peak = 4603.738 ; gain = 0.000 ; free physical = 1708 ; free virtual = 14450

Phase 11 Post Router Timing
INFO: [Route 35-20] Post Routing Timing Summary | WNS=3.978  | TNS=0.000  | WHS=0.010  | THS=0.000  |

Phase 11 Post Router Timing | Checksum: 1f4efc657

Time (s): cpu = 00:01:18 ; elapsed = 00:00:28 . Memory (MB): peak = 4603.738 ; gain = 0.000 ; free physical = 1696 ; free virtual = 14438
INFO: [Route 35-61] The design met the timing requirement.
INFO: [Route 72-16] Aggressive Explore Summary
+------+-------+-------+-------+-------+--------+--------------+-------------------+
| Pass |  WNS  |  TNS  |  WHS  |  THS  | Status | Elapsed Time | Solution Selected |
+------+-------+-------+-------+-------+--------+--------------+-------------------+
|  1   | 3.964 | 0.000 | 0.010 | 0.000 |  Pass  |   00:00:22   |         x         |
+------+-------+-------+-------+-------+--------+--------------+-------------------+
|  2   |   -   |   -   |   -   |   -   |  Fail  |   00:00:00   |                   |
+------+-------+-------+-------+-------+--------+--------------+-------------------+

INFO: [Route 35-16] Router Completed Successfully

Time (s): cpu = 00:01:18 ; elapsed = 00:00:28 . Memory (MB): peak = 4603.738 ; gain = 0.000 ; free physical = 1846 ; free virtual = 14588

Routing Is Done.
INFO: [Common 17-83] Releasing license: Implementation
152 Infos, 3 Warnings, 0 Critical Warnings and 0 Errors encountered.
route_design completed successfully
route_design: Time (s): cpu = 00:01:23 ; elapsed = 00:00:30 . Memory (MB): peak = 4603.738 ; gain = 0.000 ; free physical = 1846 ; free virtual = 14588
INFO: [Timing 38-480] Writing timing data to binary archive.
Writing placer database...
Writing XDEF routing.
Writing XDEF routing logical nets.
Writing XDEF routing special nets.
Write XDEF Complete: Time (s): cpu = 00:00:03 ; elapsed = 00:00:00.82 . Memory (MB): peak = 4603.738 ; gain = 0.000 ; free physical = 1774 ; free virtual = 14563
INFO: [Common 17-1381] The checkpoint '/home/esme/Desktop/VivadoProjects/U20U96/U20U96.runs/impl_1/u96v2_sbc_base_wrapper_routed.dcp' has been generated.
INFO: [runtcl-4] Executing : report_drc -file u96v2_sbc_base_wrapper_drc_routed.rpt -pb u96v2_sbc_base_wrapper_drc_routed.pb -rpx u96v2_sbc_base_wrapper_drc_routed.rpx
Command: report_drc -file u96v2_sbc_base_wrapper_drc_routed.rpt -pb u96v2_sbc_base_wrapper_drc_routed.pb -rpx u96v2_sbc_base_wrapper_drc_routed.rpx
INFO: [IP_Flow 19-1839] IP Catalog is up to date.
INFO: [DRC 23-27] Running DRC with 8 threads
INFO: [Coretcl 2-168] The results of DRC are in file /home/esme/Desktop/VivadoProjects/U20U96/U20U96.runs/impl_1/u96v2_sbc_base_wrapper_drc_routed.rpt.
report_drc completed successfully
INFO: [runtcl-4] Executing : report_methodology -file u96v2_sbc_base_wrapper_methodology_drc_routed.rpt -pb u96v2_sbc_base_wrapper_methodology_drc_routed.pb -rpx u96v2_sbc_base_wrapper_methodology_drc_routed.rpx
Command: report_methodology -file u96v2_sbc_base_wrapper_methodology_drc_routed.rpt -pb u96v2_sbc_base_wrapper_methodology_drc_routed.pb -rpx u96v2_sbc_base_wrapper_methodology_drc_routed.rpx
INFO: [Timing 38-35] Done setting XDC timing constraints.
INFO: [DRC 23-133] Running Methodology with 8 threads
INFO: [Coretcl 2-1520] The results of Report Methodology are in file /home/esme/Desktop/VivadoProjects/U20U96/U20U96.runs/impl_1/u96v2_sbc_base_wrapper_methodology_drc_routed.rpt.
report_methodology completed successfully
INFO: [runtcl-4] Executing : report_power -file u96v2_sbc_base_wrapper_power_routed.rpt -pb u96v2_sbc_base_wrapper_power_summary_routed.pb -rpx u96v2_sbc_base_wrapper_power_routed.rpx
Command: report_power -file u96v2_sbc_base_wrapper_power_routed.rpt -pb u96v2_sbc_base_wrapper_power_summary_routed.pb -rpx u96v2_sbc_base_wrapper_power_routed.rpx
INFO: [Timing 38-35] Done setting XDC timing constraints.
Running Vector-less Activity Propagation...

Finished Running Vector-less Activity Propagation
164 Infos, 3 Warnings, 0 Critical Warnings and 0 Errors encountered.
report_power completed successfully
report_power: Time (s): cpu = 00:00:12 ; elapsed = 00:00:07 . Memory (MB): peak = 4611.770 ; gain = 0.000 ; free physical = 1730 ; free virtual = 14501
INFO: [runtcl-4] Executing : report_route_status -file u96v2_sbc_base_wrapper_route_status.rpt -pb u96v2_sbc_base_wrapper_route_status.pb
INFO: [runtcl-4] Executing : report_timing_summary -max_paths 10 -file u96v2_sbc_base_wrapper_timing_summary_routed.rpt -pb u96v2_sbc_base_wrapper_timing_summary_routed.pb -rpx u96v2_sbc_base_wrapper_timing_summary_routed.rpx -warn_on_violation 
INFO: [Timing 38-91] UpdateTimingParams: Speed grade: -1, Temperature grade: I, Delay Type: min_max.
INFO: [Timing 38-191] Multithreading enabled for timing update using a maximum of 8 CPUs
INFO: [runtcl-4] Executing : report_incremental_reuse -file u96v2_sbc_base_wrapper_incremental_reuse_routed.rpt
INFO: [Vivado_Tcl 4-1062] Incremental flow is disabled. No incremental reuse Info to report.
INFO: [runtcl-4] Executing : report_clock_utilization -file u96v2_sbc_base_wrapper_clock_utilization_routed.rpt
INFO: [runtcl-4] Executing : report_bus_skew -warn_on_violation -file u96v2_sbc_base_wrapper_bus_skew_routed.rpt -pb u96v2_sbc_base_wrapper_bus_skew_routed.pb -rpx u96v2_sbc_base_wrapper_bus_skew_routed.rpx
INFO: [Timing 38-91] UpdateTimingParams: Speed grade: -1, Temperature grade: I, Delay Type: min_max.
INFO: [Timing 38-191] Multithreading enabled for timing update using a maximum of 8 CPUs
Command: write_bitstream -force u96v2_sbc_base_wrapper.bit
Attempting to get a license for feature 'Implementation' and/or device 'xczu3eg'
INFO: [Common 17-349] Got license for feature 'Implementation' and/or device 'xczu3eg'
Running DRC as a precondition to command write_bitstream
INFO: [IP_Flow 19-1839] IP Catalog is up to date.
INFO: [DRC 23-27] Running DRC with 8 threads
WARNING: [DRC RTSTAT-10] No routable loads: 448 net(s) have no routable loads. The problem bus(es) and/or net(s) are u96v2_sbc_base_i/ps8_0_axi_periph/m05_couplers/auto_ds/inst/gen_downsizer.gen_simple_downsizer.axi_downsizer_inst/USE_READ.read_addr_inst/cmd_queue/inst/fifo_gen_inst/inst_fifo_gen/gconvfifo.rf/grf.rf/gntv_or_sync_fifo.gl0.rd/gr1.gr1_int.rfwft/aempty_fwft_i, u96v2_sbc_base_i/ps8_0_axi_periph/m02_couplers/auto_ds/inst/gen_downsizer.gen_simple_downsizer.axi_downsizer_inst/USE_READ.read_addr_inst/cmd_queue/inst/fifo_gen_inst/inst_fifo_gen/gconvfifo.rf/grf.rf/gntv_or_sync_fifo.gl0.rd/gr1.gr1_int.rfwft/aempty_fwft_i, u96v2_sbc_base_i/ps8_0_axi_periph/m07_couplers/auto_ds/inst/gen_downsizer.gen_simple_downsizer.axi_downsizer_inst/USE_WRITE.write_addr_inst/USE_B_CHANNEL.cmd_b_queue/inst/fifo_gen_inst/inst_fifo_gen/gconvfifo.rf/grf.rf/gntv_or_sync_fifo.gl0.rd/gr1.gr1_int.rfwft/aempty_fwft_i, u96v2_sbc_base_i/ps8_0_axi_periph/m03_couplers/auto_ds/inst/gen_downsizer.gen_simple_downsizer.axi_downsizer_inst/USE_READ.read_addr_inst/cmd_queue/inst/fifo_gen_inst/inst_fifo_gen/gconvfifo.rf/grf.rf/gntv_or_sync_fifo.gl0.rd/gr1.gr1_int.rfwft/aempty_fwft_i, u96v2_sbc_base_i/ps8_0_axi_periph/m02_couplers/auto_ds/inst/gen_downsizer.gen_simple_downsizer.axi_downsizer_inst/USE_WRITE.write_addr_inst/cmd_queue/inst/fifo_gen_inst/inst_fifo_gen/gconvfifo.rf/grf.rf/gntv_or_sync_fifo.gl0.rd/gr1.gr1_int.rfwft/aempty_fwft_i, u96v2_sbc_base_i/ps8_0_axi_periph/m05_couplers/auto_ds/inst/gen_downsizer.gen_simple_downsizer.axi_downsizer_inst/USE_WRITE.write_addr_inst/cmd_queue/inst/fifo_gen_inst/inst_fifo_gen/gconvfifo.rf/grf.rf/gntv_or_sync_fifo.gl0.rd/gr1.gr1_int.rfwft/aempty_fwft_i, u96v2_sbc_base_i/ps8_0_axi_periph/m03_couplers/auto_ds/inst/gen_downsizer.gen_simple_downsizer.axi_downsizer_inst/USE_WRITE.write_addr_inst/cmd_queue/inst/fifo_gen_inst/inst_fifo_gen/gconvfifo.rf/grf.rf/gntv_or_sync_fifo.gl0.rd/gr1.gr1_int.rfwft/aempty_fwft_i, u96v2_sbc_base_i/ps8_0_axi_periph/m06_couplers/auto_ds/inst/gen_downsizer.gen_simple_downsizer.axi_downsizer_inst/USE_WRITE.write_addr_inst/USE_B_CHANNEL.cmd_b_queue/inst/fifo_gen_inst/inst_fifo_gen/gconvfifo.rf/grf.rf/gntv_or_sync_fifo.gl0.rd/gr1.gr1_int.rfwft/aempty_fwft_i, u96v2_sbc_base_i/ps8_0_axi_periph/m06_couplers/auto_ds/inst/gen_downsizer.gen_simple_downsizer.axi_downsizer_inst/USE_READ.read_addr_inst/cmd_queue/inst/fifo_gen_inst/inst_fifo_gen/gconvfifo.rf/grf.rf/gntv_or_sync_fifo.gl0.rd/gr1.gr1_int.rfwft/aempty_fwft_i, u96v2_sbc_base_i/ps8_0_axi_periph/m09_couplers/auto_ds/inst/gen_downsizer.gen_simple_downsizer.axi_downsizer_inst/USE_WRITE.write_addr_inst/cmd_queue/inst/fifo_gen_inst/inst_fifo_gen/gconvfifo.rf/grf.rf/gntv_or_sync_fifo.gl0.rd/gr1.gr1_int.rfwft/aempty_fwft_i, u96v2_sbc_base_i/ps8_0_axi_periph/m09_couplers/auto_ds/inst/gen_downsizer.gen_simple_downsizer.axi_downsizer_inst/USE_READ.read_addr_inst/cmd_queue/inst/fifo_gen_inst/inst_fifo_gen/gconvfifo.rf/grf.rf/gntv_or_sync_fifo.gl0.rd/gr1.gr1_int.rfwft/aempty_fwft_i, u96v2_sbc_base_i/ps8_0_axi_periph/m05_couplers/auto_ds/inst/gen_downsizer.gen_simple_downsizer.axi_downsizer_inst/USE_WRITE.write_addr_inst/USE_B_CHANNEL.cmd_b_queue/inst/fifo_gen_inst/inst_fifo_gen/gconvfifo.rf/grf.rf/gntv_or_sync_fifo.gl0.rd/gr1.gr1_int.rfwft/aempty_fwft_i, u96v2_sbc_base_i/ps8_0_axi_periph/m01_couplers/auto_ds/inst/gen_downsizer.gen_simple_downsizer.axi_downsizer_inst/USE_READ.read_addr_inst/cmd_queue/inst/fifo_gen_inst/inst_fifo_gen/gconvfifo.rf/grf.rf/gntv_or_sync_fifo.gl0.rd/gr1.gr1_int.rfwft/aempty_fwft_i, u96v2_sbc_base_i/ps8_0_axi_periph/m04_couplers/auto_ds/inst/gen_downsizer.gen_simple_downsizer.axi_downsizer_inst/USE_WRITE.write_addr_inst/USE_B_CHANNEL.cmd_b_queue/inst/fifo_gen_inst/inst_fifo_gen/gconvfifo.rf/grf.rf/gntv_or_sync_fifo.gl0.rd/gr1.gr1_int.rfwft/aempty_fwft_i, u96v2_sbc_base_i/ps8_0_axi_periph/m01_couplers/auto_ds/inst/gen_downsizer.gen_simple_downsizer.axi_downsizer_inst/USE_WRITE.write_addr_inst/cmd_queue/inst/fifo_gen_inst/inst_fifo_gen/gconvfifo.rf/grf.rf/gntv_or_sync_fifo.gl0.rd/gr1.gr1_int.rfwft/aempty_fwft_i... and (the first 15 of 208 listed).
INFO: [Vivado 12-3199] DRC finished with 0 Errors, 1 Warnings
INFO: [Vivado 12-3200] Please refer to the DRC report (report_drc) for more information.
INFO: [Designutils 20-2272] Running write_bitstream with 8 threads.
Loading data files...
Loading site data...
Loading route data...
Processing options...
Creating bitmap...
Creating bitstream...
Writing bitstream ./u96v2_sbc_base_wrapper.bit...
INFO: [Vivado 12-1842] Bitgen Completed Successfully.
INFO: [Project 1-120] WebTalk data collection is mandatory when using a WebPACK part without a full Vivado license. To see the specific WebTalk data collected for your design, open the usage_statistics_webtalk.html or usage_statistics_webtalk.xml file in the implementation directory.
INFO: [Common 17-186] '/home/esme/Desktop/VivadoProjects/U20U96/U20U96.runs/impl_1/usage_statistics_webtalk.xml' has been successfully sent to Xilinx on Fri Sep 10 16:25:52 2021. For additional details about this file, please refer to the WebTalk help file at /mnt/data0/Vivado2020-2/Vivado/2020.2/doc/webtalk_introduction.html.
INFO: [Common 17-83] Releasing license: Implementation
13 Infos, 1 Warnings, 0 Critical Warnings and 0 Errors encountered.
write_bitstream completed successfully
write_bitstream: Time (s): cpu = 00:00:16 ; elapsed = 00:00:16 . Memory (MB): peak = 4611.770 ; gain = 0.000 ; free physical = 1665 ; free virtual = 14443
INFO: [Common 17-206] Exiting Vivado at Fri Sep 10 16:25:52 2021...
